[2025-10-08T00:02:47.216+0000] {taskinstance.py:1159} INFO - Dependencies all met for dep_context=non-requeueable deps ti=<TaskInstance: ingestion_to_landing.extract_and_load_to_minio manual__2025-10-07T23:56:41.018689+00:00 [queued]>
[2025-10-08T00:02:47.247+0000] {taskinstance.py:1159} INFO - Dependencies all met for dep_context=requeueable deps ti=<TaskInstance: ingestion_to_landing.extract_and_load_to_minio manual__2025-10-07T23:56:41.018689+00:00 [queued]>
[2025-10-08T00:02:47.248+0000] {taskinstance.py:1361} INFO - Starting attempt 2 of 2
[2025-10-08T00:02:47.304+0000] {taskinstance.py:1382} INFO - Executing <Task(DockerOperator): extract_and_load_to_minio> on 2025-10-07 23:56:41.018689+00:00
[2025-10-08T00:02:47.319+0000] {standard_task_runner.py:57} INFO - Started process 225 to run task
[2025-10-08T00:02:47.329+0000] {standard_task_runner.py:84} INFO - Running: ['***', 'tasks', 'run', 'ingestion_to_landing', 'extract_and_load_to_minio', 'manual__2025-10-07T23:56:41.018689+00:00', '--job-id', '28', '--raw', '--subdir', 'DAGS_FOLDER/ingestion_dag.py', '--cfg-path', '/tmp/tmpnz9pp4xr']
[2025-10-08T00:02:47.341+0000] {standard_task_runner.py:85} INFO - Job 28: Subtask extract_and_load_to_minio
[2025-10-08T00:02:47.407+0000] {logging_mixin.py:151} WARNING - /home/***/.local/lib/python3.8/site-packages/***/settings.py:193 DeprecationWarning: The sql_alchemy_conn option in [core] has been moved to the sql_alchemy_conn option in [database] - the old setting has been used, but please update your config.
[2025-10-08T00:02:47.570+0000] {task_command.py:416} INFO - Running <TaskInstance: ingestion_to_landing.extract_and_load_to_minio manual__2025-10-07T23:56:41.018689+00:00 [running]> on host b1b2326890bf
[2025-10-08T00:02:47.823+0000] {taskinstance.py:1662} INFO - Exporting env vars: AIRFLOW_CTX_DAG_OWNER='***' AIRFLOW_CTX_DAG_ID='ingestion_to_landing' AIRFLOW_CTX_TASK_ID='extract_and_load_to_minio' AIRFLOW_CTX_EXECUTION_DATE='2025-10-07T23:56:41.018689+00:00' AIRFLOW_CTX_TRY_NUMBER='2' AIRFLOW_CTX_DAG_RUN_ID='manual__2025-10-07T23:56:41.018689+00:00'
[2025-10-08T00:02:47.941+0000] {docker.py:337} INFO - Starting docker container from image custom-***:2.7.2
[2025-10-08T00:02:51.826+0000] {docker.py:406} INFO - The container is run as root user. For security, consider using a regular user account.
[2025-10-08T00:03:09.932+0000] {docker.py:406} INFO - 
[2025-10-08T00:03:10.041+0000] {docker.py:406} INFO - Traceback (most recent call last):
  File "/opt/***/scripts/extract_data.py", line 6, in <module>
    from minio import Minio
ModuleNotFoundError: No module named 'minio'
[2025-10-08T00:03:19.706+0000] {taskinstance.py:1937} ERROR - Task failed with exception
Traceback (most recent call last):
  File "/home/airflow/.local/lib/python3.8/site-packages/airflow/providers/docker/operators/docker.py", line 479, in execute
    return self._run_image()
  File "/home/airflow/.local/lib/python3.8/site-packages/airflow/providers/docker/operators/docker.py", line 354, in _run_image
    return self._run_image_with_mounts(self.mounts, add_tmp_variable=False)
  File "/home/airflow/.local/lib/python3.8/site-packages/airflow/providers/docker/operators/docker.py", line 414, in _run_image_with_mounts
    raise DockerContainerFailedException(f"Docker container failed: {result!r}", logs=log_lines)
airflow.providers.docker.exceptions.DockerContainerFailedException: Docker container failed: {'Error': None, 'StatusCode': 1}
[2025-10-08T00:03:19.726+0000] {taskinstance.py:1400} INFO - Marking task as FAILED. dag_id=ingestion_to_landing, task_id=extract_and_load_to_minio, execution_date=20251007T235641, start_date=20251008T000247, end_date=20251008T000319
[2025-10-08T00:03:19.766+0000] {standard_task_runner.py:104} ERROR - Failed to execute job 28 for task extract_and_load_to_minio (Docker container failed: {'Error': None, 'StatusCode': 1}; 225)
[2025-10-08T00:03:19.807+0000] {local_task_job_runner.py:228} INFO - Task exited with return code 1
[2025-10-08T00:03:19.853+0000] {taskinstance.py:2778} INFO - 0 downstream tasks scheduled from follow-on schedule check
