[2025-11-10T20:22:55.789+0000] {taskinstance.py:1159} INFO - Dependencies all met for dep_context=non-requeueable deps ti=<TaskInstance: ingestion_to_landing.refine_data_to_curated manual__2025-11-10T20:21:36+00:00 [queued]>
[2025-11-10T20:22:55.810+0000] {taskinstance.py:1159} INFO - Dependencies all met for dep_context=requeueable deps ti=<TaskInstance: ingestion_to_landing.refine_data_to_curated manual__2025-11-10T20:21:36+00:00 [queued]>
[2025-11-10T20:22:55.810+0000] {taskinstance.py:1361} INFO - Starting attempt 1 of 2
[2025-11-10T20:22:55.858+0000] {taskinstance.py:1382} INFO - Executing <Task(DockerOperator): refine_data_to_curated> on 2025-11-10 20:21:36+00:00
[2025-11-10T20:22:55.878+0000] {standard_task_runner.py:57} INFO - Started process 861 to run task
[2025-11-10T20:22:55.892+0000] {standard_task_runner.py:84} INFO - Running: ['***', 'tasks', 'run', 'ingestion_to_landing', 'refine_data_to_curated', 'manual__2025-11-10T20:21:36+00:00', '--job-id', '68', '--raw', '--subdir', 'DAGS_FOLDER/ingestion_dag.py', '--cfg-path', '/tmp/tmpaqzvnoa5']
[2025-11-10T20:22:55.899+0000] {standard_task_runner.py:85} INFO - Job 68: Subtask refine_data_to_curated
[2025-11-10T20:22:55.978+0000] {logging_mixin.py:151} WARNING - /home/***/.local/lib/python3.8/site-packages/***/settings.py:193 DeprecationWarning: The sql_alchemy_conn option in [core] has been moved to the sql_alchemy_conn option in [database] - the old setting has been used, but please update your config.
[2025-11-10T20:22:56.060+0000] {task_command.py:416} INFO - Running <TaskInstance: ingestion_to_landing.refine_data_to_curated manual__2025-11-10T20:21:36+00:00 [running]> on host 8c09c5afa700
[2025-11-10T20:22:56.293+0000] {taskinstance.py:1662} INFO - Exporting env vars: AIRFLOW_CTX_DAG_OWNER='***' AIRFLOW_CTX_DAG_ID='ingestion_to_landing' AIRFLOW_CTX_TASK_ID='refine_data_to_curated' AIRFLOW_CTX_EXECUTION_DATE='2025-11-10T20:21:36+00:00' AIRFLOW_CTX_TRY_NUMBER='1' AIRFLOW_CTX_DAG_RUN_ID='manual__2025-11-10T20:21:36+00:00'
[2025-11-10T20:22:56.372+0000] {docker.py:337} INFO - Starting docker container from image custom-***:2.7.2
[2025-11-10T20:22:58.320+0000] {docker.py:406} INFO - The container is run as root user. For security, consider using a regular user account.
[2025-11-10T20:23:10.019+0000] {docker.py:406} INFO - 
[2025-11-10T20:23:14.884+0000] {docker.py:406} INFO - INFO:__main__:Iniciando conexão com MinIO.
INFO:__main__:Lendo arquivo 'transformed_products.parquet' do bucket 'raw'.
INFO:__main__:Executando modelagem: Seleção e refinamento de colunas.
INFO:__main__:Carregando arquivo modelado 'dim_products.parquet' no bucket 'curated'.
INFO:__main__:Sucesso! Arquivo 'dim_products.parquet' carregado no bucket 'curated'.
[2025-11-10T20:23:19.694+0000] {taskinstance.py:1400} INFO - Marking task as SUCCESS. dag_id=ingestion_to_landing, task_id=refine_data_to_curated, execution_date=20251110T202136, start_date=20251110T202255, end_date=20251110T202319
[2025-11-10T20:23:19.777+0000] {local_task_job_runner.py:228} INFO - Task exited with return code 0
[2025-11-10T20:23:19.812+0000] {taskinstance.py:2778} INFO - 0 downstream tasks scheduled from follow-on schedule check
