[2025-10-08T00:00:27.625+0000] {processor.py:157} INFO - Started process (PID=199) to work on /opt/airflow/dags/ingestion_dag.py
[2025-10-08T00:00:27.627+0000] {processor.py:829} INFO - Processing file /opt/airflow/dags/ingestion_dag.py for tasks to queue
[2025-10-08T00:00:27.629+0000] {logging_mixin.py:151} INFO - [2025-10-08T00:00:27.628+0000] {dagbag.py:536} INFO - Filling up the DagBag from /opt/airflow/dags/ingestion_dag.py
[2025-10-08T00:00:27.659+0000] {processor.py:839} INFO - DAG(s) dict_keys(['ingestion_to_landing']) retrieved from /opt/airflow/dags/ingestion_dag.py
[2025-10-08T00:00:27.731+0000] {logging_mixin.py:151} INFO - [2025-10-08T00:00:27.730+0000] {dag.py:2941} INFO - Sync 1 DAGs
[2025-10-08T00:00:27.790+0000] {logging_mixin.py:151} INFO - [2025-10-08T00:00:27.789+0000] {dag.py:3722} INFO - Setting next_dagrun for ingestion_to_landing to 2025-10-07T21:00:55.732385+00:00, run_after=2025-10-08T21:00:55.732385+00:00
[2025-10-08T00:00:27.870+0000] {processor.py:179} INFO - Processing /opt/airflow/dags/ingestion_dag.py took 0.254 seconds
[2025-10-08T00:00:58.034+0000] {processor.py:157} INFO - Started process (PID=204) to work on /opt/airflow/dags/ingestion_dag.py
[2025-10-08T00:00:58.039+0000] {processor.py:829} INFO - Processing file /opt/airflow/dags/ingestion_dag.py for tasks to queue
[2025-10-08T00:00:58.042+0000] {logging_mixin.py:151} INFO - [2025-10-08T00:00:58.041+0000] {dagbag.py:536} INFO - Filling up the DagBag from /opt/airflow/dags/ingestion_dag.py
[2025-10-08T00:00:58.124+0000] {processor.py:839} INFO - DAG(s) dict_keys(['ingestion_to_landing']) retrieved from /opt/airflow/dags/ingestion_dag.py
[2025-10-08T00:00:58.284+0000] {logging_mixin.py:151} INFO - [2025-10-08T00:00:58.283+0000] {dag.py:2941} INFO - Sync 1 DAGs
[2025-10-08T00:00:58.379+0000] {logging_mixin.py:151} INFO - [2025-10-08T00:00:58.378+0000] {dag.py:3722} INFO - Setting next_dagrun for ingestion_to_landing to 2025-10-07T21:00:55.732385+00:00, run_after=2025-10-08T21:00:55.732385+00:00
[2025-10-08T00:00:58.459+0000] {processor.py:179} INFO - Processing /opt/airflow/dags/ingestion_dag.py took 0.445 seconds
[2025-10-08T00:01:28.728+0000] {processor.py:157} INFO - Started process (PID=209) to work on /opt/airflow/dags/ingestion_dag.py
[2025-10-08T00:01:28.732+0000] {processor.py:829} INFO - Processing file /opt/airflow/dags/ingestion_dag.py for tasks to queue
[2025-10-08T00:01:28.734+0000] {logging_mixin.py:151} INFO - [2025-10-08T00:01:28.733+0000] {dagbag.py:536} INFO - Filling up the DagBag from /opt/airflow/dags/ingestion_dag.py
[2025-10-08T00:01:28.772+0000] {processor.py:839} INFO - DAG(s) dict_keys(['ingestion_to_landing']) retrieved from /opt/airflow/dags/ingestion_dag.py
[2025-10-08T00:01:28.900+0000] {logging_mixin.py:151} INFO - [2025-10-08T00:01:28.900+0000] {dag.py:2941} INFO - Sync 1 DAGs
[2025-10-08T00:01:28.971+0000] {logging_mixin.py:151} INFO - [2025-10-08T00:01:28.970+0000] {dag.py:3722} INFO - Setting next_dagrun for ingestion_to_landing to 2025-10-07T21:00:55.732385+00:00, run_after=2025-10-08T21:00:55.732385+00:00
[2025-10-08T00:01:29.025+0000] {processor.py:179} INFO - Processing /opt/airflow/dags/ingestion_dag.py took 0.308 seconds
[2025-10-08T00:01:59.151+0000] {processor.py:157} INFO - Started process (PID=214) to work on /opt/airflow/dags/ingestion_dag.py
[2025-10-08T00:01:59.154+0000] {processor.py:829} INFO - Processing file /opt/airflow/dags/ingestion_dag.py for tasks to queue
[2025-10-08T00:01:59.157+0000] {logging_mixin.py:151} INFO - [2025-10-08T00:01:59.156+0000] {dagbag.py:536} INFO - Filling up the DagBag from /opt/airflow/dags/ingestion_dag.py
[2025-10-08T00:01:59.216+0000] {processor.py:839} INFO - DAG(s) dict_keys(['ingestion_to_landing']) retrieved from /opt/airflow/dags/ingestion_dag.py
[2025-10-08T00:01:59.336+0000] {logging_mixin.py:151} INFO - [2025-10-08T00:01:59.335+0000] {dag.py:2941} INFO - Sync 1 DAGs
[2025-10-08T00:01:59.431+0000] {logging_mixin.py:151} INFO - [2025-10-08T00:01:59.431+0000] {dag.py:3722} INFO - Setting next_dagrun for ingestion_to_landing to 2025-10-07T21:00:55.732385+00:00, run_after=2025-10-08T21:00:55.732385+00:00
[2025-10-08T00:01:59.477+0000] {processor.py:179} INFO - Processing /opt/airflow/dags/ingestion_dag.py took 0.341 seconds
[2025-10-08T00:02:36.107+0000] {processor.py:157} INFO - Started process (PID=219) to work on /opt/airflow/dags/ingestion_dag.py
[2025-10-08T00:02:36.389+0000] {processor.py:829} INFO - Processing file /opt/airflow/dags/ingestion_dag.py for tasks to queue
[2025-10-08T00:02:36.595+0000] {logging_mixin.py:151} INFO - [2025-10-08T00:02:36.585+0000] {dagbag.py:536} INFO - Filling up the DagBag from /opt/airflow/dags/ingestion_dag.py
[2025-10-08T00:02:38.197+0000] {processor.py:839} INFO - DAG(s) dict_keys(['ingestion_to_landing']) retrieved from /opt/airflow/dags/ingestion_dag.py
[2025-10-08T00:02:38.614+0000] {logging_mixin.py:151} INFO - [2025-10-08T00:02:38.605+0000] {dag.py:2941} INFO - Sync 1 DAGs
[2025-10-08T00:02:38.904+0000] {logging_mixin.py:151} INFO - [2025-10-08T00:02:38.903+0000] {dag.py:3722} INFO - Setting next_dagrun for ingestion_to_landing to 2025-10-07T21:00:55.732385+00:00, run_after=2025-10-08T21:00:55.732385+00:00
[2025-10-08T00:02:39.117+0000] {processor.py:179} INFO - Processing /opt/airflow/dags/ingestion_dag.py took 4.272 seconds
[2025-10-08T00:03:09.941+0000] {processor.py:157} INFO - Started process (PID=226) to work on /opt/airflow/dags/ingestion_dag.py
[2025-10-08T00:03:09.948+0000] {processor.py:829} INFO - Processing file /opt/airflow/dags/ingestion_dag.py for tasks to queue
[2025-10-08T00:03:09.952+0000] {logging_mixin.py:151} INFO - [2025-10-08T00:03:09.950+0000] {dagbag.py:536} INFO - Filling up the DagBag from /opt/airflow/dags/ingestion_dag.py
[2025-10-08T00:03:10.011+0000] {processor.py:839} INFO - DAG(s) dict_keys(['ingestion_to_landing']) retrieved from /opt/airflow/dags/ingestion_dag.py
[2025-10-08T00:03:10.167+0000] {logging_mixin.py:151} INFO - [2025-10-08T00:03:10.166+0000] {dag.py:2941} INFO - Sync 1 DAGs
[2025-10-08T00:03:10.396+0000] {logging_mixin.py:151} INFO - [2025-10-08T00:03:10.396+0000] {dag.py:3722} INFO - Setting next_dagrun for ingestion_to_landing to 2025-10-07T21:00:55.732385+00:00, run_after=2025-10-08T21:00:55.732385+00:00
[2025-10-08T00:03:10.646+0000] {processor.py:179} INFO - Processing /opt/airflow/dags/ingestion_dag.py took 0.724 seconds
[2025-10-08T00:03:41.272+0000] {processor.py:157} INFO - Started process (PID=231) to work on /opt/airflow/dags/ingestion_dag.py
[2025-10-08T00:03:41.276+0000] {processor.py:829} INFO - Processing file /opt/airflow/dags/ingestion_dag.py for tasks to queue
[2025-10-08T00:03:41.279+0000] {logging_mixin.py:151} INFO - [2025-10-08T00:03:41.278+0000] {dagbag.py:536} INFO - Filling up the DagBag from /opt/airflow/dags/ingestion_dag.py
[2025-10-08T00:03:41.318+0000] {processor.py:839} INFO - DAG(s) dict_keys(['ingestion_to_landing']) retrieved from /opt/airflow/dags/ingestion_dag.py
[2025-10-08T00:03:41.418+0000] {logging_mixin.py:151} INFO - [2025-10-08T00:03:41.417+0000] {dag.py:2941} INFO - Sync 1 DAGs
[2025-10-08T00:03:41.506+0000] {logging_mixin.py:151} INFO - [2025-10-08T00:03:41.505+0000] {dag.py:3722} INFO - Setting next_dagrun for ingestion_to_landing to 2025-10-07T21:00:55.732385+00:00, run_after=2025-10-08T21:00:55.732385+00:00
[2025-10-08T00:03:41.598+0000] {processor.py:179} INFO - Processing /opt/airflow/dags/ingestion_dag.py took 0.338 seconds
[2025-10-08T00:04:11.873+0000] {processor.py:157} INFO - Started process (PID=236) to work on /opt/airflow/dags/ingestion_dag.py
[2025-10-08T00:04:11.877+0000] {processor.py:829} INFO - Processing file /opt/airflow/dags/ingestion_dag.py for tasks to queue
[2025-10-08T00:04:11.879+0000] {logging_mixin.py:151} INFO - [2025-10-08T00:04:11.878+0000] {dagbag.py:536} INFO - Filling up the DagBag from /opt/airflow/dags/ingestion_dag.py
[2025-10-08T00:04:11.936+0000] {processor.py:839} INFO - DAG(s) dict_keys(['ingestion_to_landing']) retrieved from /opt/airflow/dags/ingestion_dag.py
[2025-10-08T00:04:12.197+0000] {logging_mixin.py:151} INFO - [2025-10-08T00:04:12.197+0000] {dag.py:2941} INFO - Sync 1 DAGs
[2025-10-08T00:04:12.358+0000] {logging_mixin.py:151} INFO - [2025-10-08T00:04:12.358+0000] {dag.py:3722} INFO - Setting next_dagrun for ingestion_to_landing to 2025-10-07T21:00:55.732385+00:00, run_after=2025-10-08T21:00:55.732385+00:00
[2025-10-08T00:04:12.420+0000] {processor.py:179} INFO - Processing /opt/airflow/dags/ingestion_dag.py took 0.563 seconds
[2025-10-08T00:04:42.820+0000] {processor.py:157} INFO - Started process (PID=241) to work on /opt/airflow/dags/ingestion_dag.py
[2025-10-08T00:04:42.825+0000] {processor.py:829} INFO - Processing file /opt/airflow/dags/ingestion_dag.py for tasks to queue
[2025-10-08T00:04:42.829+0000] {logging_mixin.py:151} INFO - [2025-10-08T00:04:42.828+0000] {dagbag.py:536} INFO - Filling up the DagBag from /opt/airflow/dags/ingestion_dag.py
[2025-10-08T00:04:42.889+0000] {processor.py:839} INFO - DAG(s) dict_keys(['ingestion_to_landing']) retrieved from /opt/airflow/dags/ingestion_dag.py
[2025-10-08T00:04:43.009+0000] {logging_mixin.py:151} INFO - [2025-10-08T00:04:43.008+0000] {dag.py:2941} INFO - Sync 1 DAGs
[2025-10-08T00:04:43.142+0000] {logging_mixin.py:151} INFO - [2025-10-08T00:04:43.141+0000] {dag.py:3722} INFO - Setting next_dagrun for ingestion_to_landing to 2025-10-07T21:00:55.732385+00:00, run_after=2025-10-08T21:00:55.732385+00:00
[2025-10-08T00:04:43.296+0000] {processor.py:179} INFO - Processing /opt/airflow/dags/ingestion_dag.py took 0.491 seconds
[2025-10-08T00:05:13.510+0000] {processor.py:157} INFO - Started process (PID=246) to work on /opt/airflow/dags/ingestion_dag.py
[2025-10-08T00:05:13.526+0000] {processor.py:829} INFO - Processing file /opt/airflow/dags/ingestion_dag.py for tasks to queue
[2025-10-08T00:05:13.534+0000] {logging_mixin.py:151} INFO - [2025-10-08T00:05:13.533+0000] {dagbag.py:536} INFO - Filling up the DagBag from /opt/airflow/dags/ingestion_dag.py
[2025-10-08T00:05:13.667+0000] {processor.py:839} INFO - DAG(s) dict_keys(['ingestion_to_landing']) retrieved from /opt/airflow/dags/ingestion_dag.py
[2025-10-08T00:05:13.779+0000] {logging_mixin.py:151} INFO - [2025-10-08T00:05:13.778+0000] {dag.py:2941} INFO - Sync 1 DAGs
[2025-10-08T00:05:13.898+0000] {logging_mixin.py:151} INFO - [2025-10-08T00:05:13.897+0000] {dag.py:3722} INFO - Setting next_dagrun for ingestion_to_landing to 2025-10-07T21:00:55.732385+00:00, run_after=2025-10-08T21:00:55.732385+00:00
[2025-10-08T00:05:13.961+0000] {processor.py:179} INFO - Processing /opt/airflow/dags/ingestion_dag.py took 0.472 seconds
[2025-10-08T00:05:45.503+0000] {processor.py:157} INFO - Started process (PID=251) to work on /opt/airflow/dags/ingestion_dag.py
[2025-10-08T00:05:45.517+0000] {processor.py:829} INFO - Processing file /opt/airflow/dags/ingestion_dag.py for tasks to queue
[2025-10-08T00:05:45.522+0000] {logging_mixin.py:151} INFO - [2025-10-08T00:05:45.520+0000] {dagbag.py:536} INFO - Filling up the DagBag from /opt/airflow/dags/ingestion_dag.py
[2025-10-08T00:05:45.713+0000] {processor.py:839} INFO - DAG(s) dict_keys(['ingestion_to_landing']) retrieved from /opt/airflow/dags/ingestion_dag.py
[2025-10-08T00:05:46.185+0000] {logging_mixin.py:151} INFO - [2025-10-08T00:05:46.184+0000] {dag.py:2941} INFO - Sync 1 DAGs
[2025-10-08T00:05:46.593+0000] {logging_mixin.py:151} INFO - [2025-10-08T00:05:46.590+0000] {dag.py:3722} INFO - Setting next_dagrun for ingestion_to_landing to 2025-10-07T21:00:55.732385+00:00, run_after=2025-10-08T21:00:55.732385+00:00
[2025-10-08T00:05:46.812+0000] {processor.py:179} INFO - Processing /opt/airflow/dags/ingestion_dag.py took 1.404 seconds
[2025-10-08T00:06:17.612+0000] {processor.py:157} INFO - Started process (PID=256) to work on /opt/airflow/dags/ingestion_dag.py
[2025-10-08T00:06:17.625+0000] {processor.py:829} INFO - Processing file /opt/airflow/dags/ingestion_dag.py for tasks to queue
[2025-10-08T00:06:17.631+0000] {logging_mixin.py:151} INFO - [2025-10-08T00:06:17.629+0000] {dagbag.py:536} INFO - Filling up the DagBag from /opt/airflow/dags/ingestion_dag.py
[2025-10-08T00:06:17.716+0000] {processor.py:839} INFO - DAG(s) dict_keys(['ingestion_to_landing']) retrieved from /opt/airflow/dags/ingestion_dag.py
[2025-10-08T00:06:17.873+0000] {logging_mixin.py:151} INFO - [2025-10-08T00:06:17.872+0000] {dag.py:2941} INFO - Sync 1 DAGs
[2025-10-08T00:06:17.992+0000] {logging_mixin.py:151} INFO - [2025-10-08T00:06:17.990+0000] {dag.py:3722} INFO - Setting next_dagrun for ingestion_to_landing to 2025-10-07T21:00:55.732385+00:00, run_after=2025-10-08T21:00:55.732385+00:00
[2025-10-08T00:06:18.059+0000] {processor.py:179} INFO - Processing /opt/airflow/dags/ingestion_dag.py took 0.489 seconds
[2025-10-08T00:06:48.885+0000] {processor.py:157} INFO - Started process (PID=261) to work on /opt/airflow/dags/ingestion_dag.py
[2025-10-08T00:06:48.896+0000] {processor.py:829} INFO - Processing file /opt/airflow/dags/ingestion_dag.py for tasks to queue
[2025-10-08T00:06:48.900+0000] {logging_mixin.py:151} INFO - [2025-10-08T00:06:48.898+0000] {dagbag.py:536} INFO - Filling up the DagBag from /opt/airflow/dags/ingestion_dag.py
[2025-10-08T00:06:48.953+0000] {processor.py:839} INFO - DAG(s) dict_keys(['ingestion_to_landing']) retrieved from /opt/airflow/dags/ingestion_dag.py
[2025-10-08T00:06:49.057+0000] {logging_mixin.py:151} INFO - [2025-10-08T00:06:49.057+0000] {dag.py:2941} INFO - Sync 1 DAGs
[2025-10-08T00:06:49.134+0000] {logging_mixin.py:151} INFO - [2025-10-08T00:06:49.133+0000] {dag.py:3722} INFO - Setting next_dagrun for ingestion_to_landing to 2025-10-07T21:00:55.732385+00:00, run_after=2025-10-08T21:00:55.732385+00:00
[2025-10-08T00:06:49.192+0000] {processor.py:179} INFO - Processing /opt/airflow/dags/ingestion_dag.py took 0.324 seconds
[2025-10-08T00:07:20.571+0000] {processor.py:157} INFO - Started process (PID=266) to work on /opt/airflow/dags/ingestion_dag.py
[2025-10-08T00:07:20.581+0000] {processor.py:829} INFO - Processing file /opt/airflow/dags/ingestion_dag.py for tasks to queue
[2025-10-08T00:07:20.588+0000] {logging_mixin.py:151} INFO - [2025-10-08T00:07:20.585+0000] {dagbag.py:536} INFO - Filling up the DagBag from /opt/airflow/dags/ingestion_dag.py
[2025-10-08T00:07:20.851+0000] {processor.py:839} INFO - DAG(s) dict_keys(['ingestion_to_landing']) retrieved from /opt/airflow/dags/ingestion_dag.py
[2025-10-08T00:07:21.274+0000] {logging_mixin.py:151} INFO - [2025-10-08T00:07:21.274+0000] {dag.py:2941} INFO - Sync 1 DAGs
[2025-10-08T00:07:22.623+0000] {logging_mixin.py:151} INFO - [2025-10-08T00:07:22.395+0000] {dag.py:3722} INFO - Setting next_dagrun for ingestion_to_landing to 2025-10-07T21:00:55.732385+00:00, run_after=2025-10-08T21:00:55.732385+00:00
[2025-10-08T00:07:24.162+0000] {processor.py:179} INFO - Processing /opt/airflow/dags/ingestion_dag.py took 3.621 seconds
[2025-10-08T00:07:55.069+0000] {processor.py:157} INFO - Started process (PID=271) to work on /opt/airflow/dags/ingestion_dag.py
[2025-10-08T00:07:55.087+0000] {processor.py:829} INFO - Processing file /opt/airflow/dags/ingestion_dag.py for tasks to queue
[2025-10-08T00:07:55.092+0000] {logging_mixin.py:151} INFO - [2025-10-08T00:07:55.091+0000] {dagbag.py:536} INFO - Filling up the DagBag from /opt/airflow/dags/ingestion_dag.py
[2025-10-08T00:07:55.134+0000] {processor.py:839} INFO - DAG(s) dict_keys(['ingestion_to_landing']) retrieved from /opt/airflow/dags/ingestion_dag.py
[2025-10-08T00:07:55.361+0000] {logging_mixin.py:151} INFO - [2025-10-08T00:07:55.360+0000] {dag.py:2941} INFO - Sync 1 DAGs
[2025-10-08T00:07:55.662+0000] {logging_mixin.py:151} INFO - [2025-10-08T00:07:55.662+0000] {dag.py:3722} INFO - Setting next_dagrun for ingestion_to_landing to 2025-10-07T21:00:55.732385+00:00, run_after=2025-10-08T21:00:55.732385+00:00
[2025-10-08T00:07:55.932+0000] {processor.py:179} INFO - Processing /opt/airflow/dags/ingestion_dag.py took 0.891 seconds
[2025-10-08T00:08:26.439+0000] {processor.py:157} INFO - Started process (PID=276) to work on /opt/airflow/dags/ingestion_dag.py
[2025-10-08T00:08:26.441+0000] {processor.py:829} INFO - Processing file /opt/airflow/dags/ingestion_dag.py for tasks to queue
[2025-10-08T00:08:26.445+0000] {logging_mixin.py:151} INFO - [2025-10-08T00:08:26.443+0000] {dagbag.py:536} INFO - Filling up the DagBag from /opt/airflow/dags/ingestion_dag.py
[2025-10-08T00:08:26.502+0000] {processor.py:839} INFO - DAG(s) dict_keys(['ingestion_to_landing']) retrieved from /opt/airflow/dags/ingestion_dag.py
[2025-10-08T00:08:26.587+0000] {logging_mixin.py:151} INFO - [2025-10-08T00:08:26.587+0000] {dag.py:2941} INFO - Sync 1 DAGs
[2025-10-08T00:08:26.657+0000] {logging_mixin.py:151} INFO - [2025-10-08T00:08:26.656+0000] {dag.py:3722} INFO - Setting next_dagrun for ingestion_to_landing to 2025-10-07T21:00:55.732385+00:00, run_after=2025-10-08T21:00:55.732385+00:00
[2025-10-08T00:08:26.793+0000] {processor.py:179} INFO - Processing /opt/airflow/dags/ingestion_dag.py took 0.374 seconds
[2025-10-08T00:08:57.147+0000] {processor.py:157} INFO - Started process (PID=281) to work on /opt/airflow/dags/ingestion_dag.py
[2025-10-08T00:08:57.153+0000] {processor.py:829} INFO - Processing file /opt/airflow/dags/ingestion_dag.py for tasks to queue
[2025-10-08T00:08:57.156+0000] {logging_mixin.py:151} INFO - [2025-10-08T00:08:57.154+0000] {dagbag.py:536} INFO - Filling up the DagBag from /opt/airflow/dags/ingestion_dag.py
[2025-10-08T00:08:57.209+0000] {processor.py:839} INFO - DAG(s) dict_keys(['ingestion_to_landing']) retrieved from /opt/airflow/dags/ingestion_dag.py
[2025-10-08T00:08:57.365+0000] {logging_mixin.py:151} INFO - [2025-10-08T00:08:57.364+0000] {dag.py:2941} INFO - Sync 1 DAGs
[2025-10-08T00:08:57.438+0000] {logging_mixin.py:151} INFO - [2025-10-08T00:08:57.438+0000] {dag.py:3722} INFO - Setting next_dagrun for ingestion_to_landing to 2025-10-07T21:00:55.732385+00:00, run_after=2025-10-08T21:00:55.732385+00:00
[2025-10-08T00:08:57.501+0000] {processor.py:179} INFO - Processing /opt/airflow/dags/ingestion_dag.py took 0.381 seconds
[2025-10-08T00:09:27.678+0000] {processor.py:157} INFO - Started process (PID=286) to work on /opt/airflow/dags/ingestion_dag.py
[2025-10-08T00:09:27.687+0000] {processor.py:829} INFO - Processing file /opt/airflow/dags/ingestion_dag.py for tasks to queue
[2025-10-08T00:09:27.689+0000] {logging_mixin.py:151} INFO - [2025-10-08T00:09:27.688+0000] {dagbag.py:536} INFO - Filling up the DagBag from /opt/airflow/dags/ingestion_dag.py
[2025-10-08T00:09:27.745+0000] {processor.py:839} INFO - DAG(s) dict_keys(['ingestion_to_landing']) retrieved from /opt/airflow/dags/ingestion_dag.py
[2025-10-08T00:09:27.851+0000] {logging_mixin.py:151} INFO - [2025-10-08T00:09:27.851+0000] {dag.py:2941} INFO - Sync 1 DAGs
[2025-10-08T00:09:27.935+0000] {logging_mixin.py:151} INFO - [2025-10-08T00:09:27.934+0000] {dag.py:3722} INFO - Setting next_dagrun for ingestion_to_landing to 2025-10-07T21:00:55.732385+00:00, run_after=2025-10-08T21:00:55.732385+00:00
[2025-10-08T00:09:28.065+0000] {processor.py:179} INFO - Processing /opt/airflow/dags/ingestion_dag.py took 0.406 seconds
[2025-10-08T00:09:59.224+0000] {processor.py:157} INFO - Started process (PID=291) to work on /opt/airflow/dags/ingestion_dag.py
[2025-10-08T00:09:59.234+0000] {processor.py:829} INFO - Processing file /opt/airflow/dags/ingestion_dag.py for tasks to queue
[2025-10-08T00:09:59.237+0000] {logging_mixin.py:151} INFO - [2025-10-08T00:09:59.236+0000] {dagbag.py:536} INFO - Filling up the DagBag from /opt/airflow/dags/ingestion_dag.py
[2025-10-08T00:09:59.294+0000] {processor.py:839} INFO - DAG(s) dict_keys(['ingestion_to_landing']) retrieved from /opt/airflow/dags/ingestion_dag.py
[2025-10-08T00:09:59.459+0000] {logging_mixin.py:151} INFO - [2025-10-08T00:09:59.459+0000] {dag.py:2941} INFO - Sync 1 DAGs
[2025-10-08T00:09:59.652+0000] {logging_mixin.py:151} INFO - [2025-10-08T00:09:59.642+0000] {dag.py:3722} INFO - Setting next_dagrun for ingestion_to_landing to 2025-10-07T21:00:55.732385+00:00, run_after=2025-10-08T21:00:55.732385+00:00
[2025-10-08T00:10:00.074+0000] {processor.py:179} INFO - Processing /opt/airflow/dags/ingestion_dag.py took 0.870 seconds
[2025-10-08T00:10:31.161+0000] {processor.py:157} INFO - Started process (PID=296) to work on /opt/airflow/dags/ingestion_dag.py
[2025-10-08T00:10:31.180+0000] {processor.py:829} INFO - Processing file /opt/airflow/dags/ingestion_dag.py for tasks to queue
[2025-10-08T00:10:31.205+0000] {logging_mixin.py:151} INFO - [2025-10-08T00:10:31.193+0000] {dagbag.py:536} INFO - Filling up the DagBag from /opt/airflow/dags/ingestion_dag.py
[2025-10-08T00:10:31.931+0000] {processor.py:839} INFO - DAG(s) dict_keys(['ingestion_to_landing']) retrieved from /opt/airflow/dags/ingestion_dag.py
[2025-10-08T00:10:35.479+0000] {logging_mixin.py:151} INFO - [2025-10-08T00:10:35.478+0000] {dag.py:2941} INFO - Sync 1 DAGs
[2025-10-08T00:10:36.725+0000] {logging_mixin.py:151} INFO - [2025-10-08T00:10:36.724+0000] {dag.py:3722} INFO - Setting next_dagrun for ingestion_to_landing to 2025-10-07T21:00:55.732385+00:00, run_after=2025-10-08T21:00:55.732385+00:00
[2025-10-08T00:10:36.984+0000] {processor.py:179} INFO - Processing /opt/airflow/dags/ingestion_dag.py took 5.952 seconds
[2025-10-08T00:11:08.251+0000] {processor.py:157} INFO - Started process (PID=301) to work on /opt/airflow/dags/ingestion_dag.py
[2025-10-08T00:11:08.265+0000] {processor.py:829} INFO - Processing file /opt/airflow/dags/ingestion_dag.py for tasks to queue
[2025-10-08T00:11:08.270+0000] {logging_mixin.py:151} INFO - [2025-10-08T00:11:08.268+0000] {dagbag.py:536} INFO - Filling up the DagBag from /opt/airflow/dags/ingestion_dag.py
[2025-10-08T00:11:08.426+0000] {processor.py:839} INFO - DAG(s) dict_keys(['ingestion_to_landing']) retrieved from /opt/airflow/dags/ingestion_dag.py
[2025-10-08T00:11:08.704+0000] {logging_mixin.py:151} INFO - [2025-10-08T00:11:08.700+0000] {dag.py:2941} INFO - Sync 1 DAGs
[2025-10-08T00:11:09.043+0000] {logging_mixin.py:151} INFO - [2025-10-08T00:11:09.034+0000] {dag.py:3722} INFO - Setting next_dagrun for ingestion_to_landing to 2025-10-07T21:00:55.732385+00:00, run_after=2025-10-08T21:00:55.732385+00:00
[2025-10-08T00:11:09.773+0000] {processor.py:179} INFO - Processing /opt/airflow/dags/ingestion_dag.py took 1.597 seconds
[2025-10-08T00:11:40.081+0000] {processor.py:157} INFO - Started process (PID=306) to work on /opt/airflow/dags/ingestion_dag.py
[2025-10-08T00:11:40.085+0000] {processor.py:829} INFO - Processing file /opt/airflow/dags/ingestion_dag.py for tasks to queue
[2025-10-08T00:11:40.087+0000] {logging_mixin.py:151} INFO - [2025-10-08T00:11:40.086+0000] {dagbag.py:536} INFO - Filling up the DagBag from /opt/airflow/dags/ingestion_dag.py
[2025-10-08T00:11:40.231+0000] {processor.py:839} INFO - DAG(s) dict_keys(['ingestion_to_landing']) retrieved from /opt/airflow/dags/ingestion_dag.py
[2025-10-08T00:11:40.514+0000] {logging_mixin.py:151} INFO - [2025-10-08T00:11:40.509+0000] {dag.py:2941} INFO - Sync 1 DAGs
[2025-10-08T00:11:40.608+0000] {logging_mixin.py:151} INFO - [2025-10-08T00:11:40.607+0000] {dag.py:3722} INFO - Setting next_dagrun for ingestion_to_landing to 2025-10-07T21:00:55.732385+00:00, run_after=2025-10-08T21:00:55.732385+00:00
[2025-10-08T00:11:40.696+0000] {processor.py:179} INFO - Processing /opt/airflow/dags/ingestion_dag.py took 0.641 seconds
[2025-10-08T00:12:10.886+0000] {processor.py:157} INFO - Started process (PID=311) to work on /opt/airflow/dags/ingestion_dag.py
[2025-10-08T00:12:10.890+0000] {processor.py:829} INFO - Processing file /opt/airflow/dags/ingestion_dag.py for tasks to queue
[2025-10-08T00:12:10.893+0000] {logging_mixin.py:151} INFO - [2025-10-08T00:12:10.892+0000] {dagbag.py:536} INFO - Filling up the DagBag from /opt/airflow/dags/ingestion_dag.py
[2025-10-08T00:12:10.976+0000] {processor.py:839} INFO - DAG(s) dict_keys(['ingestion_to_landing']) retrieved from /opt/airflow/dags/ingestion_dag.py
[2025-10-08T00:12:11.244+0000] {logging_mixin.py:151} INFO - [2025-10-08T00:12:11.243+0000] {dag.py:2941} INFO - Sync 1 DAGs
[2025-10-08T00:12:11.333+0000] {logging_mixin.py:151} INFO - [2025-10-08T00:12:11.332+0000] {dag.py:3722} INFO - Setting next_dagrun for ingestion_to_landing to 2025-10-07T21:00:55.732385+00:00, run_after=2025-10-08T21:00:55.732385+00:00
[2025-10-08T00:12:11.443+0000] {processor.py:179} INFO - Processing /opt/airflow/dags/ingestion_dag.py took 0.585 seconds
[2025-10-08T00:12:42.186+0000] {processor.py:157} INFO - Started process (PID=316) to work on /opt/airflow/dags/ingestion_dag.py
[2025-10-08T00:12:42.194+0000] {processor.py:829} INFO - Processing file /opt/airflow/dags/ingestion_dag.py for tasks to queue
[2025-10-08T00:12:42.210+0000] {logging_mixin.py:151} INFO - [2025-10-08T00:12:42.203+0000] {dagbag.py:536} INFO - Filling up the DagBag from /opt/airflow/dags/ingestion_dag.py
[2025-10-08T00:12:42.328+0000] {processor.py:839} INFO - DAG(s) dict_keys(['ingestion_to_landing']) retrieved from /opt/airflow/dags/ingestion_dag.py
[2025-10-08T00:12:42.714+0000] {logging_mixin.py:151} INFO - [2025-10-08T00:12:42.713+0000] {dag.py:2941} INFO - Sync 1 DAGs
[2025-10-08T00:12:42.964+0000] {logging_mixin.py:151} INFO - [2025-10-08T00:12:42.963+0000] {dag.py:3722} INFO - Setting next_dagrun for ingestion_to_landing to 2025-10-07T21:00:55.732385+00:00, run_after=2025-10-08T21:00:55.732385+00:00
[2025-10-08T00:12:43.084+0000] {processor.py:179} INFO - Processing /opt/airflow/dags/ingestion_dag.py took 0.951 seconds
[2025-10-08T00:13:14.065+0000] {processor.py:157} INFO - Started process (PID=321) to work on /opt/airflow/dags/ingestion_dag.py
[2025-10-08T00:13:14.070+0000] {processor.py:829} INFO - Processing file /opt/airflow/dags/ingestion_dag.py for tasks to queue
[2025-10-08T00:13:14.075+0000] {logging_mixin.py:151} INFO - [2025-10-08T00:13:14.072+0000] {dagbag.py:536} INFO - Filling up the DagBag from /opt/airflow/dags/ingestion_dag.py
[2025-10-08T00:13:14.261+0000] {processor.py:839} INFO - DAG(s) dict_keys(['ingestion_to_landing']) retrieved from /opt/airflow/dags/ingestion_dag.py
[2025-10-08T00:13:14.704+0000] {logging_mixin.py:151} INFO - [2025-10-08T00:13:14.701+0000] {dag.py:2941} INFO - Sync 1 DAGs
[2025-10-08T00:13:14.975+0000] {logging_mixin.py:151} INFO - [2025-10-08T00:13:14.954+0000] {dag.py:3722} INFO - Setting next_dagrun for ingestion_to_landing to 2025-10-07T21:00:55.732385+00:00, run_after=2025-10-08T21:00:55.732385+00:00
[2025-10-08T00:13:15.286+0000] {processor.py:179} INFO - Processing /opt/airflow/dags/ingestion_dag.py took 1.270 seconds
[2025-10-08T00:13:45.980+0000] {processor.py:157} INFO - Started process (PID=326) to work on /opt/airflow/dags/ingestion_dag.py
[2025-10-08T00:13:45.984+0000] {processor.py:829} INFO - Processing file /opt/airflow/dags/ingestion_dag.py for tasks to queue
[2025-10-08T00:13:45.987+0000] {logging_mixin.py:151} INFO - [2025-10-08T00:13:45.986+0000] {dagbag.py:536} INFO - Filling up the DagBag from /opt/airflow/dags/ingestion_dag.py
[2025-10-08T00:13:46.035+0000] {processor.py:839} INFO - DAG(s) dict_keys(['ingestion_to_landing']) retrieved from /opt/airflow/dags/ingestion_dag.py
[2025-10-08T00:13:46.181+0000] {logging_mixin.py:151} INFO - [2025-10-08T00:13:46.180+0000] {dag.py:2941} INFO - Sync 1 DAGs
[2025-10-08T00:13:46.259+0000] {logging_mixin.py:151} INFO - [2025-10-08T00:13:46.259+0000] {dag.py:3722} INFO - Setting next_dagrun for ingestion_to_landing to 2025-10-07T21:00:55.732385+00:00, run_after=2025-10-08T21:00:55.732385+00:00
[2025-10-08T00:13:46.343+0000] {processor.py:179} INFO - Processing /opt/airflow/dags/ingestion_dag.py took 0.377 seconds
[2025-10-08T00:14:17.418+0000] {processor.py:157} INFO - Started process (PID=331) to work on /opt/airflow/dags/ingestion_dag.py
[2025-10-08T00:14:17.437+0000] {processor.py:829} INFO - Processing file /opt/airflow/dags/ingestion_dag.py for tasks to queue
[2025-10-08T00:14:17.444+0000] {logging_mixin.py:151} INFO - [2025-10-08T00:14:17.440+0000] {dagbag.py:536} INFO - Filling up the DagBag from /opt/airflow/dags/ingestion_dag.py
[2025-10-08T00:14:17.608+0000] {processor.py:839} INFO - DAG(s) dict_keys(['ingestion_to_landing']) retrieved from /opt/airflow/dags/ingestion_dag.py
[2025-10-08T00:14:17.845+0000] {logging_mixin.py:151} INFO - [2025-10-08T00:14:17.844+0000] {dag.py:2941} INFO - Sync 1 DAGs
[2025-10-08T00:14:18.216+0000] {logging_mixin.py:151} INFO - [2025-10-08T00:14:18.205+0000] {dag.py:3722} INFO - Setting next_dagrun for ingestion_to_landing to 2025-10-07T21:00:55.732385+00:00, run_after=2025-10-08T21:00:55.732385+00:00
[2025-10-08T00:14:18.450+0000] {processor.py:179} INFO - Processing /opt/airflow/dags/ingestion_dag.py took 1.085 seconds
[2025-10-08T00:16:44.402+0000] {processor.py:157} INFO - Started process (PID=160) to work on /opt/airflow/dags/ingestion_dag.py
[2025-10-08T00:16:44.419+0000] {processor.py:829} INFO - Processing file /opt/airflow/dags/ingestion_dag.py for tasks to queue
[2025-10-08T00:16:44.428+0000] {logging_mixin.py:151} INFO - [2025-10-08T00:16:44.427+0000] {dagbag.py:536} INFO - Filling up the DagBag from /opt/airflow/dags/ingestion_dag.py
[2025-10-08T00:16:44.521+0000] {processor.py:839} INFO - DAG(s) dict_keys(['ingestion_to_landing']) retrieved from /opt/airflow/dags/ingestion_dag.py
[2025-10-08T00:16:44.882+0000] {logging_mixin.py:151} INFO - [2025-10-08T00:16:44.880+0000] {dag.py:2941} INFO - Sync 1 DAGs
[2025-10-08T00:16:45.132+0000] {logging_mixin.py:151} INFO - [2025-10-08T00:16:45.130+0000] {dag.py:3722} INFO - Setting next_dagrun for ingestion_to_landing to 2025-10-07T21:00:55.732385+00:00, run_after=2025-10-08T21:00:55.732385+00:00
[2025-10-08T00:16:45.214+0000] {processor.py:179} INFO - Processing /opt/airflow/dags/ingestion_dag.py took 0.841 seconds
[2025-10-08T00:17:16.019+0000] {processor.py:157} INFO - Started process (PID=165) to work on /opt/airflow/dags/ingestion_dag.py
[2025-10-08T00:17:16.062+0000] {processor.py:829} INFO - Processing file /opt/airflow/dags/ingestion_dag.py for tasks to queue
[2025-10-08T00:17:16.066+0000] {logging_mixin.py:151} INFO - [2025-10-08T00:17:16.064+0000] {dagbag.py:536} INFO - Filling up the DagBag from /opt/airflow/dags/ingestion_dag.py
[2025-10-08T00:17:16.229+0000] {processor.py:839} INFO - DAG(s) dict_keys(['ingestion_to_landing']) retrieved from /opt/airflow/dags/ingestion_dag.py
[2025-10-08T00:17:16.787+0000] {logging_mixin.py:151} INFO - [2025-10-08T00:17:16.786+0000] {dag.py:2941} INFO - Sync 1 DAGs
[2025-10-08T00:17:17.019+0000] {logging_mixin.py:151} INFO - [2025-10-08T00:17:17.019+0000] {dag.py:3722} INFO - Setting next_dagrun for ingestion_to_landing to 2025-10-07T21:00:55.732385+00:00, run_after=2025-10-08T21:00:55.732385+00:00
[2025-10-08T00:17:17.235+0000] {processor.py:179} INFO - Processing /opt/airflow/dags/ingestion_dag.py took 1.256 seconds
[2025-10-08T00:17:47.669+0000] {processor.py:157} INFO - Started process (PID=170) to work on /opt/airflow/dags/ingestion_dag.py
[2025-10-08T00:17:47.697+0000] {processor.py:829} INFO - Processing file /opt/airflow/dags/ingestion_dag.py for tasks to queue
[2025-10-08T00:17:47.702+0000] {logging_mixin.py:151} INFO - [2025-10-08T00:17:47.700+0000] {dagbag.py:536} INFO - Filling up the DagBag from /opt/airflow/dags/ingestion_dag.py
[2025-10-08T00:17:47.986+0000] {processor.py:839} INFO - DAG(s) dict_keys(['ingestion_to_landing']) retrieved from /opt/airflow/dags/ingestion_dag.py
[2025-10-08T00:17:48.120+0000] {logging_mixin.py:151} INFO - [2025-10-08T00:17:48.119+0000] {dag.py:2941} INFO - Sync 1 DAGs
[2025-10-08T00:17:48.286+0000] {logging_mixin.py:151} INFO - [2025-10-08T00:17:48.285+0000] {dag.py:3722} INFO - Setting next_dagrun for ingestion_to_landing to 2025-10-07T21:00:55.732385+00:00, run_after=2025-10-08T21:00:55.732385+00:00
[2025-10-08T00:17:48.357+0000] {processor.py:179} INFO - Processing /opt/airflow/dags/ingestion_dag.py took 0.700 seconds
[2025-10-08T00:18:19.467+0000] {processor.py:157} INFO - Started process (PID=175) to work on /opt/airflow/dags/ingestion_dag.py
[2025-10-08T00:18:19.484+0000] {processor.py:829} INFO - Processing file /opt/airflow/dags/ingestion_dag.py for tasks to queue
[2025-10-08T00:18:19.588+0000] {logging_mixin.py:151} INFO - [2025-10-08T00:18:19.509+0000] {dagbag.py:536} INFO - Filling up the DagBag from /opt/airflow/dags/ingestion_dag.py
[2025-10-08T00:18:20.866+0000] {processor.py:839} INFO - DAG(s) dict_keys(['ingestion_to_landing']) retrieved from /opt/airflow/dags/ingestion_dag.py
[2025-10-08T00:18:22.434+0000] {logging_mixin.py:151} INFO - [2025-10-08T00:18:22.433+0000] {dag.py:2941} INFO - Sync 1 DAGs
[2025-10-08T00:18:23.116+0000] {logging_mixin.py:151} INFO - [2025-10-08T00:18:23.115+0000] {dag.py:3722} INFO - Setting next_dagrun for ingestion_to_landing to 2025-10-07T21:00:55.732385+00:00, run_after=2025-10-08T21:00:55.732385+00:00
[2025-10-08T00:18:23.566+0000] {processor.py:179} INFO - Processing /opt/airflow/dags/ingestion_dag.py took 4.270 seconds
[2025-10-08T00:18:54.573+0000] {processor.py:157} INFO - Started process (PID=180) to work on /opt/airflow/dags/ingestion_dag.py
[2025-10-08T00:18:54.833+0000] {processor.py:829} INFO - Processing file /opt/airflow/dags/ingestion_dag.py for tasks to queue
[2025-10-08T00:18:54.838+0000] {logging_mixin.py:151} INFO - [2025-10-08T00:18:54.837+0000] {dagbag.py:536} INFO - Filling up the DagBag from /opt/airflow/dags/ingestion_dag.py
[2025-10-08T00:18:54.987+0000] {processor.py:839} INFO - DAG(s) dict_keys(['ingestion_to_landing']) retrieved from /opt/airflow/dags/ingestion_dag.py
[2025-10-08T00:18:55.068+0000] {logging_mixin.py:151} INFO - [2025-10-08T00:18:55.068+0000] {dag.py:2941} INFO - Sync 1 DAGs
[2025-10-08T00:18:55.129+0000] {logging_mixin.py:151} INFO - [2025-10-08T00:18:55.128+0000] {dag.py:3722} INFO - Setting next_dagrun for ingestion_to_landing to 2025-10-07T21:00:55.732385+00:00, run_after=2025-10-08T21:00:55.732385+00:00
[2025-10-08T00:18:55.195+0000] {processor.py:179} INFO - Processing /opt/airflow/dags/ingestion_dag.py took 0.638 seconds
[2025-10-08T00:19:25.934+0000] {processor.py:157} INFO - Started process (PID=187) to work on /opt/airflow/dags/ingestion_dag.py
[2025-10-08T00:19:25.942+0000] {processor.py:829} INFO - Processing file /opt/airflow/dags/ingestion_dag.py for tasks to queue
[2025-10-08T00:19:25.944+0000] {logging_mixin.py:151} INFO - [2025-10-08T00:19:25.944+0000] {dagbag.py:536} INFO - Filling up the DagBag from /opt/airflow/dags/ingestion_dag.py
[2025-10-08T00:19:26.157+0000] {processor.py:839} INFO - DAG(s) dict_keys(['ingestion_to_landing']) retrieved from /opt/airflow/dags/ingestion_dag.py
[2025-10-08T00:19:26.631+0000] {logging_mixin.py:151} INFO - [2025-10-08T00:19:26.630+0000] {dag.py:2941} INFO - Sync 1 DAGs
[2025-10-08T00:19:26.963+0000] {logging_mixin.py:151} INFO - [2025-10-08T00:19:26.959+0000] {dag.py:3722} INFO - Setting next_dagrun for ingestion_to_landing to 2025-10-07T21:00:55.732385+00:00, run_after=2025-10-08T21:00:55.732385+00:00
[2025-10-08T00:19:27.439+0000] {processor.py:179} INFO - Processing /opt/airflow/dags/ingestion_dag.py took 1.552 seconds
[2025-10-08T00:19:57.808+0000] {processor.py:157} INFO - Started process (PID=192) to work on /opt/airflow/dags/ingestion_dag.py
[2025-10-08T00:19:57.817+0000] {processor.py:829} INFO - Processing file /opt/airflow/dags/ingestion_dag.py for tasks to queue
[2025-10-08T00:19:57.821+0000] {logging_mixin.py:151} INFO - [2025-10-08T00:19:57.819+0000] {dagbag.py:536} INFO - Filling up the DagBag from /opt/airflow/dags/ingestion_dag.py
[2025-10-08T00:19:57.898+0000] {processor.py:839} INFO - DAG(s) dict_keys(['ingestion_to_landing']) retrieved from /opt/airflow/dags/ingestion_dag.py
[2025-10-08T00:19:58.017+0000] {logging_mixin.py:151} INFO - [2025-10-08T00:19:58.017+0000] {dag.py:2941} INFO - Sync 1 DAGs
[2025-10-08T00:19:58.121+0000] {logging_mixin.py:151} INFO - [2025-10-08T00:19:58.121+0000] {dag.py:3722} INFO - Setting next_dagrun for ingestion_to_landing to 2025-10-07T21:00:55.732385+00:00, run_after=2025-10-08T21:00:55.732385+00:00
[2025-10-08T00:19:58.194+0000] {processor.py:179} INFO - Processing /opt/airflow/dags/ingestion_dag.py took 0.409 seconds
[2025-10-08T00:20:28.935+0000] {processor.py:157} INFO - Started process (PID=197) to work on /opt/airflow/dags/ingestion_dag.py
[2025-10-08T00:20:28.938+0000] {processor.py:829} INFO - Processing file /opt/airflow/dags/ingestion_dag.py for tasks to queue
[2025-10-08T00:20:28.941+0000] {logging_mixin.py:151} INFO - [2025-10-08T00:20:28.940+0000] {dagbag.py:536} INFO - Filling up the DagBag from /opt/airflow/dags/ingestion_dag.py
[2025-10-08T00:20:28.986+0000] {processor.py:839} INFO - DAG(s) dict_keys(['ingestion_to_landing']) retrieved from /opt/airflow/dags/ingestion_dag.py
[2025-10-08T00:20:29.105+0000] {logging_mixin.py:151} INFO - [2025-10-08T00:20:29.104+0000] {dag.py:2941} INFO - Sync 1 DAGs
[2025-10-08T00:20:29.175+0000] {logging_mixin.py:151} INFO - [2025-10-08T00:20:29.174+0000] {dag.py:3722} INFO - Setting next_dagrun for ingestion_to_landing to 2025-10-07T21:00:55.732385+00:00, run_after=2025-10-08T21:00:55.732385+00:00
[2025-10-08T00:20:29.226+0000] {processor.py:179} INFO - Processing /opt/airflow/dags/ingestion_dag.py took 0.300 seconds
[2025-10-08T00:20:59.477+0000] {processor.py:157} INFO - Started process (PID=202) to work on /opt/airflow/dags/ingestion_dag.py
[2025-10-08T00:20:59.480+0000] {processor.py:829} INFO - Processing file /opt/airflow/dags/ingestion_dag.py for tasks to queue
[2025-10-08T00:20:59.481+0000] {logging_mixin.py:151} INFO - [2025-10-08T00:20:59.481+0000] {dagbag.py:536} INFO - Filling up the DagBag from /opt/airflow/dags/ingestion_dag.py
[2025-10-08T00:20:59.514+0000] {processor.py:839} INFO - DAG(s) dict_keys(['ingestion_to_landing']) retrieved from /opt/airflow/dags/ingestion_dag.py
[2025-10-08T00:20:59.602+0000] {logging_mixin.py:151} INFO - [2025-10-08T00:20:59.601+0000] {dag.py:2941} INFO - Sync 1 DAGs
[2025-10-08T00:20:59.698+0000] {logging_mixin.py:151} INFO - [2025-10-08T00:20:59.697+0000] {dag.py:3722} INFO - Setting next_dagrun for ingestion_to_landing to 2025-10-07T21:00:55.732385+00:00, run_after=2025-10-08T21:00:55.732385+00:00
[2025-10-08T00:20:59.780+0000] {processor.py:179} INFO - Processing /opt/airflow/dags/ingestion_dag.py took 0.312 seconds
[2025-10-08T00:21:30.057+0000] {processor.py:157} INFO - Started process (PID=207) to work on /opt/airflow/dags/ingestion_dag.py
[2025-10-08T00:21:30.062+0000] {processor.py:829} INFO - Processing file /opt/airflow/dags/ingestion_dag.py for tasks to queue
[2025-10-08T00:21:30.066+0000] {logging_mixin.py:151} INFO - [2025-10-08T00:21:30.064+0000] {dagbag.py:536} INFO - Filling up the DagBag from /opt/airflow/dags/ingestion_dag.py
[2025-10-08T00:21:30.110+0000] {processor.py:839} INFO - DAG(s) dict_keys(['ingestion_to_landing']) retrieved from /opt/airflow/dags/ingestion_dag.py
[2025-10-08T00:21:30.183+0000] {logging_mixin.py:151} INFO - [2025-10-08T00:21:30.183+0000] {dag.py:2941} INFO - Sync 1 DAGs
[2025-10-08T00:21:30.242+0000] {logging_mixin.py:151} INFO - [2025-10-08T00:21:30.242+0000] {dag.py:3722} INFO - Setting next_dagrun for ingestion_to_landing to 2025-10-07T21:00:55.732385+00:00, run_after=2025-10-08T21:00:55.732385+00:00
[2025-10-08T00:21:30.297+0000] {processor.py:179} INFO - Processing /opt/airflow/dags/ingestion_dag.py took 0.250 seconds
[2025-10-08T00:22:00.488+0000] {processor.py:157} INFO - Started process (PID=212) to work on /opt/airflow/dags/ingestion_dag.py
[2025-10-08T00:22:00.491+0000] {processor.py:829} INFO - Processing file /opt/airflow/dags/ingestion_dag.py for tasks to queue
[2025-10-08T00:22:00.496+0000] {logging_mixin.py:151} INFO - [2025-10-08T00:22:00.494+0000] {dagbag.py:536} INFO - Filling up the DagBag from /opt/airflow/dags/ingestion_dag.py
[2025-10-08T00:22:00.642+0000] {processor.py:839} INFO - DAG(s) dict_keys(['ingestion_to_landing']) retrieved from /opt/airflow/dags/ingestion_dag.py
[2025-10-08T00:22:00.786+0000] {logging_mixin.py:151} INFO - [2025-10-08T00:22:00.785+0000] {dag.py:2941} INFO - Sync 1 DAGs
[2025-10-08T00:22:00.890+0000] {logging_mixin.py:151} INFO - [2025-10-08T00:22:00.890+0000] {dag.py:3722} INFO - Setting next_dagrun for ingestion_to_landing to 2025-10-07T21:00:55.732385+00:00, run_after=2025-10-08T21:00:55.732385+00:00
[2025-10-08T00:22:00.993+0000] {processor.py:179} INFO - Processing /opt/airflow/dags/ingestion_dag.py took 0.522 seconds
[2025-10-08T00:22:31.371+0000] {processor.py:157} INFO - Started process (PID=217) to work on /opt/airflow/dags/ingestion_dag.py
[2025-10-08T00:22:31.374+0000] {processor.py:829} INFO - Processing file /opt/airflow/dags/ingestion_dag.py for tasks to queue
[2025-10-08T00:22:31.376+0000] {logging_mixin.py:151} INFO - [2025-10-08T00:22:31.375+0000] {dagbag.py:536} INFO - Filling up the DagBag from /opt/airflow/dags/ingestion_dag.py
[2025-10-08T00:22:31.419+0000] {processor.py:839} INFO - DAG(s) dict_keys(['ingestion_to_landing']) retrieved from /opt/airflow/dags/ingestion_dag.py
[2025-10-08T00:22:31.531+0000] {logging_mixin.py:151} INFO - [2025-10-08T00:22:31.531+0000] {dag.py:2941} INFO - Sync 1 DAGs
[2025-10-08T00:22:31.595+0000] {logging_mixin.py:151} INFO - [2025-10-08T00:22:31.594+0000] {dag.py:3722} INFO - Setting next_dagrun for ingestion_to_landing to 2025-10-07T21:00:55.732385+00:00, run_after=2025-10-08T21:00:55.732385+00:00
[2025-10-08T00:22:31.649+0000] {processor.py:179} INFO - Processing /opt/airflow/dags/ingestion_dag.py took 0.288 seconds
[2025-10-08T00:23:01.980+0000] {processor.py:157} INFO - Started process (PID=222) to work on /opt/airflow/dags/ingestion_dag.py
[2025-10-08T00:23:01.983+0000] {processor.py:829} INFO - Processing file /opt/airflow/dags/ingestion_dag.py for tasks to queue
[2025-10-08T00:23:01.986+0000] {logging_mixin.py:151} INFO - [2025-10-08T00:23:01.985+0000] {dagbag.py:536} INFO - Filling up the DagBag from /opt/airflow/dags/ingestion_dag.py
[2025-10-08T00:23:02.018+0000] {processor.py:839} INFO - DAG(s) dict_keys(['ingestion_to_landing']) retrieved from /opt/airflow/dags/ingestion_dag.py
[2025-10-08T00:23:02.092+0000] {logging_mixin.py:151} INFO - [2025-10-08T00:23:02.092+0000] {dag.py:2941} INFO - Sync 1 DAGs
[2025-10-08T00:23:02.149+0000] {logging_mixin.py:151} INFO - [2025-10-08T00:23:02.149+0000] {dag.py:3722} INFO - Setting next_dagrun for ingestion_to_landing to 2025-10-07T21:00:55.732385+00:00, run_after=2025-10-08T21:00:55.732385+00:00
[2025-10-08T00:23:02.204+0000] {processor.py:179} INFO - Processing /opt/airflow/dags/ingestion_dag.py took 0.240 seconds
[2025-10-08T00:23:32.351+0000] {processor.py:157} INFO - Started process (PID=227) to work on /opt/airflow/dags/ingestion_dag.py
[2025-10-08T00:23:32.353+0000] {processor.py:829} INFO - Processing file /opt/airflow/dags/ingestion_dag.py for tasks to queue
[2025-10-08T00:23:32.356+0000] {logging_mixin.py:151} INFO - [2025-10-08T00:23:32.355+0000] {dagbag.py:536} INFO - Filling up the DagBag from /opt/airflow/dags/ingestion_dag.py
[2025-10-08T00:23:32.391+0000] {processor.py:839} INFO - DAG(s) dict_keys(['ingestion_to_landing']) retrieved from /opt/airflow/dags/ingestion_dag.py
[2025-10-08T00:23:32.476+0000] {logging_mixin.py:151} INFO - [2025-10-08T00:23:32.476+0000] {dag.py:2941} INFO - Sync 1 DAGs
[2025-10-08T00:23:32.547+0000] {logging_mixin.py:151} INFO - [2025-10-08T00:23:32.546+0000] {dag.py:3722} INFO - Setting next_dagrun for ingestion_to_landing to 2025-10-07T21:00:55.732385+00:00, run_after=2025-10-08T21:00:55.732385+00:00
[2025-10-08T00:23:32.614+0000] {processor.py:179} INFO - Processing /opt/airflow/dags/ingestion_dag.py took 0.274 seconds
[2025-10-08T00:24:02.951+0000] {processor.py:157} INFO - Started process (PID=232) to work on /opt/airflow/dags/ingestion_dag.py
[2025-10-08T00:24:02.969+0000] {processor.py:829} INFO - Processing file /opt/airflow/dags/ingestion_dag.py for tasks to queue
[2025-10-08T00:24:02.974+0000] {logging_mixin.py:151} INFO - [2025-10-08T00:24:02.972+0000] {dagbag.py:536} INFO - Filling up the DagBag from /opt/airflow/dags/ingestion_dag.py
[2025-10-08T00:24:03.026+0000] {processor.py:839} INFO - DAG(s) dict_keys(['ingestion_to_landing']) retrieved from /opt/airflow/dags/ingestion_dag.py
[2025-10-08T00:24:03.115+0000] {logging_mixin.py:151} INFO - [2025-10-08T00:24:03.114+0000] {dag.py:2941} INFO - Sync 1 DAGs
[2025-10-08T00:24:03.209+0000] {logging_mixin.py:151} INFO - [2025-10-08T00:24:03.209+0000] {dag.py:3722} INFO - Setting next_dagrun for ingestion_to_landing to 2025-10-07T21:00:55.732385+00:00, run_after=2025-10-08T21:00:55.732385+00:00
[2025-10-08T00:24:03.301+0000] {processor.py:179} INFO - Processing /opt/airflow/dags/ingestion_dag.py took 0.363 seconds
[2025-10-08T00:24:33.609+0000] {processor.py:157} INFO - Started process (PID=237) to work on /opt/airflow/dags/ingestion_dag.py
[2025-10-08T00:24:33.611+0000] {processor.py:829} INFO - Processing file /opt/airflow/dags/ingestion_dag.py for tasks to queue
[2025-10-08T00:24:33.612+0000] {logging_mixin.py:151} INFO - [2025-10-08T00:24:33.612+0000] {dagbag.py:536} INFO - Filling up the DagBag from /opt/airflow/dags/ingestion_dag.py
[2025-10-08T00:24:33.642+0000] {processor.py:839} INFO - DAG(s) dict_keys(['ingestion_to_landing']) retrieved from /opt/airflow/dags/ingestion_dag.py
[2025-10-08T00:24:33.718+0000] {logging_mixin.py:151} INFO - [2025-10-08T00:24:33.718+0000] {dag.py:2941} INFO - Sync 1 DAGs
[2025-10-08T00:24:33.779+0000] {logging_mixin.py:151} INFO - [2025-10-08T00:24:33.778+0000] {dag.py:3722} INFO - Setting next_dagrun for ingestion_to_landing to 2025-10-07T21:00:55.732385+00:00, run_after=2025-10-08T21:00:55.732385+00:00
[2025-10-08T00:24:33.835+0000] {processor.py:179} INFO - Processing /opt/airflow/dags/ingestion_dag.py took 0.237 seconds
[2025-10-08T00:25:03.990+0000] {processor.py:157} INFO - Started process (PID=242) to work on /opt/airflow/dags/ingestion_dag.py
[2025-10-08T00:25:04.004+0000] {processor.py:829} INFO - Processing file /opt/airflow/dags/ingestion_dag.py for tasks to queue
[2025-10-08T00:25:04.007+0000] {logging_mixin.py:151} INFO - [2025-10-08T00:25:04.006+0000] {dagbag.py:536} INFO - Filling up the DagBag from /opt/airflow/dags/ingestion_dag.py
[2025-10-08T00:25:04.059+0000] {processor.py:839} INFO - DAG(s) dict_keys(['ingestion_to_landing']) retrieved from /opt/airflow/dags/ingestion_dag.py
[2025-10-08T00:25:04.224+0000] {logging_mixin.py:151} INFO - [2025-10-08T00:25:04.223+0000] {dag.py:2941} INFO - Sync 1 DAGs
[2025-10-08T00:25:04.340+0000] {logging_mixin.py:151} INFO - [2025-10-08T00:25:04.340+0000] {dag.py:3722} INFO - Setting next_dagrun for ingestion_to_landing to 2025-10-07T21:00:55.732385+00:00, run_after=2025-10-08T21:00:55.732385+00:00
[2025-10-08T00:25:05.204+0000] {processor.py:179} INFO - Processing /opt/airflow/dags/ingestion_dag.py took 1.228 seconds
[2025-10-08T00:25:36.302+0000] {processor.py:157} INFO - Started process (PID=247) to work on /opt/airflow/dags/ingestion_dag.py
[2025-10-08T00:25:36.306+0000] {processor.py:829} INFO - Processing file /opt/airflow/dags/ingestion_dag.py for tasks to queue
[2025-10-08T00:25:36.309+0000] {logging_mixin.py:151} INFO - [2025-10-08T00:25:36.308+0000] {dagbag.py:536} INFO - Filling up the DagBag from /opt/airflow/dags/ingestion_dag.py
[2025-10-08T00:25:36.340+0000] {processor.py:839} INFO - DAG(s) dict_keys(['ingestion_to_landing']) retrieved from /opt/airflow/dags/ingestion_dag.py
[2025-10-08T00:25:36.407+0000] {logging_mixin.py:151} INFO - [2025-10-08T00:25:36.407+0000] {dag.py:2941} INFO - Sync 1 DAGs
[2025-10-08T00:25:36.468+0000] {logging_mixin.py:151} INFO - [2025-10-08T00:25:36.468+0000] {dag.py:3722} INFO - Setting next_dagrun for ingestion_to_landing to 2025-10-07T21:00:55.732385+00:00, run_after=2025-10-08T21:00:55.732385+00:00
[2025-10-08T00:25:36.525+0000] {processor.py:179} INFO - Processing /opt/airflow/dags/ingestion_dag.py took 0.233 seconds
[2025-10-08T00:26:07.314+0000] {processor.py:157} INFO - Started process (PID=252) to work on /opt/airflow/dags/ingestion_dag.py
[2025-10-08T00:26:07.331+0000] {processor.py:829} INFO - Processing file /opt/airflow/dags/ingestion_dag.py for tasks to queue
[2025-10-08T00:26:07.351+0000] {logging_mixin.py:151} INFO - [2025-10-08T00:26:07.340+0000] {dagbag.py:536} INFO - Filling up the DagBag from /opt/airflow/dags/ingestion_dag.py
[2025-10-08T00:26:07.483+0000] {processor.py:839} INFO - DAG(s) dict_keys(['ingestion_to_landing']) retrieved from /opt/airflow/dags/ingestion_dag.py
[2025-10-08T00:26:07.577+0000] {logging_mixin.py:151} INFO - [2025-10-08T00:26:07.577+0000] {dag.py:2941} INFO - Sync 1 DAGs
[2025-10-08T00:26:07.638+0000] {logging_mixin.py:151} INFO - [2025-10-08T00:26:07.638+0000] {dag.py:3722} INFO - Setting next_dagrun for ingestion_to_landing to 2025-10-07T21:00:55.732385+00:00, run_after=2025-10-08T21:00:55.732385+00:00
[2025-10-08T00:26:07.694+0000] {processor.py:179} INFO - Processing /opt/airflow/dags/ingestion_dag.py took 0.393 seconds
[2025-10-08T00:26:37.780+0000] {processor.py:157} INFO - Started process (PID=257) to work on /opt/airflow/dags/ingestion_dag.py
[2025-10-08T00:26:37.782+0000] {processor.py:829} INFO - Processing file /opt/airflow/dags/ingestion_dag.py for tasks to queue
[2025-10-08T00:26:37.784+0000] {logging_mixin.py:151} INFO - [2025-10-08T00:26:37.783+0000] {dagbag.py:536} INFO - Filling up the DagBag from /opt/airflow/dags/ingestion_dag.py
[2025-10-08T00:26:37.818+0000] {processor.py:839} INFO - DAG(s) dict_keys(['ingestion_to_landing']) retrieved from /opt/airflow/dags/ingestion_dag.py
[2025-10-08T00:26:37.883+0000] {logging_mixin.py:151} INFO - [2025-10-08T00:26:37.883+0000] {dag.py:2941} INFO - Sync 1 DAGs
[2025-10-08T00:26:37.945+0000] {logging_mixin.py:151} INFO - [2025-10-08T00:26:37.944+0000] {dag.py:3722} INFO - Setting next_dagrun for ingestion_to_landing to 2025-10-07T21:00:55.732385+00:00, run_after=2025-10-08T21:00:55.732385+00:00
[2025-10-08T00:26:37.993+0000] {processor.py:179} INFO - Processing /opt/airflow/dags/ingestion_dag.py took 0.223 seconds
[2025-10-08T00:27:08.879+0000] {processor.py:157} INFO - Started process (PID=262) to work on /opt/airflow/dags/ingestion_dag.py
[2025-10-08T00:27:08.893+0000] {processor.py:829} INFO - Processing file /opt/airflow/dags/ingestion_dag.py for tasks to queue
[2025-10-08T00:27:08.897+0000] {logging_mixin.py:151} INFO - [2025-10-08T00:27:08.895+0000] {dagbag.py:536} INFO - Filling up the DagBag from /opt/airflow/dags/ingestion_dag.py
[2025-10-08T00:27:08.976+0000] {processor.py:839} INFO - DAG(s) dict_keys(['ingestion_to_landing']) retrieved from /opt/airflow/dags/ingestion_dag.py
[2025-10-08T00:27:09.086+0000] {logging_mixin.py:151} INFO - [2025-10-08T00:27:09.086+0000] {dag.py:2941} INFO - Sync 1 DAGs
[2025-10-08T00:27:09.221+0000] {logging_mixin.py:151} INFO - [2025-10-08T00:27:09.219+0000] {dag.py:3722} INFO - Setting next_dagrun for ingestion_to_landing to 2025-10-07T21:00:55.732385+00:00, run_after=2025-10-08T21:00:55.732385+00:00
[2025-10-08T00:27:09.348+0000] {processor.py:179} INFO - Processing /opt/airflow/dags/ingestion_dag.py took 0.490 seconds
[2025-10-08T00:27:40.411+0000] {processor.py:157} INFO - Started process (PID=267) to work on /opt/airflow/dags/ingestion_dag.py
[2025-10-08T00:27:40.413+0000] {processor.py:829} INFO - Processing file /opt/airflow/dags/ingestion_dag.py for tasks to queue
[2025-10-08T00:27:40.415+0000] {logging_mixin.py:151} INFO - [2025-10-08T00:27:40.414+0000] {dagbag.py:536} INFO - Filling up the DagBag from /opt/airflow/dags/ingestion_dag.py
[2025-10-08T00:27:40.453+0000] {processor.py:839} INFO - DAG(s) dict_keys(['ingestion_to_landing']) retrieved from /opt/airflow/dags/ingestion_dag.py
[2025-10-08T00:27:40.538+0000] {logging_mixin.py:151} INFO - [2025-10-08T00:27:40.538+0000] {dag.py:2941} INFO - Sync 1 DAGs
[2025-10-08T00:27:40.606+0000] {logging_mixin.py:151} INFO - [2025-10-08T00:27:40.605+0000] {dag.py:3722} INFO - Setting next_dagrun for ingestion_to_landing to 2025-10-07T21:00:55.732385+00:00, run_after=2025-10-08T21:00:55.732385+00:00
[2025-10-08T00:27:40.661+0000] {processor.py:179} INFO - Processing /opt/airflow/dags/ingestion_dag.py took 0.262 seconds
[2025-10-08T00:28:11.493+0000] {processor.py:157} INFO - Started process (PID=272) to work on /opt/airflow/dags/ingestion_dag.py
[2025-10-08T00:28:11.509+0000] {processor.py:829} INFO - Processing file /opt/airflow/dags/ingestion_dag.py for tasks to queue
[2025-10-08T00:28:11.535+0000] {logging_mixin.py:151} INFO - [2025-10-08T00:28:11.532+0000] {dagbag.py:536} INFO - Filling up the DagBag from /opt/airflow/dags/ingestion_dag.py
[2025-10-08T00:28:11.802+0000] {processor.py:839} INFO - DAG(s) dict_keys(['ingestion_to_landing']) retrieved from /opt/airflow/dags/ingestion_dag.py
[2025-10-08T00:28:11.914+0000] {logging_mixin.py:151} INFO - [2025-10-08T00:28:11.914+0000] {dag.py:2941} INFO - Sync 1 DAGs
[2025-10-08T00:28:12.059+0000] {logging_mixin.py:151} INFO - [2025-10-08T00:28:12.058+0000] {dag.py:3722} INFO - Setting next_dagrun for ingestion_to_landing to 2025-10-07T21:00:55.732385+00:00, run_after=2025-10-08T21:00:55.732385+00:00
[2025-10-08T00:28:12.140+0000] {processor.py:179} INFO - Processing /opt/airflow/dags/ingestion_dag.py took 0.699 seconds
[2025-10-08T00:28:42.326+0000] {processor.py:157} INFO - Started process (PID=277) to work on /opt/airflow/dags/ingestion_dag.py
[2025-10-08T00:28:42.330+0000] {processor.py:829} INFO - Processing file /opt/airflow/dags/ingestion_dag.py for tasks to queue
[2025-10-08T00:28:42.334+0000] {logging_mixin.py:151} INFO - [2025-10-08T00:28:42.332+0000] {dagbag.py:536} INFO - Filling up the DagBag from /opt/airflow/dags/ingestion_dag.py
[2025-10-08T00:28:42.381+0000] {processor.py:839} INFO - DAG(s) dict_keys(['ingestion_to_landing']) retrieved from /opt/airflow/dags/ingestion_dag.py
[2025-10-08T00:28:42.487+0000] {logging_mixin.py:151} INFO - [2025-10-08T00:28:42.487+0000] {dag.py:2941} INFO - Sync 1 DAGs
[2025-10-08T00:28:42.638+0000] {logging_mixin.py:151} INFO - [2025-10-08T00:28:42.638+0000] {dag.py:3722} INFO - Setting next_dagrun for ingestion_to_landing to 2025-10-07T21:00:55.732385+00:00, run_after=2025-10-08T21:00:55.732385+00:00
[2025-10-08T00:28:42.709+0000] {processor.py:179} INFO - Processing /opt/airflow/dags/ingestion_dag.py took 0.401 seconds
[2025-10-08T00:29:13.387+0000] {processor.py:157} INFO - Started process (PID=282) to work on /opt/airflow/dags/ingestion_dag.py
[2025-10-08T00:29:13.410+0000] {processor.py:829} INFO - Processing file /opt/airflow/dags/ingestion_dag.py for tasks to queue
[2025-10-08T00:29:13.414+0000] {logging_mixin.py:151} INFO - [2025-10-08T00:29:13.412+0000] {dagbag.py:536} INFO - Filling up the DagBag from /opt/airflow/dags/ingestion_dag.py
[2025-10-08T00:29:13.508+0000] {processor.py:839} INFO - DAG(s) dict_keys(['ingestion_to_landing']) retrieved from /opt/airflow/dags/ingestion_dag.py
[2025-10-08T00:29:13.679+0000] {logging_mixin.py:151} INFO - [2025-10-08T00:29:13.678+0000] {dag.py:2941} INFO - Sync 1 DAGs
[2025-10-08T00:29:13.763+0000] {logging_mixin.py:151} INFO - [2025-10-08T00:29:13.763+0000] {dag.py:3722} INFO - Setting next_dagrun for ingestion_to_landing to 2025-10-07T21:00:55.732385+00:00, run_after=2025-10-08T21:00:55.732385+00:00
[2025-10-08T00:29:13.829+0000] {processor.py:179} INFO - Processing /opt/airflow/dags/ingestion_dag.py took 0.481 seconds
[2025-10-08T00:29:44.066+0000] {processor.py:157} INFO - Started process (PID=287) to work on /opt/airflow/dags/ingestion_dag.py
[2025-10-08T00:29:44.070+0000] {processor.py:829} INFO - Processing file /opt/airflow/dags/ingestion_dag.py for tasks to queue
[2025-10-08T00:29:44.073+0000] {logging_mixin.py:151} INFO - [2025-10-08T00:29:44.072+0000] {dagbag.py:536} INFO - Filling up the DagBag from /opt/airflow/dags/ingestion_dag.py
[2025-10-08T00:29:44.161+0000] {processor.py:839} INFO - DAG(s) dict_keys(['ingestion_to_landing']) retrieved from /opt/airflow/dags/ingestion_dag.py
[2025-10-08T00:29:44.247+0000] {logging_mixin.py:151} INFO - [2025-10-08T00:29:44.246+0000] {dag.py:2941} INFO - Sync 1 DAGs
[2025-10-08T00:29:44.304+0000] {logging_mixin.py:151} INFO - [2025-10-08T00:29:44.303+0000] {dag.py:3722} INFO - Setting next_dagrun for ingestion_to_landing to 2025-10-07T21:00:55.732385+00:00, run_after=2025-10-08T21:00:55.732385+00:00
[2025-10-08T00:29:44.358+0000] {processor.py:179} INFO - Processing /opt/airflow/dags/ingestion_dag.py took 0.304 seconds
[2025-10-08T00:30:14.463+0000] {processor.py:157} INFO - Started process (PID=292) to work on /opt/airflow/dags/ingestion_dag.py
[2025-10-08T00:30:14.467+0000] {processor.py:829} INFO - Processing file /opt/airflow/dags/ingestion_dag.py for tasks to queue
[2025-10-08T00:30:14.469+0000] {logging_mixin.py:151} INFO - [2025-10-08T00:30:14.468+0000] {dagbag.py:536} INFO - Filling up the DagBag from /opt/airflow/dags/ingestion_dag.py
[2025-10-08T00:30:14.496+0000] {processor.py:839} INFO - DAG(s) dict_keys(['ingestion_to_landing']) retrieved from /opt/airflow/dags/ingestion_dag.py
[2025-10-08T00:30:14.571+0000] {logging_mixin.py:151} INFO - [2025-10-08T00:30:14.570+0000] {dag.py:2941} INFO - Sync 1 DAGs
[2025-10-08T00:30:14.643+0000] {logging_mixin.py:151} INFO - [2025-10-08T00:30:14.643+0000] {dag.py:3722} INFO - Setting next_dagrun for ingestion_to_landing to 2025-10-07T21:00:55.732385+00:00, run_after=2025-10-08T21:00:55.732385+00:00
[2025-10-08T00:30:14.710+0000] {processor.py:179} INFO - Processing /opt/airflow/dags/ingestion_dag.py took 0.256 seconds
[2025-10-08T00:30:44.883+0000] {processor.py:157} INFO - Started process (PID=297) to work on /opt/airflow/dags/ingestion_dag.py
[2025-10-08T00:30:44.887+0000] {processor.py:829} INFO - Processing file /opt/airflow/dags/ingestion_dag.py for tasks to queue
[2025-10-08T00:30:44.890+0000] {logging_mixin.py:151} INFO - [2025-10-08T00:30:44.888+0000] {dagbag.py:536} INFO - Filling up the DagBag from /opt/airflow/dags/ingestion_dag.py
[2025-10-08T00:30:44.936+0000] {processor.py:839} INFO - DAG(s) dict_keys(['ingestion_to_landing']) retrieved from /opt/airflow/dags/ingestion_dag.py
[2025-10-08T00:30:45.021+0000] {logging_mixin.py:151} INFO - [2025-10-08T00:30:45.020+0000] {dag.py:2941} INFO - Sync 1 DAGs
[2025-10-08T00:30:45.081+0000] {logging_mixin.py:151} INFO - [2025-10-08T00:30:45.080+0000] {dag.py:3722} INFO - Setting next_dagrun for ingestion_to_landing to 2025-10-07T21:00:55.732385+00:00, run_after=2025-10-08T21:00:55.732385+00:00
[2025-10-08T00:30:45.167+0000] {processor.py:179} INFO - Processing /opt/airflow/dags/ingestion_dag.py took 0.298 seconds
[2025-10-08T00:31:15.612+0000] {processor.py:157} INFO - Started process (PID=302) to work on /opt/airflow/dags/ingestion_dag.py
[2025-10-08T00:31:15.617+0000] {processor.py:829} INFO - Processing file /opt/airflow/dags/ingestion_dag.py for tasks to queue
[2025-10-08T00:31:15.621+0000] {logging_mixin.py:151} INFO - [2025-10-08T00:31:15.619+0000] {dagbag.py:536} INFO - Filling up the DagBag from /opt/airflow/dags/ingestion_dag.py
[2025-10-08T00:31:15.668+0000] {processor.py:839} INFO - DAG(s) dict_keys(['ingestion_to_landing']) retrieved from /opt/airflow/dags/ingestion_dag.py
[2025-10-08T00:31:15.740+0000] {logging_mixin.py:151} INFO - [2025-10-08T00:31:15.739+0000] {dag.py:2941} INFO - Sync 1 DAGs
[2025-10-08T00:31:15.796+0000] {logging_mixin.py:151} INFO - [2025-10-08T00:31:15.796+0000] {dag.py:3722} INFO - Setting next_dagrun for ingestion_to_landing to 2025-10-07T21:00:55.732385+00:00, run_after=2025-10-08T21:00:55.732385+00:00
[2025-10-08T00:31:15.851+0000] {processor.py:179} INFO - Processing /opt/airflow/dags/ingestion_dag.py took 0.262 seconds
[2025-10-08T00:31:46.017+0000] {processor.py:157} INFO - Started process (PID=307) to work on /opt/airflow/dags/ingestion_dag.py
[2025-10-08T00:31:46.019+0000] {processor.py:829} INFO - Processing file /opt/airflow/dags/ingestion_dag.py for tasks to queue
[2025-10-08T00:31:46.021+0000] {logging_mixin.py:151} INFO - [2025-10-08T00:31:46.020+0000] {dagbag.py:536} INFO - Filling up the DagBag from /opt/airflow/dags/ingestion_dag.py
[2025-10-08T00:31:46.053+0000] {processor.py:839} INFO - DAG(s) dict_keys(['ingestion_to_landing']) retrieved from /opt/airflow/dags/ingestion_dag.py
[2025-10-08T00:31:46.120+0000] {logging_mixin.py:151} INFO - [2025-10-08T00:31:46.119+0000] {dag.py:2941} INFO - Sync 1 DAGs
[2025-10-08T00:31:46.179+0000] {logging_mixin.py:151} INFO - [2025-10-08T00:31:46.179+0000] {dag.py:3722} INFO - Setting next_dagrun for ingestion_to_landing to 2025-10-07T21:00:55.732385+00:00, run_after=2025-10-08T21:00:55.732385+00:00
[2025-10-08T00:31:46.232+0000] {processor.py:179} INFO - Processing /opt/airflow/dags/ingestion_dag.py took 0.224 seconds
[2025-10-08T00:32:16.529+0000] {processor.py:157} INFO - Started process (PID=312) to work on /opt/airflow/dags/ingestion_dag.py
[2025-10-08T00:32:16.532+0000] {processor.py:829} INFO - Processing file /opt/airflow/dags/ingestion_dag.py for tasks to queue
[2025-10-08T00:32:16.535+0000] {logging_mixin.py:151} INFO - [2025-10-08T00:32:16.534+0000] {dagbag.py:536} INFO - Filling up the DagBag from /opt/airflow/dags/ingestion_dag.py
[2025-10-08T00:32:16.569+0000] {processor.py:839} INFO - DAG(s) dict_keys(['ingestion_to_landing']) retrieved from /opt/airflow/dags/ingestion_dag.py
[2025-10-08T00:32:16.639+0000] {logging_mixin.py:151} INFO - [2025-10-08T00:32:16.639+0000] {dag.py:2941} INFO - Sync 1 DAGs
[2025-10-08T00:32:16.711+0000] {logging_mixin.py:151} INFO - [2025-10-08T00:32:16.710+0000] {dag.py:3722} INFO - Setting next_dagrun for ingestion_to_landing to 2025-10-07T21:00:55.732385+00:00, run_after=2025-10-08T21:00:55.732385+00:00
[2025-10-08T00:32:16.754+0000] {processor.py:179} INFO - Processing /opt/airflow/dags/ingestion_dag.py took 0.236 seconds
[2025-10-08T00:32:46.894+0000] {processor.py:157} INFO - Started process (PID=317) to work on /opt/airflow/dags/ingestion_dag.py
[2025-10-08T00:32:46.896+0000] {processor.py:829} INFO - Processing file /opt/airflow/dags/ingestion_dag.py for tasks to queue
[2025-10-08T00:32:46.897+0000] {logging_mixin.py:151} INFO - [2025-10-08T00:32:46.897+0000] {dagbag.py:536} INFO - Filling up the DagBag from /opt/airflow/dags/ingestion_dag.py
[2025-10-08T00:32:46.933+0000] {processor.py:839} INFO - DAG(s) dict_keys(['ingestion_to_landing']) retrieved from /opt/airflow/dags/ingestion_dag.py
[2025-10-08T00:32:46.992+0000] {logging_mixin.py:151} INFO - [2025-10-08T00:32:46.991+0000] {dag.py:2941} INFO - Sync 1 DAGs
[2025-10-08T00:32:47.044+0000] {logging_mixin.py:151} INFO - [2025-10-08T00:32:47.043+0000] {dag.py:3722} INFO - Setting next_dagrun for ingestion_to_landing to 2025-10-07T21:00:55.732385+00:00, run_after=2025-10-08T21:00:55.732385+00:00
[2025-10-08T00:32:47.100+0000] {processor.py:179} INFO - Processing /opt/airflow/dags/ingestion_dag.py took 0.221 seconds
[2025-10-08T00:33:17.931+0000] {processor.py:157} INFO - Started process (PID=322) to work on /opt/airflow/dags/ingestion_dag.py
[2025-10-08T00:33:17.945+0000] {processor.py:829} INFO - Processing file /opt/airflow/dags/ingestion_dag.py for tasks to queue
[2025-10-08T00:33:17.947+0000] {logging_mixin.py:151} INFO - [2025-10-08T00:33:17.946+0000] {dagbag.py:536} INFO - Filling up the DagBag from /opt/airflow/dags/ingestion_dag.py
[2025-10-08T00:33:18.072+0000] {processor.py:839} INFO - DAG(s) dict_keys(['ingestion_to_landing']) retrieved from /opt/airflow/dags/ingestion_dag.py
[2025-10-08T00:33:18.146+0000] {logging_mixin.py:151} INFO - [2025-10-08T00:33:18.145+0000] {dag.py:2941} INFO - Sync 1 DAGs
[2025-10-08T00:33:18.209+0000] {logging_mixin.py:151} INFO - [2025-10-08T00:33:18.208+0000] {dag.py:3722} INFO - Setting next_dagrun for ingestion_to_landing to 2025-10-07T21:00:55.732385+00:00, run_after=2025-10-08T21:00:55.732385+00:00
[2025-10-08T00:33:18.269+0000] {processor.py:179} INFO - Processing /opt/airflow/dags/ingestion_dag.py took 0.357 seconds
[2025-10-08T00:33:48.549+0000] {processor.py:157} INFO - Started process (PID=327) to work on /opt/airflow/dags/ingestion_dag.py
[2025-10-08T00:33:48.551+0000] {processor.py:829} INFO - Processing file /opt/airflow/dags/ingestion_dag.py for tasks to queue
[2025-10-08T00:33:48.553+0000] {logging_mixin.py:151} INFO - [2025-10-08T00:33:48.552+0000] {dagbag.py:536} INFO - Filling up the DagBag from /opt/airflow/dags/ingestion_dag.py
[2025-10-08T00:33:48.580+0000] {processor.py:839} INFO - DAG(s) dict_keys(['ingestion_to_landing']) retrieved from /opt/airflow/dags/ingestion_dag.py
[2025-10-08T00:33:48.641+0000] {logging_mixin.py:151} INFO - [2025-10-08T00:33:48.640+0000] {dag.py:2941} INFO - Sync 1 DAGs
[2025-10-08T00:33:48.704+0000] {logging_mixin.py:151} INFO - [2025-10-08T00:33:48.703+0000] {dag.py:3722} INFO - Setting next_dagrun for ingestion_to_landing to 2025-10-07T21:00:55.732385+00:00, run_after=2025-10-08T21:00:55.732385+00:00
[2025-10-08T00:33:48.792+0000] {processor.py:179} INFO - Processing /opt/airflow/dags/ingestion_dag.py took 0.259 seconds
[2025-10-08T00:34:19.203+0000] {processor.py:157} INFO - Started process (PID=332) to work on /opt/airflow/dags/ingestion_dag.py
[2025-10-08T00:34:19.220+0000] {processor.py:829} INFO - Processing file /opt/airflow/dags/ingestion_dag.py for tasks to queue
[2025-10-08T00:34:19.224+0000] {logging_mixin.py:151} INFO - [2025-10-08T00:34:19.222+0000] {dagbag.py:536} INFO - Filling up the DagBag from /opt/airflow/dags/ingestion_dag.py
[2025-10-08T00:34:19.279+0000] {processor.py:839} INFO - DAG(s) dict_keys(['ingestion_to_landing']) retrieved from /opt/airflow/dags/ingestion_dag.py
[2025-10-08T00:34:19.349+0000] {logging_mixin.py:151} INFO - [2025-10-08T00:34:19.349+0000] {dag.py:2941} INFO - Sync 1 DAGs
[2025-10-08T00:34:19.422+0000] {logging_mixin.py:151} INFO - [2025-10-08T00:34:19.421+0000] {dag.py:3722} INFO - Setting next_dagrun for ingestion_to_landing to 2025-10-07T21:00:55.732385+00:00, run_after=2025-10-08T21:00:55.732385+00:00
[2025-10-08T00:34:19.466+0000] {processor.py:179} INFO - Processing /opt/airflow/dags/ingestion_dag.py took 0.273 seconds
[2025-10-08T00:34:49.562+0000] {processor.py:157} INFO - Started process (PID=337) to work on /opt/airflow/dags/ingestion_dag.py
[2025-10-08T00:34:49.567+0000] {processor.py:829} INFO - Processing file /opt/airflow/dags/ingestion_dag.py for tasks to queue
[2025-10-08T00:34:49.570+0000] {logging_mixin.py:151} INFO - [2025-10-08T00:34:49.569+0000] {dagbag.py:536} INFO - Filling up the DagBag from /opt/airflow/dags/ingestion_dag.py
[2025-10-08T00:34:49.607+0000] {processor.py:839} INFO - DAG(s) dict_keys(['ingestion_to_landing']) retrieved from /opt/airflow/dags/ingestion_dag.py
[2025-10-08T00:34:49.679+0000] {logging_mixin.py:151} INFO - [2025-10-08T00:34:49.679+0000] {dag.py:2941} INFO - Sync 1 DAGs
[2025-10-08T00:34:49.738+0000] {logging_mixin.py:151} INFO - [2025-10-08T00:34:49.737+0000] {dag.py:3722} INFO - Setting next_dagrun for ingestion_to_landing to 2025-10-07T21:00:55.732385+00:00, run_after=2025-10-08T21:00:55.732385+00:00
[2025-10-08T00:34:49.801+0000] {processor.py:179} INFO - Processing /opt/airflow/dags/ingestion_dag.py took 0.257 seconds
[2025-10-08T00:35:20.157+0000] {processor.py:157} INFO - Started process (PID=342) to work on /opt/airflow/dags/ingestion_dag.py
[2025-10-08T00:35:20.161+0000] {processor.py:829} INFO - Processing file /opt/airflow/dags/ingestion_dag.py for tasks to queue
[2025-10-08T00:35:20.164+0000] {logging_mixin.py:151} INFO - [2025-10-08T00:35:20.163+0000] {dagbag.py:536} INFO - Filling up the DagBag from /opt/airflow/dags/ingestion_dag.py
[2025-10-08T00:35:20.199+0000] {processor.py:839} INFO - DAG(s) dict_keys(['ingestion_to_landing']) retrieved from /opt/airflow/dags/ingestion_dag.py
[2025-10-08T00:35:20.257+0000] {logging_mixin.py:151} INFO - [2025-10-08T00:35:20.256+0000] {dag.py:2941} INFO - Sync 1 DAGs
[2025-10-08T00:35:20.311+0000] {logging_mixin.py:151} INFO - [2025-10-08T00:35:20.310+0000] {dag.py:3722} INFO - Setting next_dagrun for ingestion_to_landing to 2025-10-07T21:00:55.732385+00:00, run_after=2025-10-08T21:00:55.732385+00:00
[2025-10-08T00:35:20.363+0000] {processor.py:179} INFO - Processing /opt/airflow/dags/ingestion_dag.py took 0.226 seconds
[2025-10-08T00:35:50.540+0000] {processor.py:157} INFO - Started process (PID=347) to work on /opt/airflow/dags/ingestion_dag.py
[2025-10-08T00:35:50.543+0000] {processor.py:829} INFO - Processing file /opt/airflow/dags/ingestion_dag.py for tasks to queue
[2025-10-08T00:35:50.546+0000] {logging_mixin.py:151} INFO - [2025-10-08T00:35:50.545+0000] {dagbag.py:536} INFO - Filling up the DagBag from /opt/airflow/dags/ingestion_dag.py
[2025-10-08T00:35:50.578+0000] {processor.py:839} INFO - DAG(s) dict_keys(['ingestion_to_landing']) retrieved from /opt/airflow/dags/ingestion_dag.py
[2025-10-08T00:35:50.647+0000] {logging_mixin.py:151} INFO - [2025-10-08T00:35:50.646+0000] {dag.py:2941} INFO - Sync 1 DAGs
[2025-10-08T00:35:50.704+0000] {logging_mixin.py:151} INFO - [2025-10-08T00:35:50.704+0000] {dag.py:3722} INFO - Setting next_dagrun for ingestion_to_landing to 2025-10-07T21:00:55.732385+00:00, run_after=2025-10-08T21:00:55.732385+00:00
[2025-10-08T00:35:50.758+0000] {processor.py:179} INFO - Processing /opt/airflow/dags/ingestion_dag.py took 0.234 seconds
[2025-10-08T00:36:21.095+0000] {processor.py:157} INFO - Started process (PID=352) to work on /opt/airflow/dags/ingestion_dag.py
[2025-10-08T00:36:21.108+0000] {processor.py:829} INFO - Processing file /opt/airflow/dags/ingestion_dag.py for tasks to queue
[2025-10-08T00:36:21.110+0000] {logging_mixin.py:151} INFO - [2025-10-08T00:36:21.110+0000] {dagbag.py:536} INFO - Filling up the DagBag from /opt/airflow/dags/ingestion_dag.py
[2025-10-08T00:36:21.141+0000] {processor.py:839} INFO - DAG(s) dict_keys(['ingestion_to_landing']) retrieved from /opt/airflow/dags/ingestion_dag.py
[2025-10-08T00:36:21.204+0000] {logging_mixin.py:151} INFO - [2025-10-08T00:36:21.203+0000] {dag.py:2941} INFO - Sync 1 DAGs
[2025-10-08T00:36:21.258+0000] {logging_mixin.py:151} INFO - [2025-10-08T00:36:21.257+0000] {dag.py:3722} INFO - Setting next_dagrun for ingestion_to_landing to 2025-10-07T21:00:55.732385+00:00, run_after=2025-10-08T21:00:55.732385+00:00
[2025-10-08T00:36:21.318+0000] {processor.py:179} INFO - Processing /opt/airflow/dags/ingestion_dag.py took 0.234 seconds
[2025-10-08T00:36:51.513+0000] {processor.py:157} INFO - Started process (PID=357) to work on /opt/airflow/dags/ingestion_dag.py
[2025-10-08T00:36:51.515+0000] {processor.py:829} INFO - Processing file /opt/airflow/dags/ingestion_dag.py for tasks to queue
[2025-10-08T00:36:51.517+0000] {logging_mixin.py:151} INFO - [2025-10-08T00:36:51.516+0000] {dagbag.py:536} INFO - Filling up the DagBag from /opt/airflow/dags/ingestion_dag.py
[2025-10-08T00:36:51.544+0000] {processor.py:839} INFO - DAG(s) dict_keys(['ingestion_to_landing']) retrieved from /opt/airflow/dags/ingestion_dag.py
[2025-10-08T00:36:51.603+0000] {logging_mixin.py:151} INFO - [2025-10-08T00:36:51.603+0000] {dag.py:2941} INFO - Sync 1 DAGs
[2025-10-08T00:36:51.675+0000] {logging_mixin.py:151} INFO - [2025-10-08T00:36:51.675+0000] {dag.py:3722} INFO - Setting next_dagrun for ingestion_to_landing to 2025-10-07T21:00:55.732385+00:00, run_after=2025-10-08T21:00:55.732385+00:00
[2025-10-08T00:36:51.723+0000] {processor.py:179} INFO - Processing /opt/airflow/dags/ingestion_dag.py took 0.218 seconds
[2025-10-08T00:37:22.097+0000] {processor.py:157} INFO - Started process (PID=362) to work on /opt/airflow/dags/ingestion_dag.py
[2025-10-08T00:37:22.100+0000] {processor.py:829} INFO - Processing file /opt/airflow/dags/ingestion_dag.py for tasks to queue
[2025-10-08T00:37:22.103+0000] {logging_mixin.py:151} INFO - [2025-10-08T00:37:22.102+0000] {dagbag.py:536} INFO - Filling up the DagBag from /opt/airflow/dags/ingestion_dag.py
[2025-10-08T00:37:22.157+0000] {processor.py:839} INFO - DAG(s) dict_keys(['ingestion_to_landing']) retrieved from /opt/airflow/dags/ingestion_dag.py
[2025-10-08T00:37:22.261+0000] {logging_mixin.py:151} INFO - [2025-10-08T00:37:22.260+0000] {dag.py:2941} INFO - Sync 1 DAGs
[2025-10-08T00:37:22.330+0000] {logging_mixin.py:151} INFO - [2025-10-08T00:37:22.329+0000] {dag.py:3722} INFO - Setting next_dagrun for ingestion_to_landing to 2025-10-07T21:00:55.732385+00:00, run_after=2025-10-08T21:00:55.732385+00:00
[2025-10-08T00:37:22.394+0000] {processor.py:179} INFO - Processing /opt/airflow/dags/ingestion_dag.py took 0.311 seconds
[2025-10-08T00:37:52.777+0000] {processor.py:157} INFO - Started process (PID=367) to work on /opt/airflow/dags/ingestion_dag.py
[2025-10-08T00:37:52.780+0000] {processor.py:829} INFO - Processing file /opt/airflow/dags/ingestion_dag.py for tasks to queue
[2025-10-08T00:37:52.783+0000] {logging_mixin.py:151} INFO - [2025-10-08T00:37:52.782+0000] {dagbag.py:536} INFO - Filling up the DagBag from /opt/airflow/dags/ingestion_dag.py
[2025-10-08T00:37:52.824+0000] {processor.py:839} INFO - DAG(s) dict_keys(['ingestion_to_landing']) retrieved from /opt/airflow/dags/ingestion_dag.py
[2025-10-08T00:37:52.885+0000] {logging_mixin.py:151} INFO - [2025-10-08T00:37:52.885+0000] {dag.py:2941} INFO - Sync 1 DAGs
[2025-10-08T00:37:52.937+0000] {logging_mixin.py:151} INFO - [2025-10-08T00:37:52.936+0000] {dag.py:3722} INFO - Setting next_dagrun for ingestion_to_landing to 2025-10-07T21:00:55.732385+00:00, run_after=2025-10-08T21:00:55.732385+00:00
[2025-10-08T00:37:53.002+0000] {processor.py:179} INFO - Processing /opt/airflow/dags/ingestion_dag.py took 0.237 seconds
[2025-10-08T00:38:23.080+0000] {processor.py:157} INFO - Started process (PID=372) to work on /opt/airflow/dags/ingestion_dag.py
[2025-10-08T00:38:23.083+0000] {processor.py:829} INFO - Processing file /opt/airflow/dags/ingestion_dag.py for tasks to queue
[2025-10-08T00:38:23.086+0000] {logging_mixin.py:151} INFO - [2025-10-08T00:38:23.085+0000] {dagbag.py:536} INFO - Filling up the DagBag from /opt/airflow/dags/ingestion_dag.py
[2025-10-08T00:38:23.161+0000] {processor.py:839} INFO - DAG(s) dict_keys(['ingestion_to_landing']) retrieved from /opt/airflow/dags/ingestion_dag.py
[2025-10-08T00:38:23.227+0000] {logging_mixin.py:151} INFO - [2025-10-08T00:38:23.227+0000] {dag.py:2941} INFO - Sync 1 DAGs
[2025-10-08T00:38:23.280+0000] {logging_mixin.py:151} INFO - [2025-10-08T00:38:23.279+0000] {dag.py:3722} INFO - Setting next_dagrun for ingestion_to_landing to 2025-10-07T21:00:55.732385+00:00, run_after=2025-10-08T21:00:55.732385+00:00
[2025-10-08T00:38:23.335+0000] {processor.py:179} INFO - Processing /opt/airflow/dags/ingestion_dag.py took 0.266 seconds
[2025-10-08T00:38:53.722+0000] {processor.py:157} INFO - Started process (PID=377) to work on /opt/airflow/dags/ingestion_dag.py
[2025-10-08T00:38:53.724+0000] {processor.py:829} INFO - Processing file /opt/airflow/dags/ingestion_dag.py for tasks to queue
[2025-10-08T00:38:53.726+0000] {logging_mixin.py:151} INFO - [2025-10-08T00:38:53.726+0000] {dagbag.py:536} INFO - Filling up the DagBag from /opt/airflow/dags/ingestion_dag.py
[2025-10-08T00:38:53.754+0000] {processor.py:839} INFO - DAG(s) dict_keys(['ingestion_to_landing']) retrieved from /opt/airflow/dags/ingestion_dag.py
[2025-10-08T00:38:53.823+0000] {logging_mixin.py:151} INFO - [2025-10-08T00:38:53.822+0000] {dag.py:2941} INFO - Sync 1 DAGs
[2025-10-08T00:38:53.887+0000] {logging_mixin.py:151} INFO - [2025-10-08T00:38:53.887+0000] {dag.py:3722} INFO - Setting next_dagrun for ingestion_to_landing to 2025-10-07T21:00:55.732385+00:00, run_after=2025-10-08T21:00:55.732385+00:00
[2025-10-08T00:38:53.930+0000] {processor.py:179} INFO - Processing /opt/airflow/dags/ingestion_dag.py took 0.217 seconds
[2025-10-08T00:39:24.943+0000] {processor.py:157} INFO - Started process (PID=382) to work on /opt/airflow/dags/ingestion_dag.py
[2025-10-08T00:39:24.946+0000] {processor.py:829} INFO - Processing file /opt/airflow/dags/ingestion_dag.py for tasks to queue
[2025-10-08T00:39:24.960+0000] {logging_mixin.py:151} INFO - [2025-10-08T00:39:24.947+0000] {dagbag.py:536} INFO - Filling up the DagBag from /opt/airflow/dags/ingestion_dag.py
[2025-10-08T00:39:25.384+0000] {processor.py:839} INFO - DAG(s) dict_keys(['ingestion_to_landing']) retrieved from /opt/airflow/dags/ingestion_dag.py
[2025-10-08T00:39:28.107+0000] {logging_mixin.py:151} INFO - [2025-10-08T00:39:28.098+0000] {dag.py:2941} INFO - Sync 1 DAGs
[2025-10-08T00:39:28.235+0000] {logging_mixin.py:151} INFO - [2025-10-08T00:39:28.234+0000] {dag.py:3722} INFO - Setting next_dagrun for ingestion_to_landing to 2025-10-07T21:00:55.732385+00:00, run_after=2025-10-08T21:00:55.732385+00:00
[2025-10-08T00:39:28.391+0000] {processor.py:179} INFO - Processing /opt/airflow/dags/ingestion_dag.py took 3.489 seconds
[2025-10-08T00:40:00.039+0000] {processor.py:157} INFO - Started process (PID=387) to work on /opt/airflow/dags/ingestion_dag.py
[2025-10-08T00:40:00.075+0000] {processor.py:829} INFO - Processing file /opt/airflow/dags/ingestion_dag.py for tasks to queue
[2025-10-08T00:40:00.227+0000] {logging_mixin.py:151} INFO - [2025-10-08T00:40:00.195+0000] {dagbag.py:536} INFO - Filling up the DagBag from /opt/airflow/dags/ingestion_dag.py
[2025-10-08T00:40:00.527+0000] {processor.py:839} INFO - DAG(s) dict_keys(['ingestion_to_landing']) retrieved from /opt/airflow/dags/ingestion_dag.py
[2025-10-08T00:40:01.097+0000] {logging_mixin.py:151} INFO - [2025-10-08T00:40:01.097+0000] {dag.py:2941} INFO - Sync 1 DAGs
[2025-10-08T00:40:01.245+0000] {logging_mixin.py:151} INFO - [2025-10-08T00:40:01.244+0000] {dag.py:3722} INFO - Setting next_dagrun for ingestion_to_landing to 2025-10-07T21:00:55.732385+00:00, run_after=2025-10-08T21:00:55.732385+00:00
[2025-10-08T00:40:01.341+0000] {processor.py:179} INFO - Processing /opt/airflow/dags/ingestion_dag.py took 1.483 seconds
