[2026-01-18T21:43:10.007+0000] {taskinstance.py:1159} INFO - Dependencies all met for dep_context=non-requeueable deps ti=<TaskInstance: ingestion_to_landing.refine_data_to_curated scheduled__2025-12-08T02:15:24.209763+00:00 [queued]>
[2026-01-18T21:43:10.050+0000] {taskinstance.py:1159} INFO - Dependencies all met for dep_context=requeueable deps ti=<TaskInstance: ingestion_to_landing.refine_data_to_curated scheduled__2025-12-08T02:15:24.209763+00:00 [queued]>
[2026-01-18T21:43:10.050+0000] {taskinstance.py:1361} INFO - Starting attempt 1 of 2
[2026-01-18T21:43:10.144+0000] {taskinstance.py:1382} INFO - Executing <Task(DockerOperator): refine_data_to_curated> on 2025-12-08 02:15:24.209763+00:00
[2026-01-18T21:43:10.161+0000] {standard_task_runner.py:57} INFO - Started process 216 to run task
[2026-01-18T21:43:10.184+0000] {standard_task_runner.py:84} INFO - Running: ['***', 'tasks', 'run', 'ingestion_to_landing', 'refine_data_to_curated', 'scheduled__2025-12-08T02:15:24.209763+00:00', '--job-id', '131', '--raw', '--subdir', 'DAGS_FOLDER/ingestion_dag.py', '--cfg-path', '/tmp/tmp9pb0cayh']
[2026-01-18T21:43:10.196+0000] {standard_task_runner.py:85} INFO - Job 131: Subtask refine_data_to_curated
[2026-01-18T21:43:10.278+0000] {logging_mixin.py:151} WARNING - /home/***/.local/lib/python3.8/site-packages/***/settings.py:193 DeprecationWarning: The sql_alchemy_conn option in [core] has been moved to the sql_alchemy_conn option in [database] - the old setting has been used, but please update your config.
[2026-01-18T21:43:10.491+0000] {task_command.py:416} INFO - Running <TaskInstance: ingestion_to_landing.refine_data_to_curated scheduled__2025-12-08T02:15:24.209763+00:00 [running]> on host e39d39ea47f6
[2026-01-18T21:43:11.381+0000] {taskinstance.py:1662} INFO - Exporting env vars: AIRFLOW_CTX_DAG_OWNER='***' AIRFLOW_CTX_DAG_ID='ingestion_to_landing' AIRFLOW_CTX_TASK_ID='refine_data_to_curated' AIRFLOW_CTX_EXECUTION_DATE='2025-12-08T02:15:24.209763+00:00' AIRFLOW_CTX_TRY_NUMBER='1' AIRFLOW_CTX_DAG_RUN_ID='scheduled__2025-12-08T02:15:24.209763+00:00'
[2026-01-18T21:43:12.191+0000] {docker.py:337} INFO - Starting docker container from image custom-***:2.7.2
[2026-01-18T21:43:21.124+0000] {docker.py:406} INFO - The container is run as root user. For security, consider using a regular user account.
[2026-01-18T21:43:51.197+0000] {docker.py:406} INFO - 
[2026-01-18T21:44:17.095+0000] {docker.py:406} INFO - INFO:__main__:Iniciando conexão com MinIO.
INFO:__main__:Lendo arquivo 'transformed_products.parquet' do bucket 'processing'.
INFO:__main__:Executando modelagem: Seleção e refinamento de colunas.
INFO:__main__:Carregando arquivo modelado 'dim_products.parquet' no bucket 'curated'.
INFO:__main__:Sucesso! Arquivo 'dim_products.parquet' carregado no bucket 'curated'.
[2026-01-18T21:44:41.653+0000] {taskinstance.py:1400} INFO - Marking task as SUCCESS. dag_id=ingestion_to_landing, task_id=refine_data_to_curated, execution_date=20251208T021524, start_date=20260118T214310, end_date=20260118T214441
[2026-01-18T21:44:41.801+0000] {local_task_job_runner.py:228} INFO - Task exited with return code 0
[2026-01-18T21:44:42.162+0000] {taskinstance.py:2778} INFO - 0 downstream tasks scheduled from follow-on schedule check
