[2026-01-19T17:29:56.207+0000] {processor.py:157} INFO - Started process (PID=161) to work on /opt/airflow/dags/ingestion_dag.py
[2026-01-19T17:29:56.221+0000] {processor.py:829} INFO - Processing file /opt/airflow/dags/ingestion_dag.py for tasks to queue
[2026-01-19T17:29:56.224+0000] {logging_mixin.py:151} INFO - [2026-01-19T17:29:56.223+0000] {dagbag.py:536} INFO - Filling up the DagBag from /opt/airflow/dags/ingestion_dag.py
[2026-01-19T17:29:56.439+0000] {processor.py:839} INFO - DAG(s) dict_keys(['ingestion_to_landing']) retrieved from /opt/airflow/dags/ingestion_dag.py
[2026-01-19T17:29:57.536+0000] {logging_mixin.py:151} INFO - [2026-01-19T17:29:57.536+0000] {dag.py:2941} INFO - Sync 1 DAGs
[2026-01-19T17:29:58.162+0000] {logging_mixin.py:151} INFO - [2026-01-19T17:29:58.161+0000] {dag.py:3722} INFO - Setting next_dagrun for ingestion_to_landing to 2026-01-18T21:44:42.425015+00:00, run_after=2026-01-19T21:44:42.425015+00:00
[2026-01-19T17:29:58.393+0000] {processor.py:179} INFO - Processing /opt/airflow/dags/ingestion_dag.py took 2.286 seconds
[2026-01-19T17:30:29.442+0000] {processor.py:157} INFO - Started process (PID=166) to work on /opt/airflow/dags/ingestion_dag.py
[2026-01-19T17:30:29.481+0000] {processor.py:829} INFO - Processing file /opt/airflow/dags/ingestion_dag.py for tasks to queue
[2026-01-19T17:30:29.510+0000] {logging_mixin.py:151} INFO - [2026-01-19T17:30:29.499+0000] {dagbag.py:536} INFO - Filling up the DagBag from /opt/airflow/dags/ingestion_dag.py
[2026-01-19T17:30:29.927+0000] {processor.py:839} INFO - DAG(s) dict_keys(['ingestion_to_landing']) retrieved from /opt/airflow/dags/ingestion_dag.py
[2026-01-19T17:30:30.400+0000] {logging_mixin.py:151} INFO - [2026-01-19T17:30:30.399+0000] {dag.py:2941} INFO - Sync 1 DAGs
[2026-01-19T17:30:30.635+0000] {logging_mixin.py:151} INFO - [2026-01-19T17:30:30.632+0000] {dag.py:3722} INFO - Setting next_dagrun for ingestion_to_landing to 2026-01-18T21:44:42.425015+00:00, run_after=2026-01-19T21:44:42.425015+00:00
[2026-01-19T17:30:31.445+0000] {processor.py:179} INFO - Processing /opt/airflow/dags/ingestion_dag.py took 2.026 seconds
[2026-01-19T17:31:04.152+0000] {processor.py:157} INFO - Started process (PID=171) to work on /opt/airflow/dags/ingestion_dag.py
[2026-01-19T17:31:05.010+0000] {processor.py:829} INFO - Processing file /opt/airflow/dags/ingestion_dag.py for tasks to queue
[2026-01-19T17:31:05.131+0000] {logging_mixin.py:151} INFO - [2026-01-19T17:31:05.093+0000] {dagbag.py:536} INFO - Filling up the DagBag from /opt/airflow/dags/ingestion_dag.py
[2026-01-19T17:31:07.419+0000] {processor.py:839} INFO - DAG(s) dict_keys(['ingestion_to_landing']) retrieved from /opt/airflow/dags/ingestion_dag.py
[2026-01-19T17:31:08.527+0000] {logging_mixin.py:151} INFO - [2026-01-19T17:31:08.527+0000] {dag.py:2941} INFO - Sync 1 DAGs
[2026-01-19T17:31:08.767+0000] {logging_mixin.py:151} INFO - [2026-01-19T17:31:08.766+0000] {dag.py:3722} INFO - Setting next_dagrun for ingestion_to_landing to 2026-01-18T21:44:42.425015+00:00, run_after=2026-01-19T21:44:42.425015+00:00
[2026-01-19T17:31:09.270+0000] {processor.py:179} INFO - Processing /opt/airflow/dags/ingestion_dag.py took 5.189 seconds
[2026-01-19T17:31:40.410+0000] {processor.py:157} INFO - Started process (PID=176) to work on /opt/airflow/dags/ingestion_dag.py
[2026-01-19T17:31:40.420+0000] {processor.py:829} INFO - Processing file /opt/airflow/dags/ingestion_dag.py for tasks to queue
[2026-01-19T17:31:40.434+0000] {logging_mixin.py:151} INFO - [2026-01-19T17:31:40.433+0000] {dagbag.py:536} INFO - Filling up the DagBag from /opt/airflow/dags/ingestion_dag.py
[2026-01-19T17:31:40.579+0000] {processor.py:839} INFO - DAG(s) dict_keys(['ingestion_to_landing']) retrieved from /opt/airflow/dags/ingestion_dag.py
[2026-01-19T17:31:40.763+0000] {logging_mixin.py:151} INFO - [2026-01-19T17:31:40.762+0000] {dag.py:2941} INFO - Sync 1 DAGs
[2026-01-19T17:31:41.028+0000] {logging_mixin.py:151} INFO - [2026-01-19T17:31:41.027+0000] {dag.py:3722} INFO - Setting next_dagrun for ingestion_to_landing to 2026-01-18T21:44:42.425015+00:00, run_after=2026-01-19T21:44:42.425015+00:00
[2026-01-19T17:31:41.221+0000] {processor.py:179} INFO - Processing /opt/airflow/dags/ingestion_dag.py took 0.842 seconds
[2026-01-19T17:32:12.344+0000] {processor.py:157} INFO - Started process (PID=181) to work on /opt/airflow/dags/ingestion_dag.py
[2026-01-19T17:32:12.349+0000] {processor.py:829} INFO - Processing file /opt/airflow/dags/ingestion_dag.py for tasks to queue
[2026-01-19T17:32:12.356+0000] {logging_mixin.py:151} INFO - [2026-01-19T17:32:12.352+0000] {dagbag.py:536} INFO - Filling up the DagBag from /opt/airflow/dags/ingestion_dag.py
[2026-01-19T17:32:12.444+0000] {processor.py:839} INFO - DAG(s) dict_keys(['ingestion_to_landing']) retrieved from /opt/airflow/dags/ingestion_dag.py
[2026-01-19T17:32:12.869+0000] {logging_mixin.py:151} INFO - [2026-01-19T17:32:12.868+0000] {dag.py:2941} INFO - Sync 1 DAGs
[2026-01-19T17:32:13.011+0000] {logging_mixin.py:151} INFO - [2026-01-19T17:32:13.010+0000] {dag.py:3722} INFO - Setting next_dagrun for ingestion_to_landing to 2026-01-18T21:44:42.425015+00:00, run_after=2026-01-19T21:44:42.425015+00:00
[2026-01-19T17:32:13.115+0000] {processor.py:179} INFO - Processing /opt/airflow/dags/ingestion_dag.py took 0.791 seconds
[2026-01-19T17:32:44.538+0000] {processor.py:157} INFO - Started process (PID=186) to work on /opt/airflow/dags/ingestion_dag.py
[2026-01-19T17:32:44.551+0000] {processor.py:829} INFO - Processing file /opt/airflow/dags/ingestion_dag.py for tasks to queue
[2026-01-19T17:32:44.571+0000] {logging_mixin.py:151} INFO - [2026-01-19T17:32:44.559+0000] {dagbag.py:536} INFO - Filling up the DagBag from /opt/airflow/dags/ingestion_dag.py
[2026-01-19T17:32:45.263+0000] {processor.py:839} INFO - DAG(s) dict_keys(['ingestion_to_landing']) retrieved from /opt/airflow/dags/ingestion_dag.py
[2026-01-19T17:32:47.360+0000] {logging_mixin.py:151} INFO - [2026-01-19T17:32:47.359+0000] {dag.py:2941} INFO - Sync 1 DAGs
[2026-01-19T17:32:47.810+0000] {logging_mixin.py:151} INFO - [2026-01-19T17:32:47.810+0000] {dag.py:3722} INFO - Setting next_dagrun for ingestion_to_landing to 2026-01-18T21:44:42.425015+00:00, run_after=2026-01-19T21:44:42.425015+00:00
[2026-01-19T17:32:48.768+0000] {processor.py:179} INFO - Processing /opt/airflow/dags/ingestion_dag.py took 4.273 seconds
[2026-01-19T17:33:19.466+0000] {processor.py:157} INFO - Started process (PID=191) to work on /opt/airflow/dags/ingestion_dag.py
[2026-01-19T17:33:19.469+0000] {processor.py:829} INFO - Processing file /opt/airflow/dags/ingestion_dag.py for tasks to queue
[2026-01-19T17:33:19.473+0000] {logging_mixin.py:151} INFO - [2026-01-19T17:33:19.471+0000] {dagbag.py:536} INFO - Filling up the DagBag from /opt/airflow/dags/ingestion_dag.py
[2026-01-19T17:33:19.566+0000] {processor.py:839} INFO - DAG(s) dict_keys(['ingestion_to_landing']) retrieved from /opt/airflow/dags/ingestion_dag.py
[2026-01-19T17:33:20.032+0000] {logging_mixin.py:151} INFO - [2026-01-19T17:33:20.031+0000] {dag.py:2941} INFO - Sync 1 DAGs
[2026-01-19T17:33:20.438+0000] {logging_mixin.py:151} INFO - [2026-01-19T17:33:20.432+0000] {dag.py:3722} INFO - Setting next_dagrun for ingestion_to_landing to 2026-01-18T21:44:42.425015+00:00, run_after=2026-01-19T21:44:42.425015+00:00
[2026-01-19T17:33:20.622+0000] {processor.py:179} INFO - Processing /opt/airflow/dags/ingestion_dag.py took 1.174 seconds
[2026-01-19T17:33:51.415+0000] {processor.py:157} INFO - Started process (PID=196) to work on /opt/airflow/dags/ingestion_dag.py
[2026-01-19T17:33:51.483+0000] {processor.py:829} INFO - Processing file /opt/airflow/dags/ingestion_dag.py for tasks to queue
[2026-01-19T17:33:51.499+0000] {logging_mixin.py:151} INFO - [2026-01-19T17:33:51.490+0000] {dagbag.py:536} INFO - Filling up the DagBag from /opt/airflow/dags/ingestion_dag.py
[2026-01-19T17:33:51.586+0000] {processor.py:839} INFO - DAG(s) dict_keys(['ingestion_to_landing']) retrieved from /opt/airflow/dags/ingestion_dag.py
[2026-01-19T17:33:51.816+0000] {logging_mixin.py:151} INFO - [2026-01-19T17:33:51.816+0000] {dag.py:2941} INFO - Sync 1 DAGs
[2026-01-19T17:33:51.972+0000] {logging_mixin.py:151} INFO - [2026-01-19T17:33:51.972+0000] {dag.py:3722} INFO - Setting next_dagrun for ingestion_to_landing to 2026-01-18T21:44:42.425015+00:00, run_after=2026-01-19T21:44:42.425015+00:00
[2026-01-19T17:33:52.093+0000] {processor.py:179} INFO - Processing /opt/airflow/dags/ingestion_dag.py took 0.782 seconds
[2026-01-19T17:34:22.315+0000] {processor.py:157} INFO - Started process (PID=201) to work on /opt/airflow/dags/ingestion_dag.py
[2026-01-19T17:34:22.327+0000] {processor.py:829} INFO - Processing file /opt/airflow/dags/ingestion_dag.py for tasks to queue
[2026-01-19T17:34:22.333+0000] {logging_mixin.py:151} INFO - [2026-01-19T17:34:22.330+0000] {dagbag.py:536} INFO - Filling up the DagBag from /opt/airflow/dags/ingestion_dag.py
[2026-01-19T17:34:22.429+0000] {processor.py:839} INFO - DAG(s) dict_keys(['ingestion_to_landing']) retrieved from /opt/airflow/dags/ingestion_dag.py
[2026-01-19T17:34:22.685+0000] {logging_mixin.py:151} INFO - [2026-01-19T17:34:22.685+0000] {dag.py:2941} INFO - Sync 1 DAGs
[2026-01-19T17:34:22.931+0000] {logging_mixin.py:151} INFO - [2026-01-19T17:34:22.929+0000] {dag.py:3722} INFO - Setting next_dagrun for ingestion_to_landing to 2026-01-18T21:44:42.425015+00:00, run_after=2026-01-19T21:44:42.425015+00:00
[2026-01-19T17:34:23.031+0000] {processor.py:179} INFO - Processing /opt/airflow/dags/ingestion_dag.py took 0.749 seconds
[2026-01-19T17:34:53.340+0000] {processor.py:157} INFO - Started process (PID=206) to work on /opt/airflow/dags/ingestion_dag.py
[2026-01-19T17:34:53.342+0000] {processor.py:829} INFO - Processing file /opt/airflow/dags/ingestion_dag.py for tasks to queue
[2026-01-19T17:34:53.344+0000] {logging_mixin.py:151} INFO - [2026-01-19T17:34:53.343+0000] {dagbag.py:536} INFO - Filling up the DagBag from /opt/airflow/dags/ingestion_dag.py
[2026-01-19T17:34:53.402+0000] {processor.py:839} INFO - DAG(s) dict_keys(['ingestion_to_landing']) retrieved from /opt/airflow/dags/ingestion_dag.py
[2026-01-19T17:34:53.481+0000] {logging_mixin.py:151} INFO - [2026-01-19T17:34:53.481+0000] {dag.py:2941} INFO - Sync 1 DAGs
[2026-01-19T17:34:53.541+0000] {logging_mixin.py:151} INFO - [2026-01-19T17:34:53.541+0000] {dag.py:3722} INFO - Setting next_dagrun for ingestion_to_landing to 2026-01-18T21:44:42.425015+00:00, run_after=2026-01-19T21:44:42.425015+00:00
[2026-01-19T17:34:53.604+0000] {processor.py:179} INFO - Processing /opt/airflow/dags/ingestion_dag.py took 0.273 seconds
[2026-01-19T17:35:23.822+0000] {processor.py:157} INFO - Started process (PID=211) to work on /opt/airflow/dags/ingestion_dag.py
[2026-01-19T17:35:23.825+0000] {processor.py:829} INFO - Processing file /opt/airflow/dags/ingestion_dag.py for tasks to queue
[2026-01-19T17:35:23.829+0000] {logging_mixin.py:151} INFO - [2026-01-19T17:35:23.827+0000] {dagbag.py:536} INFO - Filling up the DagBag from /opt/airflow/dags/ingestion_dag.py
[2026-01-19T17:35:23.874+0000] {processor.py:839} INFO - DAG(s) dict_keys(['ingestion_to_landing']) retrieved from /opt/airflow/dags/ingestion_dag.py
[2026-01-19T17:35:23.968+0000] {logging_mixin.py:151} INFO - [2026-01-19T17:35:23.968+0000] {dag.py:2941} INFO - Sync 1 DAGs
[2026-01-19T17:35:24.062+0000] {logging_mixin.py:151} INFO - [2026-01-19T17:35:24.062+0000] {dag.py:3722} INFO - Setting next_dagrun for ingestion_to_landing to 2026-01-18T21:44:42.425015+00:00, run_after=2026-01-19T21:44:42.425015+00:00
[2026-01-19T17:35:24.149+0000] {processor.py:179} INFO - Processing /opt/airflow/dags/ingestion_dag.py took 0.342 seconds
[2026-01-19T17:35:54.335+0000] {processor.py:157} INFO - Started process (PID=216) to work on /opt/airflow/dags/ingestion_dag.py
[2026-01-19T17:35:54.340+0000] {processor.py:829} INFO - Processing file /opt/airflow/dags/ingestion_dag.py for tasks to queue
[2026-01-19T17:35:54.343+0000] {logging_mixin.py:151} INFO - [2026-01-19T17:35:54.342+0000] {dagbag.py:536} INFO - Filling up the DagBag from /opt/airflow/dags/ingestion_dag.py
[2026-01-19T17:35:54.405+0000] {processor.py:839} INFO - DAG(s) dict_keys(['ingestion_to_landing']) retrieved from /opt/airflow/dags/ingestion_dag.py
[2026-01-19T17:35:54.489+0000] {logging_mixin.py:151} INFO - [2026-01-19T17:35:54.488+0000] {dag.py:2941} INFO - Sync 1 DAGs
[2026-01-19T17:35:54.584+0000] {logging_mixin.py:151} INFO - [2026-01-19T17:35:54.584+0000] {dag.py:3722} INFO - Setting next_dagrun for ingestion_to_landing to 2026-01-18T21:44:42.425015+00:00, run_after=2026-01-19T21:44:42.425015+00:00
[2026-01-19T17:35:54.641+0000] {processor.py:179} INFO - Processing /opt/airflow/dags/ingestion_dag.py took 0.334 seconds
[2026-01-19T17:36:25.849+0000] {processor.py:157} INFO - Started process (PID=221) to work on /opt/airflow/dags/ingestion_dag.py
[2026-01-19T17:36:25.853+0000] {processor.py:829} INFO - Processing file /opt/airflow/dags/ingestion_dag.py for tasks to queue
[2026-01-19T17:36:25.857+0000] {logging_mixin.py:151} INFO - [2026-01-19T17:36:25.855+0000] {dagbag.py:536} INFO - Filling up the DagBag from /opt/airflow/dags/ingestion_dag.py
[2026-01-19T17:36:25.943+0000] {processor.py:839} INFO - DAG(s) dict_keys(['ingestion_to_landing']) retrieved from /opt/airflow/dags/ingestion_dag.py
[2026-01-19T17:36:26.062+0000] {logging_mixin.py:151} INFO - [2026-01-19T17:36:26.061+0000] {dag.py:2941} INFO - Sync 1 DAGs
[2026-01-19T17:36:26.160+0000] {logging_mixin.py:151} INFO - [2026-01-19T17:36:26.160+0000] {dag.py:3722} INFO - Setting next_dagrun for ingestion_to_landing to 2026-01-18T21:44:42.425015+00:00, run_after=2026-01-19T21:44:42.425015+00:00
[2026-01-19T17:36:26.264+0000] {processor.py:179} INFO - Processing /opt/airflow/dags/ingestion_dag.py took 0.436 seconds
[2026-01-19T17:36:56.754+0000] {processor.py:157} INFO - Started process (PID=226) to work on /opt/airflow/dags/ingestion_dag.py
[2026-01-19T17:36:56.768+0000] {processor.py:829} INFO - Processing file /opt/airflow/dags/ingestion_dag.py for tasks to queue
[2026-01-19T17:36:56.771+0000] {logging_mixin.py:151} INFO - [2026-01-19T17:36:56.769+0000] {dagbag.py:536} INFO - Filling up the DagBag from /opt/airflow/dags/ingestion_dag.py
[2026-01-19T17:36:56.833+0000] {processor.py:839} INFO - DAG(s) dict_keys(['ingestion_to_landing']) retrieved from /opt/airflow/dags/ingestion_dag.py
[2026-01-19T17:36:56.929+0000] {logging_mixin.py:151} INFO - [2026-01-19T17:36:56.928+0000] {dag.py:2941} INFO - Sync 1 DAGs
[2026-01-19T17:36:56.993+0000] {logging_mixin.py:151} INFO - [2026-01-19T17:36:56.993+0000] {dag.py:3722} INFO - Setting next_dagrun for ingestion_to_landing to 2026-01-18T21:44:42.425015+00:00, run_after=2026-01-19T21:44:42.425015+00:00
[2026-01-19T17:36:57.059+0000] {processor.py:179} INFO - Processing /opt/airflow/dags/ingestion_dag.py took 0.318 seconds
[2026-01-19T17:37:27.697+0000] {processor.py:157} INFO - Started process (PID=231) to work on /opt/airflow/dags/ingestion_dag.py
[2026-01-19T17:37:27.701+0000] {processor.py:829} INFO - Processing file /opt/airflow/dags/ingestion_dag.py for tasks to queue
[2026-01-19T17:37:27.704+0000] {logging_mixin.py:151} INFO - [2026-01-19T17:37:27.703+0000] {dagbag.py:536} INFO - Filling up the DagBag from /opt/airflow/dags/ingestion_dag.py
[2026-01-19T17:37:27.743+0000] {processor.py:839} INFO - DAG(s) dict_keys(['ingestion_to_landing']) retrieved from /opt/airflow/dags/ingestion_dag.py
[2026-01-19T17:37:27.833+0000] {logging_mixin.py:151} INFO - [2026-01-19T17:37:27.833+0000] {dag.py:2941} INFO - Sync 1 DAGs
[2026-01-19T17:37:27.888+0000] {logging_mixin.py:151} INFO - [2026-01-19T17:37:27.887+0000] {dag.py:3722} INFO - Setting next_dagrun for ingestion_to_landing to 2026-01-18T21:44:42.425015+00:00, run_after=2026-01-19T21:44:42.425015+00:00
[2026-01-19T17:37:27.946+0000] {processor.py:179} INFO - Processing /opt/airflow/dags/ingestion_dag.py took 0.263 seconds
[2026-01-19T17:37:58.429+0000] {processor.py:157} INFO - Started process (PID=236) to work on /opt/airflow/dags/ingestion_dag.py
[2026-01-19T17:37:58.445+0000] {processor.py:829} INFO - Processing file /opt/airflow/dags/ingestion_dag.py for tasks to queue
[2026-01-19T17:37:58.449+0000] {logging_mixin.py:151} INFO - [2026-01-19T17:37:58.448+0000] {dagbag.py:536} INFO - Filling up the DagBag from /opt/airflow/dags/ingestion_dag.py
[2026-01-19T17:37:58.508+0000] {processor.py:839} INFO - DAG(s) dict_keys(['ingestion_to_landing']) retrieved from /opt/airflow/dags/ingestion_dag.py
[2026-01-19T17:37:58.607+0000] {logging_mixin.py:151} INFO - [2026-01-19T17:37:58.607+0000] {dag.py:2941} INFO - Sync 1 DAGs
[2026-01-19T17:37:58.658+0000] {logging_mixin.py:151} INFO - [2026-01-19T17:37:58.658+0000] {dag.py:3722} INFO - Setting next_dagrun for ingestion_to_landing to 2026-01-18T21:44:42.425015+00:00, run_after=2026-01-19T21:44:42.425015+00:00
[2026-01-19T17:37:58.709+0000] {processor.py:179} INFO - Processing /opt/airflow/dags/ingestion_dag.py took 0.298 seconds
[2026-01-19T17:38:28.833+0000] {processor.py:157} INFO - Started process (PID=241) to work on /opt/airflow/dags/ingestion_dag.py
[2026-01-19T17:38:28.837+0000] {processor.py:829} INFO - Processing file /opt/airflow/dags/ingestion_dag.py for tasks to queue
[2026-01-19T17:38:28.840+0000] {logging_mixin.py:151} INFO - [2026-01-19T17:38:28.839+0000] {dagbag.py:536} INFO - Filling up the DagBag from /opt/airflow/dags/ingestion_dag.py
[2026-01-19T17:38:28.886+0000] {processor.py:839} INFO - DAG(s) dict_keys(['ingestion_to_landing']) retrieved from /opt/airflow/dags/ingestion_dag.py
[2026-01-19T17:38:28.976+0000] {logging_mixin.py:151} INFO - [2026-01-19T17:38:28.975+0000] {dag.py:2941} INFO - Sync 1 DAGs
[2026-01-19T17:38:29.031+0000] {logging_mixin.py:151} INFO - [2026-01-19T17:38:29.030+0000] {dag.py:3722} INFO - Setting next_dagrun for ingestion_to_landing to 2026-01-18T21:44:42.425015+00:00, run_after=2026-01-19T21:44:42.425015+00:00
[2026-01-19T17:38:29.084+0000] {processor.py:179} INFO - Processing /opt/airflow/dags/ingestion_dag.py took 0.270 seconds
[2026-01-19T17:38:59.265+0000] {processor.py:157} INFO - Started process (PID=246) to work on /opt/airflow/dags/ingestion_dag.py
[2026-01-19T17:38:59.269+0000] {processor.py:829} INFO - Processing file /opt/airflow/dags/ingestion_dag.py for tasks to queue
[2026-01-19T17:38:59.271+0000] {logging_mixin.py:151} INFO - [2026-01-19T17:38:59.271+0000] {dagbag.py:536} INFO - Filling up the DagBag from /opt/airflow/dags/ingestion_dag.py
[2026-01-19T17:38:59.311+0000] {processor.py:839} INFO - DAG(s) dict_keys(['ingestion_to_landing']) retrieved from /opt/airflow/dags/ingestion_dag.py
[2026-01-19T17:38:59.371+0000] {logging_mixin.py:151} INFO - [2026-01-19T17:38:59.370+0000] {dag.py:2941} INFO - Sync 1 DAGs
[2026-01-19T17:38:59.423+0000] {logging_mixin.py:151} INFO - [2026-01-19T17:38:59.422+0000] {dag.py:3722} INFO - Setting next_dagrun for ingestion_to_landing to 2026-01-18T21:44:42.425015+00:00, run_after=2026-01-19T21:44:42.425015+00:00
[2026-01-19T17:38:59.483+0000] {processor.py:179} INFO - Processing /opt/airflow/dags/ingestion_dag.py took 0.229 seconds
[2026-01-19T17:39:29.935+0000] {processor.py:157} INFO - Started process (PID=251) to work on /opt/airflow/dags/ingestion_dag.py
[2026-01-19T17:39:30.277+0000] {processor.py:829} INFO - Processing file /opt/airflow/dags/ingestion_dag.py for tasks to queue
[2026-01-19T17:39:30.281+0000] {logging_mixin.py:151} INFO - [2026-01-19T17:39:30.279+0000] {dagbag.py:536} INFO - Filling up the DagBag from /opt/airflow/dags/ingestion_dag.py
[2026-01-19T17:39:30.322+0000] {processor.py:839} INFO - DAG(s) dict_keys(['ingestion_to_landing']) retrieved from /opt/airflow/dags/ingestion_dag.py
[2026-01-19T17:39:30.390+0000] {logging_mixin.py:151} INFO - [2026-01-19T17:39:30.389+0000] {dag.py:2941} INFO - Sync 1 DAGs
[2026-01-19T17:39:30.443+0000] {logging_mixin.py:151} INFO - [2026-01-19T17:39:30.443+0000] {dag.py:3722} INFO - Setting next_dagrun for ingestion_to_landing to 2026-01-18T21:44:42.425015+00:00, run_after=2026-01-19T21:44:42.425015+00:00
[2026-01-19T17:39:30.573+0000] {processor.py:179} INFO - Processing /opt/airflow/dags/ingestion_dag.py took 0.658 seconds
[2026-01-19T17:40:01.038+0000] {processor.py:157} INFO - Started process (PID=256) to work on /opt/airflow/dags/ingestion_dag.py
[2026-01-19T17:40:01.052+0000] {processor.py:829} INFO - Processing file /opt/airflow/dags/ingestion_dag.py for tasks to queue
[2026-01-19T17:40:01.057+0000] {logging_mixin.py:151} INFO - [2026-01-19T17:40:01.054+0000] {dagbag.py:536} INFO - Filling up the DagBag from /opt/airflow/dags/ingestion_dag.py
[2026-01-19T17:40:01.099+0000] {processor.py:839} INFO - DAG(s) dict_keys(['ingestion_to_landing']) retrieved from /opt/airflow/dags/ingestion_dag.py
[2026-01-19T17:40:01.180+0000] {logging_mixin.py:151} INFO - [2026-01-19T17:40:01.180+0000] {dag.py:2941} INFO - Sync 1 DAGs
[2026-01-19T17:40:01.238+0000] {logging_mixin.py:151} INFO - [2026-01-19T17:40:01.237+0000] {dag.py:3722} INFO - Setting next_dagrun for ingestion_to_landing to 2026-01-18T21:44:42.425015+00:00, run_after=2026-01-19T21:44:42.425015+00:00
[2026-01-19T17:40:01.306+0000] {processor.py:179} INFO - Processing /opt/airflow/dags/ingestion_dag.py took 0.281 seconds
[2026-01-19T17:40:31.665+0000] {processor.py:157} INFO - Started process (PID=261) to work on /opt/airflow/dags/ingestion_dag.py
[2026-01-19T17:40:31.668+0000] {processor.py:829} INFO - Processing file /opt/airflow/dags/ingestion_dag.py for tasks to queue
[2026-01-19T17:40:31.671+0000] {logging_mixin.py:151} INFO - [2026-01-19T17:40:31.670+0000] {dagbag.py:536} INFO - Filling up the DagBag from /opt/airflow/dags/ingestion_dag.py
[2026-01-19T17:40:31.704+0000] {processor.py:839} INFO - DAG(s) dict_keys(['ingestion_to_landing']) retrieved from /opt/airflow/dags/ingestion_dag.py
[2026-01-19T17:40:31.784+0000] {logging_mixin.py:151} INFO - [2026-01-19T17:40:31.784+0000] {dag.py:2941} INFO - Sync 1 DAGs
[2026-01-19T17:40:31.868+0000] {logging_mixin.py:151} INFO - [2026-01-19T17:40:31.868+0000] {dag.py:3722} INFO - Setting next_dagrun for ingestion_to_landing to 2026-01-18T21:44:42.425015+00:00, run_after=2026-01-19T21:44:42.425015+00:00
[2026-01-19T17:40:31.965+0000] {processor.py:179} INFO - Processing /opt/airflow/dags/ingestion_dag.py took 0.315 seconds
[2026-01-19T17:41:02.562+0000] {processor.py:157} INFO - Started process (PID=266) to work on /opt/airflow/dags/ingestion_dag.py
[2026-01-19T17:41:02.580+0000] {processor.py:829} INFO - Processing file /opt/airflow/dags/ingestion_dag.py for tasks to queue
[2026-01-19T17:41:02.584+0000] {logging_mixin.py:151} INFO - [2026-01-19T17:41:02.582+0000] {dagbag.py:536} INFO - Filling up the DagBag from /opt/airflow/dags/ingestion_dag.py
[2026-01-19T17:41:02.635+0000] {processor.py:839} INFO - DAG(s) dict_keys(['ingestion_to_landing']) retrieved from /opt/airflow/dags/ingestion_dag.py
[2026-01-19T17:41:02.739+0000] {logging_mixin.py:151} INFO - [2026-01-19T17:41:02.739+0000] {dag.py:2941} INFO - Sync 1 DAGs
[2026-01-19T17:41:02.810+0000] {logging_mixin.py:151} INFO - [2026-01-19T17:41:02.809+0000] {dag.py:3722} INFO - Setting next_dagrun for ingestion_to_landing to 2026-01-18T21:44:42.425015+00:00, run_after=2026-01-19T21:44:42.425015+00:00
[2026-01-19T17:41:02.896+0000] {processor.py:179} INFO - Processing /opt/airflow/dags/ingestion_dag.py took 0.349 seconds
[2026-01-19T17:41:33.236+0000] {processor.py:157} INFO - Started process (PID=271) to work on /opt/airflow/dags/ingestion_dag.py
[2026-01-19T17:41:33.242+0000] {processor.py:829} INFO - Processing file /opt/airflow/dags/ingestion_dag.py for tasks to queue
[2026-01-19T17:41:33.245+0000] {logging_mixin.py:151} INFO - [2026-01-19T17:41:33.244+0000] {dagbag.py:536} INFO - Filling up the DagBag from /opt/airflow/dags/ingestion_dag.py
[2026-01-19T17:41:33.286+0000] {processor.py:839} INFO - DAG(s) dict_keys(['ingestion_to_landing']) retrieved from /opt/airflow/dags/ingestion_dag.py
[2026-01-19T17:41:33.361+0000] {logging_mixin.py:151} INFO - [2026-01-19T17:41:33.360+0000] {dag.py:2941} INFO - Sync 1 DAGs
[2026-01-19T17:41:33.484+0000] {logging_mixin.py:151} INFO - [2026-01-19T17:41:33.483+0000] {dag.py:3722} INFO - Setting next_dagrun for ingestion_to_landing to 2026-01-18T21:44:42.425015+00:00, run_after=2026-01-19T21:44:42.425015+00:00
[2026-01-19T17:41:33.549+0000] {processor.py:179} INFO - Processing /opt/airflow/dags/ingestion_dag.py took 0.329 seconds
[2026-01-19T17:42:04.484+0000] {processor.py:157} INFO - Started process (PID=276) to work on /opt/airflow/dags/ingestion_dag.py
[2026-01-19T17:42:04.517+0000] {processor.py:829} INFO - Processing file /opt/airflow/dags/ingestion_dag.py for tasks to queue
[2026-01-19T17:42:04.521+0000] {logging_mixin.py:151} INFO - [2026-01-19T17:42:04.519+0000] {dagbag.py:536} INFO - Filling up the DagBag from /opt/airflow/dags/ingestion_dag.py
[2026-01-19T17:42:04.598+0000] {processor.py:839} INFO - DAG(s) dict_keys(['ingestion_to_landing']) retrieved from /opt/airflow/dags/ingestion_dag.py
[2026-01-19T17:42:04.731+0000] {logging_mixin.py:151} INFO - [2026-01-19T17:42:04.731+0000] {dag.py:2941} INFO - Sync 1 DAGs
[2026-01-19T17:42:04.843+0000] {logging_mixin.py:151} INFO - [2026-01-19T17:42:04.842+0000] {dag.py:3722} INFO - Setting next_dagrun for ingestion_to_landing to 2026-01-18T21:44:42.425015+00:00, run_after=2026-01-19T21:44:42.425015+00:00
[2026-01-19T17:42:04.936+0000] {processor.py:179} INFO - Processing /opt/airflow/dags/ingestion_dag.py took 0.473 seconds
[2026-01-19T17:42:35.427+0000] {processor.py:157} INFO - Started process (PID=281) to work on /opt/airflow/dags/ingestion_dag.py
[2026-01-19T17:42:35.431+0000] {processor.py:829} INFO - Processing file /opt/airflow/dags/ingestion_dag.py for tasks to queue
[2026-01-19T17:42:35.436+0000] {logging_mixin.py:151} INFO - [2026-01-19T17:42:35.434+0000] {dagbag.py:536} INFO - Filling up the DagBag from /opt/airflow/dags/ingestion_dag.py
[2026-01-19T17:42:35.497+0000] {processor.py:839} INFO - DAG(s) dict_keys(['ingestion_to_landing']) retrieved from /opt/airflow/dags/ingestion_dag.py
[2026-01-19T17:42:35.571+0000] {logging_mixin.py:151} INFO - [2026-01-19T17:42:35.571+0000] {dag.py:2941} INFO - Sync 1 DAGs
[2026-01-19T17:42:35.657+0000] {logging_mixin.py:151} INFO - [2026-01-19T17:42:35.656+0000] {dag.py:3722} INFO - Setting next_dagrun for ingestion_to_landing to 2026-01-18T21:44:42.425015+00:00, run_after=2026-01-19T21:44:42.425015+00:00
[2026-01-19T17:42:35.713+0000] {processor.py:179} INFO - Processing /opt/airflow/dags/ingestion_dag.py took 0.312 seconds
[2026-01-19T17:43:06.075+0000] {processor.py:157} INFO - Started process (PID=286) to work on /opt/airflow/dags/ingestion_dag.py
[2026-01-19T17:43:06.079+0000] {processor.py:829} INFO - Processing file /opt/airflow/dags/ingestion_dag.py for tasks to queue
[2026-01-19T17:43:06.082+0000] {logging_mixin.py:151} INFO - [2026-01-19T17:43:06.081+0000] {dagbag.py:536} INFO - Filling up the DagBag from /opt/airflow/dags/ingestion_dag.py
[2026-01-19T17:43:06.125+0000] {processor.py:839} INFO - DAG(s) dict_keys(['ingestion_to_landing']) retrieved from /opt/airflow/dags/ingestion_dag.py
[2026-01-19T17:43:06.210+0000] {logging_mixin.py:151} INFO - [2026-01-19T17:43:06.209+0000] {dag.py:2941} INFO - Sync 1 DAGs
[2026-01-19T17:43:06.281+0000] {logging_mixin.py:151} INFO - [2026-01-19T17:43:06.280+0000] {dag.py:3722} INFO - Setting next_dagrun for ingestion_to_landing to 2026-01-18T21:44:42.425015+00:00, run_after=2026-01-19T21:44:42.425015+00:00
[2026-01-19T17:43:06.351+0000] {processor.py:179} INFO - Processing /opt/airflow/dags/ingestion_dag.py took 0.291 seconds
[2026-01-19T17:43:36.641+0000] {processor.py:157} INFO - Started process (PID=291) to work on /opt/airflow/dags/ingestion_dag.py
[2026-01-19T17:43:36.644+0000] {processor.py:829} INFO - Processing file /opt/airflow/dags/ingestion_dag.py for tasks to queue
[2026-01-19T17:43:36.647+0000] {logging_mixin.py:151} INFO - [2026-01-19T17:43:36.646+0000] {dagbag.py:536} INFO - Filling up the DagBag from /opt/airflow/dags/ingestion_dag.py
[2026-01-19T17:43:36.694+0000] {processor.py:839} INFO - DAG(s) dict_keys(['ingestion_to_landing']) retrieved from /opt/airflow/dags/ingestion_dag.py
[2026-01-19T17:43:36.801+0000] {logging_mixin.py:151} INFO - [2026-01-19T17:43:36.800+0000] {dag.py:2941} INFO - Sync 1 DAGs
[2026-01-19T17:43:36.927+0000] {logging_mixin.py:151} INFO - [2026-01-19T17:43:36.926+0000] {dag.py:3722} INFO - Setting next_dagrun for ingestion_to_landing to 2026-01-18T21:44:42.425015+00:00, run_after=2026-01-19T21:44:42.425015+00:00
[2026-01-19T17:43:37.057+0000] {processor.py:179} INFO - Processing /opt/airflow/dags/ingestion_dag.py took 0.432 seconds
[2026-01-19T17:44:07.410+0000] {processor.py:157} INFO - Started process (PID=296) to work on /opt/airflow/dags/ingestion_dag.py
[2026-01-19T17:44:07.412+0000] {processor.py:829} INFO - Processing file /opt/airflow/dags/ingestion_dag.py for tasks to queue
[2026-01-19T17:44:07.415+0000] {logging_mixin.py:151} INFO - [2026-01-19T17:44:07.414+0000] {dagbag.py:536} INFO - Filling up the DagBag from /opt/airflow/dags/ingestion_dag.py
[2026-01-19T17:44:07.479+0000] {processor.py:839} INFO - DAG(s) dict_keys(['ingestion_to_landing']) retrieved from /opt/airflow/dags/ingestion_dag.py
[2026-01-19T17:44:07.589+0000] {logging_mixin.py:151} INFO - [2026-01-19T17:44:07.588+0000] {dag.py:2941} INFO - Sync 1 DAGs
[2026-01-19T17:44:07.691+0000] {logging_mixin.py:151} INFO - [2026-01-19T17:44:07.690+0000] {dag.py:3722} INFO - Setting next_dagrun for ingestion_to_landing to 2026-01-18T21:44:42.425015+00:00, run_after=2026-01-19T21:44:42.425015+00:00
[2026-01-19T17:44:07.811+0000] {processor.py:179} INFO - Processing /opt/airflow/dags/ingestion_dag.py took 0.419 seconds
[2026-01-19T17:44:38.781+0000] {processor.py:157} INFO - Started process (PID=301) to work on /opt/airflow/dags/ingestion_dag.py
[2026-01-19T17:44:38.958+0000] {processor.py:829} INFO - Processing file /opt/airflow/dags/ingestion_dag.py for tasks to queue
[2026-01-19T17:44:38.994+0000] {logging_mixin.py:151} INFO - [2026-01-19T17:44:38.960+0000] {dagbag.py:536} INFO - Filling up the DagBag from /opt/airflow/dags/ingestion_dag.py
[2026-01-19T17:44:39.213+0000] {processor.py:839} INFO - DAG(s) dict_keys(['ingestion_to_landing']) retrieved from /opt/airflow/dags/ingestion_dag.py
[2026-01-19T17:44:39.572+0000] {logging_mixin.py:151} INFO - [2026-01-19T17:44:39.571+0000] {dag.py:2941} INFO - Sync 1 DAGs
[2026-01-19T17:44:40.305+0000] {logging_mixin.py:151} INFO - [2026-01-19T17:44:40.294+0000] {dag.py:3722} INFO - Setting next_dagrun for ingestion_to_landing to 2026-01-18T21:44:42.425015+00:00, run_after=2026-01-19T21:44:42.425015+00:00
[2026-01-19T17:44:41.654+0000] {processor.py:179} INFO - Processing /opt/airflow/dags/ingestion_dag.py took 3.256 seconds
[2026-01-19T17:45:12.164+0000] {processor.py:157} INFO - Started process (PID=306) to work on /opt/airflow/dags/ingestion_dag.py
[2026-01-19T17:45:12.168+0000] {processor.py:829} INFO - Processing file /opt/airflow/dags/ingestion_dag.py for tasks to queue
[2026-01-19T17:45:12.171+0000] {logging_mixin.py:151} INFO - [2026-01-19T17:45:12.170+0000] {dagbag.py:536} INFO - Filling up the DagBag from /opt/airflow/dags/ingestion_dag.py
[2026-01-19T17:45:12.242+0000] {processor.py:839} INFO - DAG(s) dict_keys(['ingestion_to_landing']) retrieved from /opt/airflow/dags/ingestion_dag.py
[2026-01-19T17:45:12.348+0000] {logging_mixin.py:151} INFO - [2026-01-19T17:45:12.347+0000] {dag.py:2941} INFO - Sync 1 DAGs
[2026-01-19T17:45:12.417+0000] {logging_mixin.py:151} INFO - [2026-01-19T17:45:12.417+0000] {dag.py:3722} INFO - Setting next_dagrun for ingestion_to_landing to 2026-01-18T21:44:42.425015+00:00, run_after=2026-01-19T21:44:42.425015+00:00
[2026-01-19T17:45:12.467+0000] {processor.py:179} INFO - Processing /opt/airflow/dags/ingestion_dag.py took 0.321 seconds
[2026-01-19T17:45:42.792+0000] {processor.py:157} INFO - Started process (PID=311) to work on /opt/airflow/dags/ingestion_dag.py
[2026-01-19T17:45:42.806+0000] {processor.py:829} INFO - Processing file /opt/airflow/dags/ingestion_dag.py for tasks to queue
[2026-01-19T17:45:42.809+0000] {logging_mixin.py:151} INFO - [2026-01-19T17:45:42.808+0000] {dagbag.py:536} INFO - Filling up the DagBag from /opt/airflow/dags/ingestion_dag.py
[2026-01-19T17:45:42.855+0000] {processor.py:839} INFO - DAG(s) dict_keys(['ingestion_to_landing']) retrieved from /opt/airflow/dags/ingestion_dag.py
[2026-01-19T17:45:42.933+0000] {logging_mixin.py:151} INFO - [2026-01-19T17:45:42.932+0000] {dag.py:2941} INFO - Sync 1 DAGs
[2026-01-19T17:45:43.072+0000] {logging_mixin.py:151} INFO - [2026-01-19T17:45:43.071+0000] {dag.py:3722} INFO - Setting next_dagrun for ingestion_to_landing to 2026-01-18T21:44:42.425015+00:00, run_after=2026-01-19T21:44:42.425015+00:00
[2026-01-19T17:45:43.192+0000] {processor.py:179} INFO - Processing /opt/airflow/dags/ingestion_dag.py took 0.413 seconds
[2026-01-19T17:46:14.234+0000] {processor.py:157} INFO - Started process (PID=316) to work on /opt/airflow/dags/ingestion_dag.py
[2026-01-19T17:46:14.249+0000] {processor.py:829} INFO - Processing file /opt/airflow/dags/ingestion_dag.py for tasks to queue
[2026-01-19T17:46:14.253+0000] {logging_mixin.py:151} INFO - [2026-01-19T17:46:14.251+0000] {dagbag.py:536} INFO - Filling up the DagBag from /opt/airflow/dags/ingestion_dag.py
[2026-01-19T17:46:14.452+0000] {processor.py:839} INFO - DAG(s) dict_keys(['ingestion_to_landing']) retrieved from /opt/airflow/dags/ingestion_dag.py
[2026-01-19T17:46:14.726+0000] {logging_mixin.py:151} INFO - [2026-01-19T17:46:14.726+0000] {dag.py:2941} INFO - Sync 1 DAGs
[2026-01-19T17:46:14.874+0000] {logging_mixin.py:151} INFO - [2026-01-19T17:46:14.874+0000] {dag.py:3722} INFO - Setting next_dagrun for ingestion_to_landing to 2026-01-18T21:44:42.425015+00:00, run_after=2026-01-19T21:44:42.425015+00:00
[2026-01-19T17:46:15.092+0000] {processor.py:179} INFO - Processing /opt/airflow/dags/ingestion_dag.py took 0.897 seconds
[2026-01-19T17:46:45.822+0000] {processor.py:157} INFO - Started process (PID=321) to work on /opt/airflow/dags/ingestion_dag.py
[2026-01-19T17:46:45.844+0000] {processor.py:829} INFO - Processing file /opt/airflow/dags/ingestion_dag.py for tasks to queue
[2026-01-19T17:46:45.852+0000] {logging_mixin.py:151} INFO - [2026-01-19T17:46:45.851+0000] {dagbag.py:536} INFO - Filling up the DagBag from /opt/airflow/dags/ingestion_dag.py
[2026-01-19T17:46:46.019+0000] {processor.py:839} INFO - DAG(s) dict_keys(['ingestion_to_landing']) retrieved from /opt/airflow/dags/ingestion_dag.py
[2026-01-19T17:46:46.385+0000] {logging_mixin.py:151} INFO - [2026-01-19T17:46:46.384+0000] {dag.py:2941} INFO - Sync 1 DAGs
[2026-01-19T17:46:46.523+0000] {logging_mixin.py:151} INFO - [2026-01-19T17:46:46.523+0000] {dag.py:3722} INFO - Setting next_dagrun for ingestion_to_landing to 2026-01-18T21:44:42.425015+00:00, run_after=2026-01-19T21:44:42.425015+00:00
[2026-01-19T17:46:46.632+0000] {processor.py:179} INFO - Processing /opt/airflow/dags/ingestion_dag.py took 0.825 seconds
[2026-01-19T17:47:17.578+0000] {processor.py:157} INFO - Started process (PID=326) to work on /opt/airflow/dags/ingestion_dag.py
[2026-01-19T17:47:17.583+0000] {processor.py:829} INFO - Processing file /opt/airflow/dags/ingestion_dag.py for tasks to queue
[2026-01-19T17:47:17.587+0000] {logging_mixin.py:151} INFO - [2026-01-19T17:47:17.586+0000] {dagbag.py:536} INFO - Filling up the DagBag from /opt/airflow/dags/ingestion_dag.py
[2026-01-19T17:47:17.694+0000] {processor.py:839} INFO - DAG(s) dict_keys(['ingestion_to_landing']) retrieved from /opt/airflow/dags/ingestion_dag.py
[2026-01-19T17:47:17.928+0000] {logging_mixin.py:151} INFO - [2026-01-19T17:47:17.927+0000] {dag.py:2941} INFO - Sync 1 DAGs
[2026-01-19T17:47:18.038+0000] {logging_mixin.py:151} INFO - [2026-01-19T17:47:18.037+0000] {dag.py:3722} INFO - Setting next_dagrun for ingestion_to_landing to 2026-01-18T21:44:42.425015+00:00, run_after=2026-01-19T21:44:42.425015+00:00
[2026-01-19T17:47:18.167+0000] {processor.py:179} INFO - Processing /opt/airflow/dags/ingestion_dag.py took 0.614 seconds
[2026-01-19T17:47:48.354+0000] {processor.py:157} INFO - Started process (PID=331) to work on /opt/airflow/dags/ingestion_dag.py
[2026-01-19T17:47:48.370+0000] {processor.py:829} INFO - Processing file /opt/airflow/dags/ingestion_dag.py for tasks to queue
[2026-01-19T17:47:48.376+0000] {logging_mixin.py:151} INFO - [2026-01-19T17:47:48.373+0000] {dagbag.py:536} INFO - Filling up the DagBag from /opt/airflow/dags/ingestion_dag.py
[2026-01-19T17:47:48.423+0000] {processor.py:839} INFO - DAG(s) dict_keys(['ingestion_to_landing']) retrieved from /opt/airflow/dags/ingestion_dag.py
[2026-01-19T17:47:48.588+0000] {logging_mixin.py:151} INFO - [2026-01-19T17:47:48.587+0000] {dag.py:2941} INFO - Sync 1 DAGs
[2026-01-19T17:47:48.698+0000] {logging_mixin.py:151} INFO - [2026-01-19T17:47:48.698+0000] {dag.py:3722} INFO - Setting next_dagrun for ingestion_to_landing to 2026-01-18T21:44:42.425015+00:00, run_after=2026-01-19T21:44:42.425015+00:00
[2026-01-19T17:47:48.827+0000] {processor.py:179} INFO - Processing /opt/airflow/dags/ingestion_dag.py took 0.489 seconds
[2026-01-19T17:48:19.982+0000] {processor.py:157} INFO - Started process (PID=336) to work on /opt/airflow/dags/ingestion_dag.py
[2026-01-19T17:48:20.002+0000] {processor.py:829} INFO - Processing file /opt/airflow/dags/ingestion_dag.py for tasks to queue
[2026-01-19T17:48:20.015+0000] {logging_mixin.py:151} INFO - [2026-01-19T17:48:20.010+0000] {dagbag.py:536} INFO - Filling up the DagBag from /opt/airflow/dags/ingestion_dag.py
[2026-01-19T17:48:20.247+0000] {processor.py:839} INFO - DAG(s) dict_keys(['ingestion_to_landing']) retrieved from /opt/airflow/dags/ingestion_dag.py
[2026-01-19T17:48:20.443+0000] {logging_mixin.py:151} INFO - [2026-01-19T17:48:20.441+0000] {dag.py:2941} INFO - Sync 1 DAGs
[2026-01-19T17:48:20.535+0000] {logging_mixin.py:151} INFO - [2026-01-19T17:48:20.535+0000] {dag.py:3722} INFO - Setting next_dagrun for ingestion_to_landing to 2026-01-18T21:44:42.425015+00:00, run_after=2026-01-19T21:44:42.425015+00:00
[2026-01-19T17:48:20.585+0000] {processor.py:179} INFO - Processing /opt/airflow/dags/ingestion_dag.py took 0.902 seconds
[2026-01-19T17:48:51.021+0000] {processor.py:157} INFO - Started process (PID=341) to work on /opt/airflow/dags/ingestion_dag.py
[2026-01-19T17:48:51.030+0000] {processor.py:829} INFO - Processing file /opt/airflow/dags/ingestion_dag.py for tasks to queue
[2026-01-19T17:48:51.035+0000] {logging_mixin.py:151} INFO - [2026-01-19T17:48:51.033+0000] {dagbag.py:536} INFO - Filling up the DagBag from /opt/airflow/dags/ingestion_dag.py
[2026-01-19T17:48:51.138+0000] {processor.py:839} INFO - DAG(s) dict_keys(['ingestion_to_landing']) retrieved from /opt/airflow/dags/ingestion_dag.py
[2026-01-19T17:48:51.328+0000] {logging_mixin.py:151} INFO - [2026-01-19T17:48:51.328+0000] {dag.py:2941} INFO - Sync 1 DAGs
[2026-01-19T17:48:51.389+0000] {logging_mixin.py:151} INFO - [2026-01-19T17:48:51.389+0000] {dag.py:3722} INFO - Setting next_dagrun for ingestion_to_landing to 2026-01-18T21:44:42.425015+00:00, run_after=2026-01-19T21:44:42.425015+00:00
[2026-01-19T17:48:51.440+0000] {processor.py:179} INFO - Processing /opt/airflow/dags/ingestion_dag.py took 0.498 seconds
[2026-01-19T17:49:21.775+0000] {processor.py:157} INFO - Started process (PID=346) to work on /opt/airflow/dags/ingestion_dag.py
[2026-01-19T17:49:21.788+0000] {processor.py:829} INFO - Processing file /opt/airflow/dags/ingestion_dag.py for tasks to queue
[2026-01-19T17:49:21.790+0000] {logging_mixin.py:151} INFO - [2026-01-19T17:49:21.789+0000] {dagbag.py:536} INFO - Filling up the DagBag from /opt/airflow/dags/ingestion_dag.py
[2026-01-19T17:49:21.827+0000] {processor.py:839} INFO - DAG(s) dict_keys(['ingestion_to_landing']) retrieved from /opt/airflow/dags/ingestion_dag.py
[2026-01-19T17:49:21.898+0000] {logging_mixin.py:151} INFO - [2026-01-19T17:49:21.897+0000] {dag.py:2941} INFO - Sync 1 DAGs
[2026-01-19T17:49:21.994+0000] {logging_mixin.py:151} INFO - [2026-01-19T17:49:21.993+0000] {dag.py:3722} INFO - Setting next_dagrun for ingestion_to_landing to 2026-01-18T21:44:42.425015+00:00, run_after=2026-01-19T21:44:42.425015+00:00
[2026-01-19T17:49:22.054+0000] {processor.py:179} INFO - Processing /opt/airflow/dags/ingestion_dag.py took 0.287 seconds
[2026-01-19T17:49:52.137+0000] {processor.py:157} INFO - Started process (PID=351) to work on /opt/airflow/dags/ingestion_dag.py
[2026-01-19T17:49:52.141+0000] {processor.py:829} INFO - Processing file /opt/airflow/dags/ingestion_dag.py for tasks to queue
[2026-01-19T17:49:52.144+0000] {logging_mixin.py:151} INFO - [2026-01-19T17:49:52.143+0000] {dagbag.py:536} INFO - Filling up the DagBag from /opt/airflow/dags/ingestion_dag.py
[2026-01-19T17:49:52.179+0000] {processor.py:839} INFO - DAG(s) dict_keys(['ingestion_to_landing']) retrieved from /opt/airflow/dags/ingestion_dag.py
[2026-01-19T17:49:52.249+0000] {logging_mixin.py:151} INFO - [2026-01-19T17:49:52.248+0000] {dag.py:2941} INFO - Sync 1 DAGs
[2026-01-19T17:49:52.309+0000] {logging_mixin.py:151} INFO - [2026-01-19T17:49:52.308+0000] {dag.py:3722} INFO - Setting next_dagrun for ingestion_to_landing to 2026-01-18T21:44:42.425015+00:00, run_after=2026-01-19T21:44:42.425015+00:00
[2026-01-19T17:49:52.370+0000] {processor.py:179} INFO - Processing /opt/airflow/dags/ingestion_dag.py took 0.246 seconds
[2026-01-19T17:50:22.779+0000] {processor.py:157} INFO - Started process (PID=356) to work on /opt/airflow/dags/ingestion_dag.py
[2026-01-19T17:50:22.782+0000] {processor.py:829} INFO - Processing file /opt/airflow/dags/ingestion_dag.py for tasks to queue
[2026-01-19T17:50:22.784+0000] {logging_mixin.py:151} INFO - [2026-01-19T17:50:22.783+0000] {dagbag.py:536} INFO - Filling up the DagBag from /opt/airflow/dags/ingestion_dag.py
[2026-01-19T17:50:22.816+0000] {processor.py:839} INFO - DAG(s) dict_keys(['ingestion_to_landing']) retrieved from /opt/airflow/dags/ingestion_dag.py
[2026-01-19T17:50:22.890+0000] {logging_mixin.py:151} INFO - [2026-01-19T17:50:22.890+0000] {dag.py:2941} INFO - Sync 1 DAGs
[2026-01-19T17:50:22.959+0000] {logging_mixin.py:151} INFO - [2026-01-19T17:50:22.958+0000] {dag.py:3722} INFO - Setting next_dagrun for ingestion_to_landing to 2026-01-18T21:44:42.425015+00:00, run_after=2026-01-19T21:44:42.425015+00:00
[2026-01-19T17:50:23.017+0000] {processor.py:179} INFO - Processing /opt/airflow/dags/ingestion_dag.py took 0.246 seconds
[2026-01-19T17:50:53.742+0000] {processor.py:157} INFO - Started process (PID=361) to work on /opt/airflow/dags/ingestion_dag.py
[2026-01-19T17:50:53.748+0000] {processor.py:829} INFO - Processing file /opt/airflow/dags/ingestion_dag.py for tasks to queue
[2026-01-19T17:50:53.752+0000] {logging_mixin.py:151} INFO - [2026-01-19T17:50:53.750+0000] {dagbag.py:536} INFO - Filling up the DagBag from /opt/airflow/dags/ingestion_dag.py
[2026-01-19T17:50:53.806+0000] {processor.py:839} INFO - DAG(s) dict_keys(['ingestion_to_landing']) retrieved from /opt/airflow/dags/ingestion_dag.py
[2026-01-19T17:50:53.946+0000] {logging_mixin.py:151} INFO - [2026-01-19T17:50:53.945+0000] {dag.py:2941} INFO - Sync 1 DAGs
[2026-01-19T17:50:54.020+0000] {logging_mixin.py:151} INFO - [2026-01-19T17:50:54.019+0000] {dag.py:3722} INFO - Setting next_dagrun for ingestion_to_landing to 2026-01-18T21:44:42.425015+00:00, run_after=2026-01-19T21:44:42.425015+00:00
[2026-01-19T17:50:54.086+0000] {processor.py:179} INFO - Processing /opt/airflow/dags/ingestion_dag.py took 0.361 seconds
[2026-01-19T17:51:24.515+0000] {processor.py:157} INFO - Started process (PID=366) to work on /opt/airflow/dags/ingestion_dag.py
[2026-01-19T17:51:24.521+0000] {processor.py:829} INFO - Processing file /opt/airflow/dags/ingestion_dag.py for tasks to queue
[2026-01-19T17:51:24.525+0000] {logging_mixin.py:151} INFO - [2026-01-19T17:51:24.523+0000] {dagbag.py:536} INFO - Filling up the DagBag from /opt/airflow/dags/ingestion_dag.py
[2026-01-19T17:51:24.590+0000] {processor.py:839} INFO - DAG(s) dict_keys(['ingestion_to_landing']) retrieved from /opt/airflow/dags/ingestion_dag.py
[2026-01-19T17:51:24.778+0000] {logging_mixin.py:151} INFO - [2026-01-19T17:51:24.774+0000] {dag.py:2941} INFO - Sync 1 DAGs
[2026-01-19T17:51:24.863+0000] {logging_mixin.py:151} INFO - [2026-01-19T17:51:24.862+0000] {dag.py:3722} INFO - Setting next_dagrun for ingestion_to_landing to 2026-01-18T21:44:42.425015+00:00, run_after=2026-01-19T21:44:42.425015+00:00
[2026-01-19T17:51:24.942+0000] {processor.py:179} INFO - Processing /opt/airflow/dags/ingestion_dag.py took 0.459 seconds
[2026-01-19T17:51:55.168+0000] {processor.py:157} INFO - Started process (PID=371) to work on /opt/airflow/dags/ingestion_dag.py
[2026-01-19T17:51:55.171+0000] {processor.py:829} INFO - Processing file /opt/airflow/dags/ingestion_dag.py for tasks to queue
[2026-01-19T17:51:55.174+0000] {logging_mixin.py:151} INFO - [2026-01-19T17:51:55.173+0000] {dagbag.py:536} INFO - Filling up the DagBag from /opt/airflow/dags/ingestion_dag.py
[2026-01-19T17:51:55.209+0000] {processor.py:839} INFO - DAG(s) dict_keys(['ingestion_to_landing']) retrieved from /opt/airflow/dags/ingestion_dag.py
[2026-01-19T17:51:55.284+0000] {logging_mixin.py:151} INFO - [2026-01-19T17:51:55.283+0000] {dag.py:2941} INFO - Sync 1 DAGs
[2026-01-19T17:51:55.371+0000] {logging_mixin.py:151} INFO - [2026-01-19T17:51:55.371+0000] {dag.py:3722} INFO - Setting next_dagrun for ingestion_to_landing to 2026-01-18T21:44:42.425015+00:00, run_after=2026-01-19T21:44:42.425015+00:00
[2026-01-19T17:51:55.448+0000] {processor.py:179} INFO - Processing /opt/airflow/dags/ingestion_dag.py took 0.290 seconds
[2026-01-19T17:52:26.177+0000] {processor.py:157} INFO - Started process (PID=376) to work on /opt/airflow/dags/ingestion_dag.py
[2026-01-19T17:52:26.182+0000] {processor.py:829} INFO - Processing file /opt/airflow/dags/ingestion_dag.py for tasks to queue
[2026-01-19T17:52:26.185+0000] {logging_mixin.py:151} INFO - [2026-01-19T17:52:26.184+0000] {dagbag.py:536} INFO - Filling up the DagBag from /opt/airflow/dags/ingestion_dag.py
[2026-01-19T17:52:26.249+0000] {processor.py:839} INFO - DAG(s) dict_keys(['ingestion_to_landing']) retrieved from /opt/airflow/dags/ingestion_dag.py
[2026-01-19T17:52:26.379+0000] {logging_mixin.py:151} INFO - [2026-01-19T17:52:26.378+0000] {dag.py:2941} INFO - Sync 1 DAGs
[2026-01-19T17:52:26.445+0000] {logging_mixin.py:151} INFO - [2026-01-19T17:52:26.444+0000] {dag.py:3722} INFO - Setting next_dagrun for ingestion_to_landing to 2026-01-18T21:44:42.425015+00:00, run_after=2026-01-19T21:44:42.425015+00:00
[2026-01-19T17:52:26.525+0000] {processor.py:179} INFO - Processing /opt/airflow/dags/ingestion_dag.py took 0.359 seconds
[2026-01-19T17:52:56.912+0000] {processor.py:157} INFO - Started process (PID=381) to work on /opt/airflow/dags/ingestion_dag.py
[2026-01-19T17:52:56.915+0000] {processor.py:829} INFO - Processing file /opt/airflow/dags/ingestion_dag.py for tasks to queue
[2026-01-19T17:52:56.917+0000] {logging_mixin.py:151} INFO - [2026-01-19T17:52:56.916+0000] {dagbag.py:536} INFO - Filling up the DagBag from /opt/airflow/dags/ingestion_dag.py
[2026-01-19T17:52:56.950+0000] {processor.py:839} INFO - DAG(s) dict_keys(['ingestion_to_landing']) retrieved from /opt/airflow/dags/ingestion_dag.py
[2026-01-19T17:52:57.021+0000] {logging_mixin.py:151} INFO - [2026-01-19T17:52:57.021+0000] {dag.py:2941} INFO - Sync 1 DAGs
[2026-01-19T17:52:57.080+0000] {logging_mixin.py:151} INFO - [2026-01-19T17:52:57.079+0000] {dag.py:3722} INFO - Setting next_dagrun for ingestion_to_landing to 2026-01-18T21:44:42.425015+00:00, run_after=2026-01-19T21:44:42.425015+00:00
[2026-01-19T17:52:57.145+0000] {processor.py:179} INFO - Processing /opt/airflow/dags/ingestion_dag.py took 0.247 seconds
[2026-01-19T17:53:27.374+0000] {processor.py:157} INFO - Started process (PID=386) to work on /opt/airflow/dags/ingestion_dag.py
[2026-01-19T17:53:27.391+0000] {processor.py:829} INFO - Processing file /opt/airflow/dags/ingestion_dag.py for tasks to queue
[2026-01-19T17:53:27.396+0000] {logging_mixin.py:151} INFO - [2026-01-19T17:53:27.394+0000] {dagbag.py:536} INFO - Filling up the DagBag from /opt/airflow/dags/ingestion_dag.py
[2026-01-19T17:53:27.463+0000] {processor.py:839} INFO - DAG(s) dict_keys(['ingestion_to_landing']) retrieved from /opt/airflow/dags/ingestion_dag.py
[2026-01-19T17:53:27.601+0000] {logging_mixin.py:151} INFO - [2026-01-19T17:53:27.601+0000] {dag.py:2941} INFO - Sync 1 DAGs
[2026-01-19T17:53:27.684+0000] {logging_mixin.py:151} INFO - [2026-01-19T17:53:27.684+0000] {dag.py:3722} INFO - Setting next_dagrun for ingestion_to_landing to 2026-01-18T21:44:42.425015+00:00, run_after=2026-01-19T21:44:42.425015+00:00
[2026-01-19T17:53:27.757+0000] {processor.py:179} INFO - Processing /opt/airflow/dags/ingestion_dag.py took 0.406 seconds
[2026-01-19T17:53:58.303+0000] {processor.py:157} INFO - Started process (PID=391) to work on /opt/airflow/dags/ingestion_dag.py
[2026-01-19T17:53:58.305+0000] {processor.py:829} INFO - Processing file /opt/airflow/dags/ingestion_dag.py for tasks to queue
[2026-01-19T17:53:58.307+0000] {logging_mixin.py:151} INFO - [2026-01-19T17:53:58.307+0000] {dagbag.py:536} INFO - Filling up the DagBag from /opt/airflow/dags/ingestion_dag.py
[2026-01-19T17:53:58.357+0000] {processor.py:839} INFO - DAG(s) dict_keys(['ingestion_to_landing']) retrieved from /opt/airflow/dags/ingestion_dag.py
[2026-01-19T17:53:58.493+0000] {logging_mixin.py:151} INFO - [2026-01-19T17:53:58.492+0000] {dag.py:2941} INFO - Sync 1 DAGs
[2026-01-19T17:53:58.595+0000] {logging_mixin.py:151} INFO - [2026-01-19T17:53:58.595+0000] {dag.py:3722} INFO - Setting next_dagrun for ingestion_to_landing to 2026-01-18T21:44:42.425015+00:00, run_after=2026-01-19T21:44:42.425015+00:00
[2026-01-19T17:53:58.698+0000] {processor.py:179} INFO - Processing /opt/airflow/dags/ingestion_dag.py took 0.404 seconds
[2026-01-19T17:54:28.896+0000] {processor.py:157} INFO - Started process (PID=396) to work on /opt/airflow/dags/ingestion_dag.py
[2026-01-19T17:54:28.912+0000] {processor.py:829} INFO - Processing file /opt/airflow/dags/ingestion_dag.py for tasks to queue
[2026-01-19T17:54:28.925+0000] {logging_mixin.py:151} INFO - [2026-01-19T17:54:28.918+0000] {dagbag.py:536} INFO - Filling up the DagBag from /opt/airflow/dags/ingestion_dag.py
[2026-01-19T17:54:29.047+0000] {processor.py:839} INFO - DAG(s) dict_keys(['ingestion_to_landing']) retrieved from /opt/airflow/dags/ingestion_dag.py
[2026-01-19T17:54:29.398+0000] {logging_mixin.py:151} INFO - [2026-01-19T17:54:29.398+0000] {dag.py:2941} INFO - Sync 1 DAGs
[2026-01-19T17:54:29.496+0000] {logging_mixin.py:151} INFO - [2026-01-19T17:54:29.495+0000] {dag.py:3722} INFO - Setting next_dagrun for ingestion_to_landing to 2026-01-18T21:44:42.425015+00:00, run_after=2026-01-19T21:44:42.425015+00:00
[2026-01-19T17:54:29.623+0000] {processor.py:179} INFO - Processing /opt/airflow/dags/ingestion_dag.py took 0.745 seconds
[2026-01-19T17:55:00.281+0000] {processor.py:157} INFO - Started process (PID=401) to work on /opt/airflow/dags/ingestion_dag.py
[2026-01-19T17:55:00.284+0000] {processor.py:829} INFO - Processing file /opt/airflow/dags/ingestion_dag.py for tasks to queue
[2026-01-19T17:55:00.288+0000] {logging_mixin.py:151} INFO - [2026-01-19T17:55:00.286+0000] {dagbag.py:536} INFO - Filling up the DagBag from /opt/airflow/dags/ingestion_dag.py
[2026-01-19T17:55:00.331+0000] {processor.py:839} INFO - DAG(s) dict_keys(['ingestion_to_landing']) retrieved from /opt/airflow/dags/ingestion_dag.py
[2026-01-19T17:55:00.395+0000] {logging_mixin.py:151} INFO - [2026-01-19T17:55:00.395+0000] {dag.py:2941} INFO - Sync 1 DAGs
[2026-01-19T17:55:00.462+0000] {logging_mixin.py:151} INFO - [2026-01-19T17:55:00.462+0000] {dag.py:3722} INFO - Setting next_dagrun for ingestion_to_landing to 2026-01-18T21:44:42.425015+00:00, run_after=2026-01-19T21:44:42.425015+00:00
[2026-01-19T17:55:00.533+0000] {processor.py:179} INFO - Processing /opt/airflow/dags/ingestion_dag.py took 0.272 seconds
[2026-01-19T17:55:31.022+0000] {processor.py:157} INFO - Started process (PID=406) to work on /opt/airflow/dags/ingestion_dag.py
[2026-01-19T17:55:31.025+0000] {processor.py:829} INFO - Processing file /opt/airflow/dags/ingestion_dag.py for tasks to queue
[2026-01-19T17:55:31.027+0000] {logging_mixin.py:151} INFO - [2026-01-19T17:55:31.027+0000] {dagbag.py:536} INFO - Filling up the DagBag from /opt/airflow/dags/ingestion_dag.py
[2026-01-19T17:55:31.068+0000] {processor.py:839} INFO - DAG(s) dict_keys(['ingestion_to_landing']) retrieved from /opt/airflow/dags/ingestion_dag.py
[2026-01-19T17:55:31.171+0000] {logging_mixin.py:151} INFO - [2026-01-19T17:55:31.170+0000] {dag.py:2941} INFO - Sync 1 DAGs
[2026-01-19T17:55:31.271+0000] {logging_mixin.py:151} INFO - [2026-01-19T17:55:31.270+0000] {dag.py:3722} INFO - Setting next_dagrun for ingestion_to_landing to 2026-01-18T21:44:42.425015+00:00, run_after=2026-01-19T21:44:42.425015+00:00
[2026-01-19T17:55:31.340+0000] {processor.py:179} INFO - Processing /opt/airflow/dags/ingestion_dag.py took 0.336 seconds
[2026-01-19T17:56:01.684+0000] {processor.py:157} INFO - Started process (PID=411) to work on /opt/airflow/dags/ingestion_dag.py
[2026-01-19T17:56:01.691+0000] {processor.py:829} INFO - Processing file /opt/airflow/dags/ingestion_dag.py for tasks to queue
[2026-01-19T17:56:01.694+0000] {logging_mixin.py:151} INFO - [2026-01-19T17:56:01.693+0000] {dagbag.py:536} INFO - Filling up the DagBag from /opt/airflow/dags/ingestion_dag.py
[2026-01-19T17:56:01.787+0000] {processor.py:839} INFO - DAG(s) dict_keys(['ingestion_to_landing']) retrieved from /opt/airflow/dags/ingestion_dag.py
[2026-01-19T17:56:01.996+0000] {logging_mixin.py:151} INFO - [2026-01-19T17:56:01.980+0000] {dag.py:2941} INFO - Sync 1 DAGs
[2026-01-19T17:56:02.193+0000] {logging_mixin.py:151} INFO - [2026-01-19T17:56:02.192+0000] {dag.py:3722} INFO - Setting next_dagrun for ingestion_to_landing to 2026-01-18T21:44:42.425015+00:00, run_after=2026-01-19T21:44:42.425015+00:00
[2026-01-19T17:56:02.323+0000] {processor.py:179} INFO - Processing /opt/airflow/dags/ingestion_dag.py took 0.660 seconds
[2026-01-19T17:56:32.670+0000] {processor.py:157} INFO - Started process (PID=416) to work on /opt/airflow/dags/ingestion_dag.py
[2026-01-19T17:56:32.673+0000] {processor.py:829} INFO - Processing file /opt/airflow/dags/ingestion_dag.py for tasks to queue
[2026-01-19T17:56:32.675+0000] {logging_mixin.py:151} INFO - [2026-01-19T17:56:32.674+0000] {dagbag.py:536} INFO - Filling up the DagBag from /opt/airflow/dags/ingestion_dag.py
[2026-01-19T17:56:32.722+0000] {processor.py:839} INFO - DAG(s) dict_keys(['ingestion_to_landing']) retrieved from /opt/airflow/dags/ingestion_dag.py
[2026-01-19T17:56:32.801+0000] {logging_mixin.py:151} INFO - [2026-01-19T17:56:32.801+0000] {dag.py:2941} INFO - Sync 1 DAGs
[2026-01-19T17:56:32.876+0000] {logging_mixin.py:151} INFO - [2026-01-19T17:56:32.876+0000] {dag.py:3722} INFO - Setting next_dagrun for ingestion_to_landing to 2026-01-18T21:44:42.425015+00:00, run_after=2026-01-19T21:44:42.425015+00:00
[2026-01-19T17:56:33.024+0000] {processor.py:179} INFO - Processing /opt/airflow/dags/ingestion_dag.py took 0.362 seconds
[2026-01-19T17:57:03.359+0000] {processor.py:157} INFO - Started process (PID=421) to work on /opt/airflow/dags/ingestion_dag.py
[2026-01-19T17:57:03.365+0000] {processor.py:829} INFO - Processing file /opt/airflow/dags/ingestion_dag.py for tasks to queue
[2026-01-19T17:57:03.370+0000] {logging_mixin.py:151} INFO - [2026-01-19T17:57:03.368+0000] {dagbag.py:536} INFO - Filling up the DagBag from /opt/airflow/dags/ingestion_dag.py
[2026-01-19T17:57:03.437+0000] {processor.py:839} INFO - DAG(s) dict_keys(['ingestion_to_landing']) retrieved from /opt/airflow/dags/ingestion_dag.py
[2026-01-19T17:57:03.555+0000] {logging_mixin.py:151} INFO - [2026-01-19T17:57:03.554+0000] {dag.py:2941} INFO - Sync 1 DAGs
[2026-01-19T17:57:03.627+0000] {logging_mixin.py:151} INFO - [2026-01-19T17:57:03.626+0000] {dag.py:3722} INFO - Setting next_dagrun for ingestion_to_landing to 2026-01-18T21:44:42.425015+00:00, run_after=2026-01-19T21:44:42.425015+00:00
[2026-01-19T17:57:03.736+0000] {processor.py:179} INFO - Processing /opt/airflow/dags/ingestion_dag.py took 0.394 seconds
[2026-01-19T17:57:34.387+0000] {processor.py:157} INFO - Started process (PID=426) to work on /opt/airflow/dags/ingestion_dag.py
[2026-01-19T17:57:34.408+0000] {processor.py:829} INFO - Processing file /opt/airflow/dags/ingestion_dag.py for tasks to queue
[2026-01-19T17:57:34.412+0000] {logging_mixin.py:151} INFO - [2026-01-19T17:57:34.410+0000] {dagbag.py:536} INFO - Filling up the DagBag from /opt/airflow/dags/ingestion_dag.py
[2026-01-19T17:57:34.530+0000] {processor.py:839} INFO - DAG(s) dict_keys(['ingestion_to_landing']) retrieved from /opt/airflow/dags/ingestion_dag.py
[2026-01-19T17:57:34.800+0000] {logging_mixin.py:151} INFO - [2026-01-19T17:57:34.800+0000] {dag.py:2941} INFO - Sync 1 DAGs
[2026-01-19T17:57:35.086+0000] {logging_mixin.py:151} INFO - [2026-01-19T17:57:35.085+0000] {dag.py:3722} INFO - Setting next_dagrun for ingestion_to_landing to 2026-01-18T21:44:42.425015+00:00, run_after=2026-01-19T21:44:42.425015+00:00
[2026-01-19T17:57:35.567+0000] {processor.py:179} INFO - Processing /opt/airflow/dags/ingestion_dag.py took 1.224 seconds
[2026-01-19T17:58:05.777+0000] {processor.py:157} INFO - Started process (PID=431) to work on /opt/airflow/dags/ingestion_dag.py
[2026-01-19T17:58:05.780+0000] {processor.py:829} INFO - Processing file /opt/airflow/dags/ingestion_dag.py for tasks to queue
[2026-01-19T17:58:05.782+0000] {logging_mixin.py:151} INFO - [2026-01-19T17:58:05.781+0000] {dagbag.py:536} INFO - Filling up the DagBag from /opt/airflow/dags/ingestion_dag.py
[2026-01-19T17:58:05.823+0000] {processor.py:839} INFO - DAG(s) dict_keys(['ingestion_to_landing']) retrieved from /opt/airflow/dags/ingestion_dag.py
[2026-01-19T17:58:05.917+0000] {logging_mixin.py:151} INFO - [2026-01-19T17:58:05.917+0000] {dag.py:2941} INFO - Sync 1 DAGs
[2026-01-19T17:58:05.991+0000] {logging_mixin.py:151} INFO - [2026-01-19T17:58:05.991+0000] {dag.py:3722} INFO - Setting next_dagrun for ingestion_to_landing to 2026-01-18T21:44:42.425015+00:00, run_after=2026-01-19T21:44:42.425015+00:00
[2026-01-19T17:58:06.052+0000] {processor.py:179} INFO - Processing /opt/airflow/dags/ingestion_dag.py took 0.288 seconds
[2026-01-19T17:58:36.473+0000] {processor.py:157} INFO - Started process (PID=436) to work on /opt/airflow/dags/ingestion_dag.py
[2026-01-19T17:58:36.475+0000] {processor.py:829} INFO - Processing file /opt/airflow/dags/ingestion_dag.py for tasks to queue
[2026-01-19T17:58:36.478+0000] {logging_mixin.py:151} INFO - [2026-01-19T17:58:36.477+0000] {dagbag.py:536} INFO - Filling up the DagBag from /opt/airflow/dags/ingestion_dag.py
[2026-01-19T17:58:36.525+0000] {processor.py:839} INFO - DAG(s) dict_keys(['ingestion_to_landing']) retrieved from /opt/airflow/dags/ingestion_dag.py
[2026-01-19T17:58:36.602+0000] {logging_mixin.py:151} INFO - [2026-01-19T17:58:36.601+0000] {dag.py:2941} INFO - Sync 1 DAGs
[2026-01-19T17:58:36.672+0000] {logging_mixin.py:151} INFO - [2026-01-19T17:58:36.671+0000] {dag.py:3722} INFO - Setting next_dagrun for ingestion_to_landing to 2026-01-18T21:44:42.425015+00:00, run_after=2026-01-19T21:44:42.425015+00:00
[2026-01-19T17:58:36.730+0000] {processor.py:179} INFO - Processing /opt/airflow/dags/ingestion_dag.py took 0.266 seconds
[2026-01-19T17:59:07.279+0000] {processor.py:157} INFO - Started process (PID=441) to work on /opt/airflow/dags/ingestion_dag.py
[2026-01-19T17:59:07.291+0000] {processor.py:829} INFO - Processing file /opt/airflow/dags/ingestion_dag.py for tasks to queue
[2026-01-19T17:59:07.312+0000] {logging_mixin.py:151} INFO - [2026-01-19T17:59:07.304+0000] {dagbag.py:536} INFO - Filling up the DagBag from /opt/airflow/dags/ingestion_dag.py
[2026-01-19T17:59:07.651+0000] {processor.py:839} INFO - DAG(s) dict_keys(['ingestion_to_landing']) retrieved from /opt/airflow/dags/ingestion_dag.py
[2026-01-19T17:59:07.964+0000] {logging_mixin.py:151} INFO - [2026-01-19T17:59:07.963+0000] {dag.py:2941} INFO - Sync 1 DAGs
[2026-01-19T17:59:08.069+0000] {logging_mixin.py:151} INFO - [2026-01-19T17:59:08.068+0000] {dag.py:3722} INFO - Setting next_dagrun for ingestion_to_landing to 2026-01-18T21:44:42.425015+00:00, run_after=2026-01-19T21:44:42.425015+00:00
[2026-01-19T17:59:08.276+0000] {processor.py:179} INFO - Processing /opt/airflow/dags/ingestion_dag.py took 1.032 seconds
[2026-01-19T17:59:38.904+0000] {processor.py:157} INFO - Started process (PID=446) to work on /opt/airflow/dags/ingestion_dag.py
[2026-01-19T17:59:38.907+0000] {processor.py:829} INFO - Processing file /opt/airflow/dags/ingestion_dag.py for tasks to queue
[2026-01-19T17:59:38.912+0000] {logging_mixin.py:151} INFO - [2026-01-19T17:59:38.909+0000] {dagbag.py:536} INFO - Filling up the DagBag from /opt/airflow/dags/ingestion_dag.py
[2026-01-19T17:59:38.976+0000] {processor.py:839} INFO - DAG(s) dict_keys(['ingestion_to_landing']) retrieved from /opt/airflow/dags/ingestion_dag.py
[2026-01-19T17:59:39.089+0000] {logging_mixin.py:151} INFO - [2026-01-19T17:59:39.088+0000] {dag.py:2941} INFO - Sync 1 DAGs
[2026-01-19T17:59:39.165+0000] {logging_mixin.py:151} INFO - [2026-01-19T17:59:39.165+0000] {dag.py:3722} INFO - Setting next_dagrun for ingestion_to_landing to 2026-01-18T21:44:42.425015+00:00, run_after=2026-01-19T21:44:42.425015+00:00
[2026-01-19T17:59:39.276+0000] {processor.py:179} INFO - Processing /opt/airflow/dags/ingestion_dag.py took 0.391 seconds
[2026-01-19T18:00:09.641+0000] {processor.py:157} INFO - Started process (PID=451) to work on /opt/airflow/dags/ingestion_dag.py
[2026-01-19T18:00:09.654+0000] {processor.py:829} INFO - Processing file /opt/airflow/dags/ingestion_dag.py for tasks to queue
[2026-01-19T18:00:09.656+0000] {logging_mixin.py:151} INFO - [2026-01-19T18:00:09.656+0000] {dagbag.py:536} INFO - Filling up the DagBag from /opt/airflow/dags/ingestion_dag.py
[2026-01-19T18:00:09.715+0000] {processor.py:839} INFO - DAG(s) dict_keys(['ingestion_to_landing']) retrieved from /opt/airflow/dags/ingestion_dag.py
[2026-01-19T18:00:09.821+0000] {logging_mixin.py:151} INFO - [2026-01-19T18:00:09.820+0000] {dag.py:2941} INFO - Sync 1 DAGs
[2026-01-19T18:00:09.886+0000] {logging_mixin.py:151} INFO - [2026-01-19T18:00:09.886+0000] {dag.py:3722} INFO - Setting next_dagrun for ingestion_to_landing to 2026-01-18T21:44:42.425015+00:00, run_after=2026-01-19T21:44:42.425015+00:00
[2026-01-19T18:00:09.949+0000] {processor.py:179} INFO - Processing /opt/airflow/dags/ingestion_dag.py took 0.323 seconds
[2026-01-19T18:00:40.094+0000] {processor.py:157} INFO - Started process (PID=456) to work on /opt/airflow/dags/ingestion_dag.py
[2026-01-19T18:00:40.096+0000] {processor.py:829} INFO - Processing file /opt/airflow/dags/ingestion_dag.py for tasks to queue
[2026-01-19T18:00:40.097+0000] {logging_mixin.py:151} INFO - [2026-01-19T18:00:40.097+0000] {dagbag.py:536} INFO - Filling up the DagBag from /opt/airflow/dags/ingestion_dag.py
[2026-01-19T18:00:40.136+0000] {processor.py:839} INFO - DAG(s) dict_keys(['ingestion_to_landing']) retrieved from /opt/airflow/dags/ingestion_dag.py
[2026-01-19T18:00:40.211+0000] {logging_mixin.py:151} INFO - [2026-01-19T18:00:40.211+0000] {dag.py:2941} INFO - Sync 1 DAGs
[2026-01-19T18:00:40.275+0000] {logging_mixin.py:151} INFO - [2026-01-19T18:00:40.275+0000] {dag.py:3722} INFO - Setting next_dagrun for ingestion_to_landing to 2026-01-18T21:44:42.425015+00:00, run_after=2026-01-19T21:44:42.425015+00:00
[2026-01-19T18:00:40.358+0000] {processor.py:179} INFO - Processing /opt/airflow/dags/ingestion_dag.py took 0.275 seconds
[2026-01-19T18:01:10.702+0000] {processor.py:157} INFO - Started process (PID=461) to work on /opt/airflow/dags/ingestion_dag.py
[2026-01-19T18:01:10.720+0000] {processor.py:829} INFO - Processing file /opt/airflow/dags/ingestion_dag.py for tasks to queue
[2026-01-19T18:01:10.856+0000] {logging_mixin.py:151} INFO - [2026-01-19T18:01:10.735+0000] {dagbag.py:536} INFO - Filling up the DagBag from /opt/airflow/dags/ingestion_dag.py
[2026-01-19T18:01:10.984+0000] {processor.py:839} INFO - DAG(s) dict_keys(['ingestion_to_landing']) retrieved from /opt/airflow/dags/ingestion_dag.py
[2026-01-19T18:01:11.073+0000] {logging_mixin.py:151} INFO - [2026-01-19T18:01:11.072+0000] {dag.py:2941} INFO - Sync 1 DAGs
[2026-01-19T18:01:11.136+0000] {logging_mixin.py:151} INFO - [2026-01-19T18:01:11.136+0000] {dag.py:3722} INFO - Setting next_dagrun for ingestion_to_landing to 2026-01-18T21:44:42.425015+00:00, run_after=2026-01-19T21:44:42.425015+00:00
[2026-01-19T18:01:11.190+0000] {processor.py:179} INFO - Processing /opt/airflow/dags/ingestion_dag.py took 0.550 seconds
[2026-01-19T18:01:41.542+0000] {processor.py:157} INFO - Started process (PID=466) to work on /opt/airflow/dags/ingestion_dag.py
[2026-01-19T18:01:41.548+0000] {processor.py:829} INFO - Processing file /opt/airflow/dags/ingestion_dag.py for tasks to queue
[2026-01-19T18:01:41.557+0000] {logging_mixin.py:151} INFO - [2026-01-19T18:01:41.556+0000] {dagbag.py:536} INFO - Filling up the DagBag from /opt/airflow/dags/ingestion_dag.py
[2026-01-19T18:01:41.659+0000] {processor.py:839} INFO - DAG(s) dict_keys(['ingestion_to_landing']) retrieved from /opt/airflow/dags/ingestion_dag.py
[2026-01-19T18:01:41.841+0000] {logging_mixin.py:151} INFO - [2026-01-19T18:01:41.840+0000] {dag.py:2941} INFO - Sync 1 DAGs
[2026-01-19T18:01:41.933+0000] {logging_mixin.py:151} INFO - [2026-01-19T18:01:41.933+0000] {dag.py:3722} INFO - Setting next_dagrun for ingestion_to_landing to 2026-01-18T21:44:42.425015+00:00, run_after=2026-01-19T21:44:42.425015+00:00
[2026-01-19T18:01:41.994+0000] {processor.py:179} INFO - Processing /opt/airflow/dags/ingestion_dag.py took 0.484 seconds
[2026-01-19T18:02:12.489+0000] {processor.py:157} INFO - Started process (PID=471) to work on /opt/airflow/dags/ingestion_dag.py
[2026-01-19T18:02:12.504+0000] {processor.py:829} INFO - Processing file /opt/airflow/dags/ingestion_dag.py for tasks to queue
[2026-01-19T18:02:12.507+0000] {logging_mixin.py:151} INFO - [2026-01-19T18:02:12.505+0000] {dagbag.py:536} INFO - Filling up the DagBag from /opt/airflow/dags/ingestion_dag.py
[2026-01-19T18:02:12.571+0000] {processor.py:839} INFO - DAG(s) dict_keys(['ingestion_to_landing']) retrieved from /opt/airflow/dags/ingestion_dag.py
[2026-01-19T18:02:12.706+0000] {logging_mixin.py:151} INFO - [2026-01-19T18:02:12.705+0000] {dag.py:2941} INFO - Sync 1 DAGs
[2026-01-19T18:02:12.795+0000] {logging_mixin.py:151} INFO - [2026-01-19T18:02:12.794+0000] {dag.py:3722} INFO - Setting next_dagrun for ingestion_to_landing to 2026-01-18T21:44:42.425015+00:00, run_after=2026-01-19T21:44:42.425015+00:00
[2026-01-19T18:02:12.850+0000] {processor.py:179} INFO - Processing /opt/airflow/dags/ingestion_dag.py took 0.402 seconds
[2026-01-19T18:02:43.641+0000] {processor.py:157} INFO - Started process (PID=476) to work on /opt/airflow/dags/ingestion_dag.py
[2026-01-19T18:02:43.650+0000] {processor.py:829} INFO - Processing file /opt/airflow/dags/ingestion_dag.py for tasks to queue
[2026-01-19T18:02:43.654+0000] {logging_mixin.py:151} INFO - [2026-01-19T18:02:43.652+0000] {dagbag.py:536} INFO - Filling up the DagBag from /opt/airflow/dags/ingestion_dag.py
[2026-01-19T18:02:43.757+0000] {processor.py:839} INFO - DAG(s) dict_keys(['ingestion_to_landing']) retrieved from /opt/airflow/dags/ingestion_dag.py
[2026-01-19T18:02:43.925+0000] {logging_mixin.py:151} INFO - [2026-01-19T18:02:43.924+0000] {dag.py:2941} INFO - Sync 1 DAGs
[2026-01-19T18:02:44.038+0000] {logging_mixin.py:151} INFO - [2026-01-19T18:02:44.037+0000] {dag.py:3722} INFO - Setting next_dagrun for ingestion_to_landing to 2026-01-18T21:44:42.425015+00:00, run_after=2026-01-19T21:44:42.425015+00:00
[2026-01-19T18:02:44.162+0000] {processor.py:179} INFO - Processing /opt/airflow/dags/ingestion_dag.py took 0.556 seconds
[2026-01-19T18:03:15.173+0000] {processor.py:157} INFO - Started process (PID=481) to work on /opt/airflow/dags/ingestion_dag.py
[2026-01-19T18:03:15.176+0000] {processor.py:829} INFO - Processing file /opt/airflow/dags/ingestion_dag.py for tasks to queue
[2026-01-19T18:03:15.180+0000] {logging_mixin.py:151} INFO - [2026-01-19T18:03:15.178+0000] {dagbag.py:536} INFO - Filling up the DagBag from /opt/airflow/dags/ingestion_dag.py
[2026-01-19T18:03:15.330+0000] {processor.py:839} INFO - DAG(s) dict_keys(['ingestion_to_landing']) retrieved from /opt/airflow/dags/ingestion_dag.py
[2026-01-19T18:03:17.095+0000] {logging_mixin.py:151} INFO - [2026-01-19T18:03:17.093+0000] {dag.py:2941} INFO - Sync 1 DAGs
[2026-01-19T18:03:17.948+0000] {logging_mixin.py:151} INFO - [2026-01-19T18:03:17.943+0000] {dag.py:3722} INFO - Setting next_dagrun for ingestion_to_landing to 2026-01-18T21:44:42.425015+00:00, run_after=2026-01-19T21:44:42.425015+00:00
[2026-01-19T18:03:19.195+0000] {processor.py:179} INFO - Processing /opt/airflow/dags/ingestion_dag.py took 4.074 seconds
[2026-01-19T18:03:51.503+0000] {processor.py:157} INFO - Started process (PID=486) to work on /opt/airflow/dags/ingestion_dag.py
[2026-01-19T18:03:51.743+0000] {processor.py:829} INFO - Processing file /opt/airflow/dags/ingestion_dag.py for tasks to queue
[2026-01-19T18:03:51.751+0000] {logging_mixin.py:151} INFO - [2026-01-19T18:03:51.748+0000] {dagbag.py:536} INFO - Filling up the DagBag from /opt/airflow/dags/ingestion_dag.py
[2026-01-19T18:03:52.016+0000] {processor.py:839} INFO - DAG(s) dict_keys(['ingestion_to_landing']) retrieved from /opt/airflow/dags/ingestion_dag.py
[2026-01-19T18:03:54.048+0000] {logging_mixin.py:151} INFO - [2026-01-19T18:03:54.048+0000] {dag.py:2941} INFO - Sync 1 DAGs
[2026-01-19T18:03:54.272+0000] {logging_mixin.py:151} INFO - [2026-01-19T18:03:54.267+0000] {dag.py:3722} INFO - Setting next_dagrun for ingestion_to_landing to 2026-01-18T21:44:42.425015+00:00, run_after=2026-01-19T21:44:42.425015+00:00
[2026-01-19T18:03:54.387+0000] {processor.py:179} INFO - Processing /opt/airflow/dags/ingestion_dag.py took 3.037 seconds
[2026-01-19T18:04:25.332+0000] {processor.py:157} INFO - Started process (PID=491) to work on /opt/airflow/dags/ingestion_dag.py
[2026-01-19T18:04:25.336+0000] {processor.py:829} INFO - Processing file /opt/airflow/dags/ingestion_dag.py for tasks to queue
[2026-01-19T18:04:25.347+0000] {logging_mixin.py:151} INFO - [2026-01-19T18:04:25.338+0000] {dagbag.py:536} INFO - Filling up the DagBag from /opt/airflow/dags/ingestion_dag.py
[2026-01-19T18:04:25.419+0000] {processor.py:839} INFO - DAG(s) dict_keys(['ingestion_to_landing']) retrieved from /opt/airflow/dags/ingestion_dag.py
[2026-01-19T18:04:25.960+0000] {logging_mixin.py:151} INFO - [2026-01-19T18:04:25.958+0000] {dag.py:2941} INFO - Sync 1 DAGs
[2026-01-19T18:04:26.621+0000] {logging_mixin.py:151} INFO - [2026-01-19T18:04:26.616+0000] {dag.py:3722} INFO - Setting next_dagrun for ingestion_to_landing to 2026-01-18T21:44:42.425015+00:00, run_after=2026-01-19T21:44:42.425015+00:00
[2026-01-19T18:04:26.812+0000] {processor.py:179} INFO - Processing /opt/airflow/dags/ingestion_dag.py took 1.487 seconds
[2026-01-19T18:04:57.977+0000] {processor.py:157} INFO - Started process (PID=496) to work on /opt/airflow/dags/ingestion_dag.py
[2026-01-19T18:04:58.020+0000] {processor.py:829} INFO - Processing file /opt/airflow/dags/ingestion_dag.py for tasks to queue
[2026-01-19T18:04:58.072+0000] {logging_mixin.py:151} INFO - [2026-01-19T18:04:58.040+0000] {dagbag.py:536} INFO - Filling up the DagBag from /opt/airflow/dags/ingestion_dag.py
[2026-01-19T18:04:58.327+0000] {processor.py:839} INFO - DAG(s) dict_keys(['ingestion_to_landing']) retrieved from /opt/airflow/dags/ingestion_dag.py
[2026-01-19T18:04:58.822+0000] {logging_mixin.py:151} INFO - [2026-01-19T18:04:58.821+0000] {dag.py:2941} INFO - Sync 1 DAGs
[2026-01-19T18:04:59.068+0000] {logging_mixin.py:151} INFO - [2026-01-19T18:04:59.067+0000] {dag.py:3722} INFO - Setting next_dagrun for ingestion_to_landing to 2026-01-18T21:44:42.425015+00:00, run_after=2026-01-19T21:44:42.425015+00:00
[2026-01-19T18:04:59.455+0000] {processor.py:179} INFO - Processing /opt/airflow/dags/ingestion_dag.py took 1.579 seconds
[2026-01-19T18:05:30.151+0000] {processor.py:157} INFO - Started process (PID=501) to work on /opt/airflow/dags/ingestion_dag.py
[2026-01-19T18:05:30.153+0000] {processor.py:829} INFO - Processing file /opt/airflow/dags/ingestion_dag.py for tasks to queue
[2026-01-19T18:05:30.157+0000] {logging_mixin.py:151} INFO - [2026-01-19T18:05:30.155+0000] {dagbag.py:536} INFO - Filling up the DagBag from /opt/airflow/dags/ingestion_dag.py
[2026-01-19T18:05:30.202+0000] {processor.py:839} INFO - DAG(s) dict_keys(['ingestion_to_landing']) retrieved from /opt/airflow/dags/ingestion_dag.py
[2026-01-19T18:05:30.694+0000] {logging_mixin.py:151} INFO - [2026-01-19T18:05:30.684+0000] {dag.py:2941} INFO - Sync 1 DAGs
[2026-01-19T18:05:31.025+0000] {logging_mixin.py:151} INFO - [2026-01-19T18:05:31.012+0000] {dag.py:3722} INFO - Setting next_dagrun for ingestion_to_landing to 2026-01-18T21:44:42.425015+00:00, run_after=2026-01-19T21:44:42.425015+00:00
[2026-01-19T18:05:31.332+0000] {processor.py:179} INFO - Processing /opt/airflow/dags/ingestion_dag.py took 1.246 seconds
[2026-01-19T18:06:01.908+0000] {processor.py:157} INFO - Started process (PID=506) to work on /opt/airflow/dags/ingestion_dag.py
[2026-01-19T18:06:01.912+0000] {processor.py:829} INFO - Processing file /opt/airflow/dags/ingestion_dag.py for tasks to queue
[2026-01-19T18:06:01.915+0000] {logging_mixin.py:151} INFO - [2026-01-19T18:06:01.914+0000] {dagbag.py:536} INFO - Filling up the DagBag from /opt/airflow/dags/ingestion_dag.py
[2026-01-19T18:06:02.033+0000] {processor.py:839} INFO - DAG(s) dict_keys(['ingestion_to_landing']) retrieved from /opt/airflow/dags/ingestion_dag.py
[2026-01-19T18:06:02.243+0000] {logging_mixin.py:151} INFO - [2026-01-19T18:06:02.242+0000] {dag.py:2941} INFO - Sync 1 DAGs
[2026-01-19T18:06:02.601+0000] {logging_mixin.py:151} INFO - [2026-01-19T18:06:02.600+0000] {dag.py:3722} INFO - Setting next_dagrun for ingestion_to_landing to 2026-01-18T21:44:42.425015+00:00, run_after=2026-01-19T21:44:42.425015+00:00
[2026-01-19T18:06:02.745+0000] {processor.py:179} INFO - Processing /opt/airflow/dags/ingestion_dag.py took 0.866 seconds
[2026-01-19T18:06:33.028+0000] {processor.py:157} INFO - Started process (PID=511) to work on /opt/airflow/dags/ingestion_dag.py
[2026-01-19T18:06:33.031+0000] {processor.py:829} INFO - Processing file /opt/airflow/dags/ingestion_dag.py for tasks to queue
[2026-01-19T18:06:33.034+0000] {logging_mixin.py:151} INFO - [2026-01-19T18:06:33.034+0000] {dagbag.py:536} INFO - Filling up the DagBag from /opt/airflow/dags/ingestion_dag.py
[2026-01-19T18:06:33.821+0000] {processor.py:839} INFO - DAG(s) dict_keys(['ingestion_to_landing']) retrieved from /opt/airflow/dags/ingestion_dag.py
[2026-01-19T18:06:34.246+0000] {logging_mixin.py:151} INFO - [2026-01-19T18:06:34.240+0000] {dag.py:2941} INFO - Sync 1 DAGs
[2026-01-19T18:06:34.445+0000] {logging_mixin.py:151} INFO - [2026-01-19T18:06:34.444+0000] {dag.py:3722} INFO - Setting next_dagrun for ingestion_to_landing to 2026-01-18T21:44:42.425015+00:00, run_after=2026-01-19T21:44:42.425015+00:00
[2026-01-19T18:06:34.637+0000] {processor.py:179} INFO - Processing /opt/airflow/dags/ingestion_dag.py took 1.702 seconds
[2026-01-19T18:07:05.408+0000] {processor.py:157} INFO - Started process (PID=516) to work on /opt/airflow/dags/ingestion_dag.py
[2026-01-19T18:07:05.412+0000] {processor.py:829} INFO - Processing file /opt/airflow/dags/ingestion_dag.py for tasks to queue
[2026-01-19T18:07:05.414+0000] {logging_mixin.py:151} INFO - [2026-01-19T18:07:05.413+0000] {dagbag.py:536} INFO - Filling up the DagBag from /opt/airflow/dags/ingestion_dag.py
[2026-01-19T18:07:05.457+0000] {processor.py:839} INFO - DAG(s) dict_keys(['ingestion_to_landing']) retrieved from /opt/airflow/dags/ingestion_dag.py
[2026-01-19T18:07:05.572+0000] {logging_mixin.py:151} INFO - [2026-01-19T18:07:05.572+0000] {dag.py:2941} INFO - Sync 1 DAGs
[2026-01-19T18:07:05.642+0000] {logging_mixin.py:151} INFO - [2026-01-19T18:07:05.642+0000] {dag.py:3722} INFO - Setting next_dagrun for ingestion_to_landing to 2026-01-18T21:44:42.425015+00:00, run_after=2026-01-19T21:44:42.425015+00:00
[2026-01-19T18:07:05.706+0000] {processor.py:179} INFO - Processing /opt/airflow/dags/ingestion_dag.py took 0.314 seconds
[2026-01-19T18:07:36.444+0000] {processor.py:157} INFO - Started process (PID=521) to work on /opt/airflow/dags/ingestion_dag.py
[2026-01-19T18:07:36.450+0000] {processor.py:829} INFO - Processing file /opt/airflow/dags/ingestion_dag.py for tasks to queue
[2026-01-19T18:07:36.457+0000] {logging_mixin.py:151} INFO - [2026-01-19T18:07:36.455+0000] {dagbag.py:536} INFO - Filling up the DagBag from /opt/airflow/dags/ingestion_dag.py
[2026-01-19T18:07:36.574+0000] {processor.py:839} INFO - DAG(s) dict_keys(['ingestion_to_landing']) retrieved from /opt/airflow/dags/ingestion_dag.py
[2026-01-19T18:07:37.037+0000] {logging_mixin.py:151} INFO - [2026-01-19T18:07:37.036+0000] {dag.py:2941} INFO - Sync 1 DAGs
[2026-01-19T18:07:37.337+0000] {logging_mixin.py:151} INFO - [2026-01-19T18:07:37.336+0000] {dag.py:3722} INFO - Setting next_dagrun for ingestion_to_landing to 2026-01-18T21:44:42.425015+00:00, run_after=2026-01-19T21:44:42.425015+00:00
[2026-01-19T18:07:37.783+0000] {processor.py:179} INFO - Processing /opt/airflow/dags/ingestion_dag.py took 1.472 seconds
[2026-01-19T18:08:08.264+0000] {processor.py:157} INFO - Started process (PID=526) to work on /opt/airflow/dags/ingestion_dag.py
[2026-01-19T18:08:08.268+0000] {processor.py:829} INFO - Processing file /opt/airflow/dags/ingestion_dag.py for tasks to queue
[2026-01-19T18:08:08.271+0000] {logging_mixin.py:151} INFO - [2026-01-19T18:08:08.270+0000] {dagbag.py:536} INFO - Filling up the DagBag from /opt/airflow/dags/ingestion_dag.py
[2026-01-19T18:08:08.302+0000] {processor.py:839} INFO - DAG(s) dict_keys(['ingestion_to_landing']) retrieved from /opt/airflow/dags/ingestion_dag.py
[2026-01-19T18:08:08.425+0000] {logging_mixin.py:151} INFO - [2026-01-19T18:08:08.425+0000] {dag.py:2941} INFO - Sync 1 DAGs
[2026-01-19T18:08:08.529+0000] {logging_mixin.py:151} INFO - [2026-01-19T18:08:08.528+0000] {dag.py:3722} INFO - Setting next_dagrun for ingestion_to_landing to 2026-01-18T21:44:42.425015+00:00, run_after=2026-01-19T21:44:42.425015+00:00
[2026-01-19T18:08:08.596+0000] {processor.py:179} INFO - Processing /opt/airflow/dags/ingestion_dag.py took 0.343 seconds
[2026-01-19T18:08:38.971+0000] {processor.py:157} INFO - Started process (PID=531) to work on /opt/airflow/dags/ingestion_dag.py
[2026-01-19T18:08:38.973+0000] {processor.py:829} INFO - Processing file /opt/airflow/dags/ingestion_dag.py for tasks to queue
[2026-01-19T18:08:38.975+0000] {logging_mixin.py:151} INFO - [2026-01-19T18:08:38.974+0000] {dagbag.py:536} INFO - Filling up the DagBag from /opt/airflow/dags/ingestion_dag.py
[2026-01-19T18:08:39.007+0000] {processor.py:839} INFO - DAG(s) dict_keys(['ingestion_to_landing']) retrieved from /opt/airflow/dags/ingestion_dag.py
[2026-01-19T18:08:39.074+0000] {logging_mixin.py:151} INFO - [2026-01-19T18:08:39.074+0000] {dag.py:2941} INFO - Sync 1 DAGs
[2026-01-19T18:08:39.131+0000] {logging_mixin.py:151} INFO - [2026-01-19T18:08:39.131+0000] {dag.py:3722} INFO - Setting next_dagrun for ingestion_to_landing to 2026-01-18T21:44:42.425015+00:00, run_after=2026-01-19T21:44:42.425015+00:00
[2026-01-19T18:08:39.190+0000] {processor.py:179} INFO - Processing /opt/airflow/dags/ingestion_dag.py took 0.229 seconds
[2026-01-19T18:09:10.706+0000] {processor.py:157} INFO - Started process (PID=536) to work on /opt/airflow/dags/ingestion_dag.py
[2026-01-19T18:09:10.899+0000] {processor.py:829} INFO - Processing file /opt/airflow/dags/ingestion_dag.py for tasks to queue
[2026-01-19T18:09:10.931+0000] {logging_mixin.py:151} INFO - [2026-01-19T18:09:10.924+0000] {dagbag.py:536} INFO - Filling up the DagBag from /opt/airflow/dags/ingestion_dag.py
[2026-01-19T18:09:11.291+0000] {processor.py:839} INFO - DAG(s) dict_keys(['ingestion_to_landing']) retrieved from /opt/airflow/dags/ingestion_dag.py
[2026-01-19T18:09:12.155+0000] {logging_mixin.py:151} INFO - [2026-01-19T18:09:12.154+0000] {dag.py:2941} INFO - Sync 1 DAGs
[2026-01-19T18:09:12.752+0000] {logging_mixin.py:151} INFO - [2026-01-19T18:09:12.751+0000] {dag.py:3722} INFO - Setting next_dagrun for ingestion_to_landing to 2026-01-18T21:44:42.425015+00:00, run_after=2026-01-19T21:44:42.425015+00:00
[2026-01-19T18:09:12.975+0000] {processor.py:179} INFO - Processing /opt/airflow/dags/ingestion_dag.py took 2.346 seconds
[2026-01-19T18:09:43.247+0000] {processor.py:157} INFO - Started process (PID=541) to work on /opt/airflow/dags/ingestion_dag.py
[2026-01-19T18:09:43.253+0000] {processor.py:829} INFO - Processing file /opt/airflow/dags/ingestion_dag.py for tasks to queue
[2026-01-19T18:09:43.258+0000] {logging_mixin.py:151} INFO - [2026-01-19T18:09:43.256+0000] {dagbag.py:536} INFO - Filling up the DagBag from /opt/airflow/dags/ingestion_dag.py
[2026-01-19T18:09:43.341+0000] {processor.py:839} INFO - DAG(s) dict_keys(['ingestion_to_landing']) retrieved from /opt/airflow/dags/ingestion_dag.py
[2026-01-19T18:09:43.459+0000] {logging_mixin.py:151} INFO - [2026-01-19T18:09:43.458+0000] {dag.py:2941} INFO - Sync 1 DAGs
[2026-01-19T18:09:43.554+0000] {logging_mixin.py:151} INFO - [2026-01-19T18:09:43.553+0000] {dag.py:3722} INFO - Setting next_dagrun for ingestion_to_landing to 2026-01-18T21:44:42.425015+00:00, run_after=2026-01-19T21:44:42.425015+00:00
[2026-01-19T18:09:43.639+0000] {processor.py:179} INFO - Processing /opt/airflow/dags/ingestion_dag.py took 0.425 seconds
[2026-01-19T18:10:14.142+0000] {processor.py:157} INFO - Started process (PID=546) to work on /opt/airflow/dags/ingestion_dag.py
[2026-01-19T18:10:14.155+0000] {processor.py:829} INFO - Processing file /opt/airflow/dags/ingestion_dag.py for tasks to queue
[2026-01-19T18:10:14.157+0000] {logging_mixin.py:151} INFO - [2026-01-19T18:10:14.156+0000] {dagbag.py:536} INFO - Filling up the DagBag from /opt/airflow/dags/ingestion_dag.py
[2026-01-19T18:10:14.200+0000] {processor.py:839} INFO - DAG(s) dict_keys(['ingestion_to_landing']) retrieved from /opt/airflow/dags/ingestion_dag.py
[2026-01-19T18:10:14.316+0000] {logging_mixin.py:151} INFO - [2026-01-19T18:10:14.315+0000] {dag.py:2941} INFO - Sync 1 DAGs
[2026-01-19T18:10:14.389+0000] {logging_mixin.py:151} INFO - [2026-01-19T18:10:14.389+0000] {dag.py:3722} INFO - Setting next_dagrun for ingestion_to_landing to 2026-01-18T21:44:42.425015+00:00, run_after=2026-01-19T21:44:42.425015+00:00
[2026-01-19T18:10:14.451+0000] {processor.py:179} INFO - Processing /opt/airflow/dags/ingestion_dag.py took 0.319 seconds
[2026-01-19T18:10:44.865+0000] {processor.py:157} INFO - Started process (PID=551) to work on /opt/airflow/dags/ingestion_dag.py
[2026-01-19T18:10:44.868+0000] {processor.py:829} INFO - Processing file /opt/airflow/dags/ingestion_dag.py for tasks to queue
[2026-01-19T18:10:44.870+0000] {logging_mixin.py:151} INFO - [2026-01-19T18:10:44.870+0000] {dagbag.py:536} INFO - Filling up the DagBag from /opt/airflow/dags/ingestion_dag.py
[2026-01-19T18:10:44.908+0000] {processor.py:839} INFO - DAG(s) dict_keys(['ingestion_to_landing']) retrieved from /opt/airflow/dags/ingestion_dag.py
[2026-01-19T18:10:44.976+0000] {logging_mixin.py:151} INFO - [2026-01-19T18:10:44.975+0000] {dag.py:2941} INFO - Sync 1 DAGs
[2026-01-19T18:10:45.041+0000] {logging_mixin.py:151} INFO - [2026-01-19T18:10:45.040+0000] {dag.py:3722} INFO - Setting next_dagrun for ingestion_to_landing to 2026-01-18T21:44:42.425015+00:00, run_after=2026-01-19T21:44:42.425015+00:00
[2026-01-19T18:10:45.101+0000] {processor.py:179} INFO - Processing /opt/airflow/dags/ingestion_dag.py took 0.248 seconds
[2026-01-19T18:11:15.425+0000] {processor.py:157} INFO - Started process (PID=556) to work on /opt/airflow/dags/ingestion_dag.py
[2026-01-19T18:11:15.431+0000] {processor.py:829} INFO - Processing file /opt/airflow/dags/ingestion_dag.py for tasks to queue
[2026-01-19T18:11:15.436+0000] {logging_mixin.py:151} INFO - [2026-01-19T18:11:15.435+0000] {dagbag.py:536} INFO - Filling up the DagBag from /opt/airflow/dags/ingestion_dag.py
[2026-01-19T18:11:15.495+0000] {processor.py:839} INFO - DAG(s) dict_keys(['ingestion_to_landing']) retrieved from /opt/airflow/dags/ingestion_dag.py
[2026-01-19T18:11:15.620+0000] {logging_mixin.py:151} INFO - [2026-01-19T18:11:15.620+0000] {dag.py:2941} INFO - Sync 1 DAGs
[2026-01-19T18:11:15.717+0000] {logging_mixin.py:151} INFO - [2026-01-19T18:11:15.716+0000] {dag.py:3722} INFO - Setting next_dagrun for ingestion_to_landing to 2026-01-18T21:44:42.425015+00:00, run_after=2026-01-19T21:44:42.425015+00:00
[2026-01-19T18:11:15.789+0000] {processor.py:179} INFO - Processing /opt/airflow/dags/ingestion_dag.py took 0.380 seconds
[2026-01-19T18:11:45.866+0000] {processor.py:157} INFO - Started process (PID=561) to work on /opt/airflow/dags/ingestion_dag.py
[2026-01-19T18:11:45.868+0000] {processor.py:829} INFO - Processing file /opt/airflow/dags/ingestion_dag.py for tasks to queue
[2026-01-19T18:11:45.871+0000] {logging_mixin.py:151} INFO - [2026-01-19T18:11:45.870+0000] {dagbag.py:536} INFO - Filling up the DagBag from /opt/airflow/dags/ingestion_dag.py
[2026-01-19T18:11:45.907+0000] {processor.py:839} INFO - DAG(s) dict_keys(['ingestion_to_landing']) retrieved from /opt/airflow/dags/ingestion_dag.py
[2026-01-19T18:11:45.984+0000] {logging_mixin.py:151} INFO - [2026-01-19T18:11:45.984+0000] {dag.py:2941} INFO - Sync 1 DAGs
[2026-01-19T18:11:46.046+0000] {logging_mixin.py:151} INFO - [2026-01-19T18:11:46.045+0000] {dag.py:3722} INFO - Setting next_dagrun for ingestion_to_landing to 2026-01-18T21:44:42.425015+00:00, run_after=2026-01-19T21:44:42.425015+00:00
[2026-01-19T18:11:46.123+0000] {processor.py:179} INFO - Processing /opt/airflow/dags/ingestion_dag.py took 0.271 seconds
[2026-01-19T18:12:16.575+0000] {processor.py:157} INFO - Started process (PID=566) to work on /opt/airflow/dags/ingestion_dag.py
[2026-01-19T18:12:16.586+0000] {processor.py:829} INFO - Processing file /opt/airflow/dags/ingestion_dag.py for tasks to queue
[2026-01-19T18:12:16.589+0000] {logging_mixin.py:151} INFO - [2026-01-19T18:12:16.588+0000] {dagbag.py:536} INFO - Filling up the DagBag from /opt/airflow/dags/ingestion_dag.py
[2026-01-19T18:12:16.638+0000] {processor.py:839} INFO - DAG(s) dict_keys(['ingestion_to_landing']) retrieved from /opt/airflow/dags/ingestion_dag.py
[2026-01-19T18:12:16.750+0000] {logging_mixin.py:151} INFO - [2026-01-19T18:12:16.750+0000] {dag.py:2941} INFO - Sync 1 DAGs
[2026-01-19T18:12:16.816+0000] {logging_mixin.py:151} INFO - [2026-01-19T18:12:16.816+0000] {dag.py:3722} INFO - Setting next_dagrun for ingestion_to_landing to 2026-01-18T21:44:42.425015+00:00, run_after=2026-01-19T21:44:42.425015+00:00
[2026-01-19T18:12:16.872+0000] {processor.py:179} INFO - Processing /opt/airflow/dags/ingestion_dag.py took 0.318 seconds
[2026-01-19T18:12:46.941+0000] {processor.py:157} INFO - Started process (PID=571) to work on /opt/airflow/dags/ingestion_dag.py
[2026-01-19T18:12:46.944+0000] {processor.py:829} INFO - Processing file /opt/airflow/dags/ingestion_dag.py for tasks to queue
[2026-01-19T18:12:46.946+0000] {logging_mixin.py:151} INFO - [2026-01-19T18:12:46.946+0000] {dagbag.py:536} INFO - Filling up the DagBag from /opt/airflow/dags/ingestion_dag.py
[2026-01-19T18:12:46.985+0000] {processor.py:839} INFO - DAG(s) dict_keys(['ingestion_to_landing']) retrieved from /opt/airflow/dags/ingestion_dag.py
[2026-01-19T18:12:47.094+0000] {logging_mixin.py:151} INFO - [2026-01-19T18:12:47.093+0000] {dag.py:2941} INFO - Sync 1 DAGs
[2026-01-19T18:12:47.164+0000] {logging_mixin.py:151} INFO - [2026-01-19T18:12:47.163+0000] {dag.py:3722} INFO - Setting next_dagrun for ingestion_to_landing to 2026-01-18T21:44:42.425015+00:00, run_after=2026-01-19T21:44:42.425015+00:00
[2026-01-19T18:12:47.211+0000] {processor.py:179} INFO - Processing /opt/airflow/dags/ingestion_dag.py took 0.282 seconds
[2026-01-19T18:13:17.282+0000] {processor.py:157} INFO - Started process (PID=576) to work on /opt/airflow/dags/ingestion_dag.py
[2026-01-19T18:13:17.286+0000] {processor.py:829} INFO - Processing file /opt/airflow/dags/ingestion_dag.py for tasks to queue
[2026-01-19T18:13:17.288+0000] {logging_mixin.py:151} INFO - [2026-01-19T18:13:17.287+0000] {dagbag.py:536} INFO - Filling up the DagBag from /opt/airflow/dags/ingestion_dag.py
[2026-01-19T18:13:17.322+0000] {processor.py:839} INFO - DAG(s) dict_keys(['ingestion_to_landing']) retrieved from /opt/airflow/dags/ingestion_dag.py
[2026-01-19T18:13:17.387+0000] {logging_mixin.py:151} INFO - [2026-01-19T18:13:17.386+0000] {dag.py:2941} INFO - Sync 1 DAGs
[2026-01-19T18:13:17.449+0000] {logging_mixin.py:151} INFO - [2026-01-19T18:13:17.449+0000] {dag.py:3722} INFO - Setting next_dagrun for ingestion_to_landing to 2026-01-18T21:44:42.425015+00:00, run_after=2026-01-19T21:44:42.425015+00:00
[2026-01-19T18:13:17.503+0000] {processor.py:179} INFO - Processing /opt/airflow/dags/ingestion_dag.py took 0.231 seconds
[2026-01-19T18:13:47.711+0000] {processor.py:157} INFO - Started process (PID=581) to work on /opt/airflow/dags/ingestion_dag.py
[2026-01-19T18:13:47.714+0000] {processor.py:829} INFO - Processing file /opt/airflow/dags/ingestion_dag.py for tasks to queue
[2026-01-19T18:13:47.716+0000] {logging_mixin.py:151} INFO - [2026-01-19T18:13:47.715+0000] {dagbag.py:536} INFO - Filling up the DagBag from /opt/airflow/dags/ingestion_dag.py
[2026-01-19T18:13:47.750+0000] {processor.py:839} INFO - DAG(s) dict_keys(['ingestion_to_landing']) retrieved from /opt/airflow/dags/ingestion_dag.py
[2026-01-19T18:13:47.840+0000] {logging_mixin.py:151} INFO - [2026-01-19T18:13:47.839+0000] {dag.py:2941} INFO - Sync 1 DAGs
[2026-01-19T18:13:47.919+0000] {logging_mixin.py:151} INFO - [2026-01-19T18:13:47.919+0000] {dag.py:3722} INFO - Setting next_dagrun for ingestion_to_landing to 2026-01-18T21:44:42.425015+00:00, run_after=2026-01-19T21:44:42.425015+00:00
[2026-01-19T18:13:47.979+0000] {processor.py:179} INFO - Processing /opt/airflow/dags/ingestion_dag.py took 0.280 seconds
[2026-01-19T18:14:18.321+0000] {processor.py:157} INFO - Started process (PID=586) to work on /opt/airflow/dags/ingestion_dag.py
[2026-01-19T18:14:18.338+0000] {processor.py:829} INFO - Processing file /opt/airflow/dags/ingestion_dag.py for tasks to queue
[2026-01-19T18:14:18.340+0000] {logging_mixin.py:151} INFO - [2026-01-19T18:14:18.340+0000] {dagbag.py:536} INFO - Filling up the DagBag from /opt/airflow/dags/ingestion_dag.py
[2026-01-19T18:14:18.388+0000] {processor.py:839} INFO - DAG(s) dict_keys(['ingestion_to_landing']) retrieved from /opt/airflow/dags/ingestion_dag.py
[2026-01-19T18:14:18.469+0000] {logging_mixin.py:151} INFO - [2026-01-19T18:14:18.469+0000] {dag.py:2941} INFO - Sync 1 DAGs
[2026-01-19T18:14:18.542+0000] {logging_mixin.py:151} INFO - [2026-01-19T18:14:18.542+0000] {dag.py:3722} INFO - Setting next_dagrun for ingestion_to_landing to 2026-01-18T21:44:42.425015+00:00, run_after=2026-01-19T21:44:42.425015+00:00
[2026-01-19T18:14:18.628+0000] {processor.py:179} INFO - Processing /opt/airflow/dags/ingestion_dag.py took 0.321 seconds
[2026-01-19T18:33:30.618+0000] {processor.py:157} INFO - Started process (PID=159) to work on /opt/airflow/dags/ingestion_dag.py
[2026-01-19T18:33:30.623+0000] {processor.py:829} INFO - Processing file /opt/airflow/dags/ingestion_dag.py for tasks to queue
[2026-01-19T18:33:30.628+0000] {logging_mixin.py:151} INFO - [2026-01-19T18:33:30.627+0000] {dagbag.py:536} INFO - Filling up the DagBag from /opt/airflow/dags/ingestion_dag.py
[2026-01-19T18:33:30.824+0000] {processor.py:839} INFO - DAG(s) dict_keys(['ingestion_to_landing']) retrieved from /opt/airflow/dags/ingestion_dag.py
[2026-01-19T18:33:31.072+0000] {logging_mixin.py:151} INFO - [2026-01-19T18:33:31.071+0000] {dag.py:2941} INFO - Sync 1 DAGs
[2026-01-19T18:33:31.153+0000] {logging_mixin.py:151} INFO - [2026-01-19T18:33:31.152+0000] {dag.py:3722} INFO - Setting next_dagrun for ingestion_to_landing to 2026-01-18T21:44:42.425015+00:00, run_after=2026-01-19T21:44:42.425015+00:00
[2026-01-19T18:33:31.261+0000] {processor.py:179} INFO - Processing /opt/airflow/dags/ingestion_dag.py took 0.669 seconds
[2026-01-19T18:34:02.133+0000] {processor.py:157} INFO - Started process (PID=165) to work on /opt/airflow/dags/ingestion_dag.py
[2026-01-19T18:34:02.136+0000] {processor.py:829} INFO - Processing file /opt/airflow/dags/ingestion_dag.py for tasks to queue
[2026-01-19T18:34:02.143+0000] {logging_mixin.py:151} INFO - [2026-01-19T18:34:02.138+0000] {dagbag.py:536} INFO - Filling up the DagBag from /opt/airflow/dags/ingestion_dag.py
[2026-01-19T18:34:02.293+0000] {processor.py:839} INFO - DAG(s) dict_keys(['ingestion_to_landing']) retrieved from /opt/airflow/dags/ingestion_dag.py
[2026-01-19T18:34:02.471+0000] {logging_mixin.py:151} INFO - [2026-01-19T18:34:02.470+0000] {dag.py:2941} INFO - Sync 1 DAGs
[2026-01-19T18:34:02.630+0000] {logging_mixin.py:151} INFO - [2026-01-19T18:34:02.629+0000] {dag.py:3722} INFO - Setting next_dagrun for ingestion_to_landing to 2026-01-18T21:44:42.425015+00:00, run_after=2026-01-19T21:44:42.425015+00:00
[2026-01-19T18:34:02.696+0000] {processor.py:179} INFO - Processing /opt/airflow/dags/ingestion_dag.py took 0.577 seconds
[2026-01-19T18:34:33.173+0000] {processor.py:157} INFO - Started process (PID=170) to work on /opt/airflow/dags/ingestion_dag.py
[2026-01-19T18:34:33.188+0000] {processor.py:829} INFO - Processing file /opt/airflow/dags/ingestion_dag.py for tasks to queue
[2026-01-19T18:34:33.193+0000] {logging_mixin.py:151} INFO - [2026-01-19T18:34:33.192+0000] {dagbag.py:536} INFO - Filling up the DagBag from /opt/airflow/dags/ingestion_dag.py
[2026-01-19T18:34:33.239+0000] {processor.py:839} INFO - DAG(s) dict_keys(['ingestion_to_landing']) retrieved from /opt/airflow/dags/ingestion_dag.py
[2026-01-19T18:34:33.371+0000] {logging_mixin.py:151} INFO - [2026-01-19T18:34:33.370+0000] {dag.py:2941} INFO - Sync 1 DAGs
[2026-01-19T18:34:33.514+0000] {logging_mixin.py:151} INFO - [2026-01-19T18:34:33.513+0000] {dag.py:3722} INFO - Setting next_dagrun for ingestion_to_landing to 2026-01-18T21:44:42.425015+00:00, run_after=2026-01-19T21:44:42.425015+00:00
[2026-01-19T18:34:33.779+0000] {processor.py:179} INFO - Processing /opt/airflow/dags/ingestion_dag.py took 0.623 seconds
[2026-01-19T18:35:04.090+0000] {processor.py:157} INFO - Started process (PID=175) to work on /opt/airflow/dags/ingestion_dag.py
[2026-01-19T18:35:04.095+0000] {processor.py:829} INFO - Processing file /opt/airflow/dags/ingestion_dag.py for tasks to queue
[2026-01-19T18:35:04.098+0000] {logging_mixin.py:151} INFO - [2026-01-19T18:35:04.097+0000] {dagbag.py:536} INFO - Filling up the DagBag from /opt/airflow/dags/ingestion_dag.py
[2026-01-19T18:35:04.274+0000] {processor.py:839} INFO - DAG(s) dict_keys(['ingestion_to_landing']) retrieved from /opt/airflow/dags/ingestion_dag.py
[2026-01-19T18:35:05.413+0000] {logging_mixin.py:151} INFO - [2026-01-19T18:35:05.413+0000] {dag.py:2941} INFO - Sync 1 DAGs
[2026-01-19T18:35:06.473+0000] {logging_mixin.py:151} INFO - [2026-01-19T18:35:06.472+0000] {dag.py:3722} INFO - Setting next_dagrun for ingestion_to_landing to 2026-01-18T21:44:42.425015+00:00, run_after=2026-01-19T21:44:42.425015+00:00
[2026-01-19T18:35:06.813+0000] {processor.py:179} INFO - Processing /opt/airflow/dags/ingestion_dag.py took 2.739 seconds
