[2025-09-30T21:25:39.446+0000] {processor.py:157} INFO - Started process (PID=161) to work on /opt/airflow/dags/ingestion_dag.py
[2025-09-30T21:25:39.452+0000] {processor.py:829} INFO - Processing file /opt/airflow/dags/ingestion_dag.py for tasks to queue
[2025-09-30T21:25:39.455+0000] {logging_mixin.py:151} INFO - [2025-09-30T21:25:39.453+0000] {dagbag.py:536} INFO - Filling up the DagBag from /opt/airflow/dags/ingestion_dag.py
[2025-09-30T21:25:39.561+0000] {processor.py:839} INFO - DAG(s) dict_keys(['ingestion_to_landing']) retrieved from /opt/airflow/dags/ingestion_dag.py
[2025-09-30T21:25:39.812+0000] {logging_mixin.py:151} INFO - [2025-09-30T21:25:39.811+0000] {dag.py:2941} INFO - Sync 1 DAGs
[2025-09-30T21:25:39.897+0000] {logging_mixin.py:151} INFO - [2025-09-30T21:25:39.896+0000] {dag.py:3722} INFO - Setting next_dagrun for ingestion_to_landing to 2025-09-29T21:25:39.895972+00:00, run_after=2025-09-30T21:25:39.895972+00:00
[2025-09-30T21:25:39.976+0000] {processor.py:179} INFO - Processing /opt/airflow/dags/ingestion_dag.py took 0.551 seconds
[2025-09-30T21:26:10.055+0000] {processor.py:157} INFO - Started process (PID=166) to work on /opt/airflow/dags/ingestion_dag.py
[2025-09-30T21:26:10.058+0000] {processor.py:829} INFO - Processing file /opt/airflow/dags/ingestion_dag.py for tasks to queue
[2025-09-30T21:26:10.064+0000] {logging_mixin.py:151} INFO - [2025-09-30T21:26:10.059+0000] {dagbag.py:536} INFO - Filling up the DagBag from /opt/airflow/dags/ingestion_dag.py
[2025-09-30T21:26:10.103+0000] {processor.py:839} INFO - DAG(s) dict_keys(['ingestion_to_landing']) retrieved from /opt/airflow/dags/ingestion_dag.py
[2025-09-30T21:26:10.230+0000] {logging_mixin.py:151} INFO - [2025-09-30T21:26:10.229+0000] {dag.py:2941} INFO - Sync 1 DAGs
[2025-09-30T21:26:10.319+0000] {logging_mixin.py:151} INFO - [2025-09-30T21:26:10.319+0000] {dag.py:3722} INFO - Setting next_dagrun for ingestion_to_landing to 2025-09-29T21:26:10.318145+00:00, run_after=2025-09-30T21:26:10.318145+00:00
[2025-09-30T21:26:10.378+0000] {processor.py:179} INFO - Processing /opt/airflow/dags/ingestion_dag.py took 0.337 seconds
[2025-09-30T21:26:41.022+0000] {processor.py:157} INFO - Started process (PID=171) to work on /opt/airflow/dags/ingestion_dag.py
[2025-09-30T21:26:41.026+0000] {processor.py:829} INFO - Processing file /opt/airflow/dags/ingestion_dag.py for tasks to queue
[2025-09-30T21:26:41.035+0000] {logging_mixin.py:151} INFO - [2025-09-30T21:26:41.030+0000] {dagbag.py:536} INFO - Filling up the DagBag from /opt/airflow/dags/ingestion_dag.py
[2025-09-30T21:26:41.138+0000] {processor.py:839} INFO - DAG(s) dict_keys(['ingestion_to_landing']) retrieved from /opt/airflow/dags/ingestion_dag.py
[2025-09-30T21:26:41.309+0000] {logging_mixin.py:151} INFO - [2025-09-30T21:26:41.308+0000] {dag.py:2941} INFO - Sync 1 DAGs
[2025-09-30T21:26:41.413+0000] {logging_mixin.py:151} INFO - [2025-09-30T21:26:41.412+0000] {dag.py:3722} INFO - Setting next_dagrun for ingestion_to_landing to 2025-09-29T21:26:41.384194+00:00, run_after=2025-09-30T21:26:41.384194+00:00
[2025-09-30T21:26:41.466+0000] {processor.py:179} INFO - Processing /opt/airflow/dags/ingestion_dag.py took 0.491 seconds
[2025-09-30T21:27:13.523+0000] {processor.py:157} INFO - Started process (PID=176) to work on /opt/airflow/dags/ingestion_dag.py
[2025-09-30T21:27:13.543+0000] {processor.py:829} INFO - Processing file /opt/airflow/dags/ingestion_dag.py for tasks to queue
[2025-09-30T21:27:13.551+0000] {logging_mixin.py:151} INFO - [2025-09-30T21:27:13.545+0000] {dagbag.py:536} INFO - Filling up the DagBag from /opt/airflow/dags/ingestion_dag.py
[2025-09-30T21:27:13.655+0000] {processor.py:839} INFO - DAG(s) dict_keys(['ingestion_to_landing']) retrieved from /opt/airflow/dags/ingestion_dag.py
[2025-09-30T21:27:13.928+0000] {logging_mixin.py:151} INFO - [2025-09-30T21:27:13.927+0000] {dag.py:2941} INFO - Sync 1 DAGs
[2025-09-30T21:27:14.099+0000] {logging_mixin.py:151} INFO - [2025-09-30T21:27:14.097+0000] {dag.py:3722} INFO - Setting next_dagrun for ingestion_to_landing to 2025-09-29T21:27:14.095797+00:00, run_after=2025-09-30T21:27:14.095797+00:00
[2025-09-30T21:27:15.194+0000] {processor.py:179} INFO - Processing /opt/airflow/dags/ingestion_dag.py took 1.718 seconds
[2025-09-30T21:27:45.758+0000] {processor.py:157} INFO - Started process (PID=181) to work on /opt/airflow/dags/ingestion_dag.py
[2025-09-30T21:27:45.773+0000] {processor.py:829} INFO - Processing file /opt/airflow/dags/ingestion_dag.py for tasks to queue
[2025-09-30T21:27:45.783+0000] {logging_mixin.py:151} INFO - [2025-09-30T21:27:45.775+0000] {dagbag.py:536} INFO - Filling up the DagBag from /opt/airflow/dags/ingestion_dag.py
[2025-09-30T21:27:45.899+0000] {processor.py:839} INFO - DAG(s) dict_keys(['ingestion_to_landing']) retrieved from /opt/airflow/dags/ingestion_dag.py
[2025-09-30T21:27:46.088+0000] {logging_mixin.py:151} INFO - [2025-09-30T21:27:46.088+0000] {dag.py:2941} INFO - Sync 1 DAGs
[2025-09-30T21:27:46.276+0000] {logging_mixin.py:151} INFO - [2025-09-30T21:27:46.275+0000] {dag.py:3722} INFO - Setting next_dagrun for ingestion_to_landing to 2025-09-29T21:27:46.274601+00:00, run_after=2025-09-30T21:27:46.274601+00:00
[2025-09-30T21:27:46.426+0000] {processor.py:179} INFO - Processing /opt/airflow/dags/ingestion_dag.py took 0.702 seconds
[2025-09-30T21:28:17.347+0000] {processor.py:157} INFO - Started process (PID=186) to work on /opt/airflow/dags/ingestion_dag.py
[2025-09-30T21:28:17.352+0000] {processor.py:829} INFO - Processing file /opt/airflow/dags/ingestion_dag.py for tasks to queue
[2025-09-30T21:28:17.357+0000] {logging_mixin.py:151} INFO - [2025-09-30T21:28:17.356+0000] {dagbag.py:536} INFO - Filling up the DagBag from /opt/airflow/dags/ingestion_dag.py
[2025-09-30T21:28:17.529+0000] {processor.py:839} INFO - DAG(s) dict_keys(['ingestion_to_landing']) retrieved from /opt/airflow/dags/ingestion_dag.py
[2025-09-30T21:28:17.657+0000] {logging_mixin.py:151} INFO - [2025-09-30T21:28:17.656+0000] {dag.py:2941} INFO - Sync 1 DAGs
[2025-09-30T21:28:17.737+0000] {logging_mixin.py:151} INFO - [2025-09-30T21:28:17.736+0000] {dag.py:3722} INFO - Setting next_dagrun for ingestion_to_landing to 2025-09-29T21:28:17.736076+00:00, run_after=2025-09-30T21:28:17.736076+00:00
[2025-09-30T21:28:17.801+0000] {processor.py:179} INFO - Processing /opt/airflow/dags/ingestion_dag.py took 0.523 seconds
[2025-09-30T21:28:48.466+0000] {processor.py:157} INFO - Started process (PID=191) to work on /opt/airflow/dags/ingestion_dag.py
[2025-09-30T21:28:48.468+0000] {processor.py:829} INFO - Processing file /opt/airflow/dags/ingestion_dag.py for tasks to queue
[2025-09-30T21:28:48.470+0000] {logging_mixin.py:151} INFO - [2025-09-30T21:28:48.469+0000] {dagbag.py:536} INFO - Filling up the DagBag from /opt/airflow/dags/ingestion_dag.py
[2025-09-30T21:28:48.498+0000] {processor.py:839} INFO - DAG(s) dict_keys(['ingestion_to_landing']) retrieved from /opt/airflow/dags/ingestion_dag.py
[2025-09-30T21:28:48.555+0000] {logging_mixin.py:151} INFO - [2025-09-30T21:28:48.554+0000] {dag.py:2941} INFO - Sync 1 DAGs
[2025-09-30T21:28:48.610+0000] {logging_mixin.py:151} INFO - [2025-09-30T21:28:48.609+0000] {dag.py:3722} INFO - Setting next_dagrun for ingestion_to_landing to 2025-09-29T21:28:48.609223+00:00, run_after=2025-09-30T21:28:48.609223+00:00
[2025-09-30T21:28:48.663+0000] {processor.py:179} INFO - Processing /opt/airflow/dags/ingestion_dag.py took 0.209 seconds
[2025-09-30T21:29:18.797+0000] {processor.py:157} INFO - Started process (PID=196) to work on /opt/airflow/dags/ingestion_dag.py
[2025-09-30T21:29:18.808+0000] {processor.py:829} INFO - Processing file /opt/airflow/dags/ingestion_dag.py for tasks to queue
[2025-09-30T21:29:18.811+0000] {logging_mixin.py:151} INFO - [2025-09-30T21:29:18.810+0000] {dagbag.py:536} INFO - Filling up the DagBag from /opt/airflow/dags/ingestion_dag.py
[2025-09-30T21:29:18.846+0000] {processor.py:839} INFO - DAG(s) dict_keys(['ingestion_to_landing']) retrieved from /opt/airflow/dags/ingestion_dag.py
[2025-09-30T21:29:18.975+0000] {logging_mixin.py:151} INFO - [2025-09-30T21:29:18.975+0000] {dag.py:2941} INFO - Sync 1 DAGs
[2025-09-30T21:29:19.061+0000] {logging_mixin.py:151} INFO - [2025-09-30T21:29:19.060+0000] {dag.py:3722} INFO - Setting next_dagrun for ingestion_to_landing to 2025-09-29T21:29:19.059894+00:00, run_after=2025-09-30T21:29:19.059894+00:00
[2025-09-30T21:29:19.114+0000] {processor.py:179} INFO - Processing /opt/airflow/dags/ingestion_dag.py took 0.332 seconds
[2025-09-30T21:29:49.798+0000] {processor.py:157} INFO - Started process (PID=203) to work on /opt/airflow/dags/ingestion_dag.py
[2025-09-30T21:29:49.806+0000] {processor.py:829} INFO - Processing file /opt/airflow/dags/ingestion_dag.py for tasks to queue
[2025-09-30T21:29:49.817+0000] {logging_mixin.py:151} INFO - [2025-09-30T21:29:49.814+0000] {dagbag.py:536} INFO - Filling up the DagBag from /opt/airflow/dags/ingestion_dag.py
[2025-09-30T21:29:50.081+0000] {processor.py:839} INFO - DAG(s) dict_keys(['ingestion_to_landing']) retrieved from /opt/airflow/dags/ingestion_dag.py
[2025-09-30T21:29:50.515+0000] {logging_mixin.py:151} INFO - [2025-09-30T21:29:50.515+0000] {dag.py:2941} INFO - Sync 1 DAGs
[2025-09-30T21:29:50.708+0000] {logging_mixin.py:151} INFO - [2025-09-30T21:29:50.707+0000] {dag.py:3722} INFO - Setting next_dagrun for ingestion_to_landing to 2025-09-30T21:29:19.059894+00:00, run_after=2025-10-01T21:29:19.059894+00:00
[2025-09-30T21:29:50.797+0000] {processor.py:179} INFO - Processing /opt/airflow/dags/ingestion_dag.py took 1.046 seconds
[2025-09-30T21:30:21.716+0000] {processor.py:157} INFO - Started process (PID=208) to work on /opt/airflow/dags/ingestion_dag.py
[2025-09-30T21:30:21.734+0000] {processor.py:829} INFO - Processing file /opt/airflow/dags/ingestion_dag.py for tasks to queue
[2025-09-30T21:30:21.738+0000] {logging_mixin.py:151} INFO - [2025-09-30T21:30:21.737+0000] {dagbag.py:536} INFO - Filling up the DagBag from /opt/airflow/dags/ingestion_dag.py
[2025-09-30T21:30:21.859+0000] {processor.py:839} INFO - DAG(s) dict_keys(['ingestion_to_landing']) retrieved from /opt/airflow/dags/ingestion_dag.py
[2025-09-30T21:30:22.062+0000] {logging_mixin.py:151} INFO - [2025-09-30T21:30:22.054+0000] {dag.py:2941} INFO - Sync 1 DAGs
[2025-09-30T21:30:22.207+0000] {logging_mixin.py:151} INFO - [2025-09-30T21:30:22.207+0000] {dag.py:3722} INFO - Setting next_dagrun for ingestion_to_landing to 2025-09-30T21:29:19.059894+00:00, run_after=2025-10-01T21:29:19.059894+00:00
[2025-09-30T21:30:22.339+0000] {processor.py:179} INFO - Processing /opt/airflow/dags/ingestion_dag.py took 0.651 seconds
[2025-09-30T21:30:53.036+0000] {processor.py:157} INFO - Started process (PID=213) to work on /opt/airflow/dags/ingestion_dag.py
[2025-09-30T21:30:53.041+0000] {processor.py:829} INFO - Processing file /opt/airflow/dags/ingestion_dag.py for tasks to queue
[2025-09-30T21:30:53.044+0000] {logging_mixin.py:151} INFO - [2025-09-30T21:30:53.042+0000] {dagbag.py:536} INFO - Filling up the DagBag from /opt/airflow/dags/ingestion_dag.py
[2025-09-30T21:30:53.451+0000] {processor.py:839} INFO - DAG(s) dict_keys(['ingestion_to_landing']) retrieved from /opt/airflow/dags/ingestion_dag.py
[2025-09-30T21:30:54.133+0000] {logging_mixin.py:151} INFO - [2025-09-30T21:30:54.132+0000] {dag.py:2941} INFO - Sync 1 DAGs
[2025-09-30T21:30:54.294+0000] {logging_mixin.py:151} INFO - [2025-09-30T21:30:54.294+0000] {dag.py:3722} INFO - Setting next_dagrun for ingestion_to_landing to 2025-09-30T21:29:19.059894+00:00, run_after=2025-10-01T21:29:19.059894+00:00
[2025-09-30T21:30:54.339+0000] {processor.py:179} INFO - Processing /opt/airflow/dags/ingestion_dag.py took 1.359 seconds
[2025-09-30T21:31:24.718+0000] {processor.py:157} INFO - Started process (PID=218) to work on /opt/airflow/dags/ingestion_dag.py
[2025-09-30T21:31:24.722+0000] {processor.py:829} INFO - Processing file /opt/airflow/dags/ingestion_dag.py for tasks to queue
[2025-09-30T21:31:24.724+0000] {logging_mixin.py:151} INFO - [2025-09-30T21:31:24.724+0000] {dagbag.py:536} INFO - Filling up the DagBag from /opt/airflow/dags/ingestion_dag.py
[2025-09-30T21:31:24.765+0000] {processor.py:839} INFO - DAG(s) dict_keys(['ingestion_to_landing']) retrieved from /opt/airflow/dags/ingestion_dag.py
[2025-09-30T21:31:24.839+0000] {logging_mixin.py:151} INFO - [2025-09-30T21:31:24.838+0000] {dag.py:2941} INFO - Sync 1 DAGs
[2025-09-30T21:31:24.904+0000] {logging_mixin.py:151} INFO - [2025-09-30T21:31:24.903+0000] {dag.py:3722} INFO - Setting next_dagrun for ingestion_to_landing to 2025-09-30T21:29:19.059894+00:00, run_after=2025-10-01T21:29:19.059894+00:00
[2025-09-30T21:31:24.981+0000] {processor.py:179} INFO - Processing /opt/airflow/dags/ingestion_dag.py took 0.273 seconds
[2025-09-30T21:31:55.283+0000] {processor.py:157} INFO - Started process (PID=223) to work on /opt/airflow/dags/ingestion_dag.py
[2025-09-30T21:31:55.286+0000] {processor.py:829} INFO - Processing file /opt/airflow/dags/ingestion_dag.py for tasks to queue
[2025-09-30T21:31:55.288+0000] {logging_mixin.py:151} INFO - [2025-09-30T21:31:55.287+0000] {dagbag.py:536} INFO - Filling up the DagBag from /opt/airflow/dags/ingestion_dag.py
[2025-09-30T21:31:55.436+0000] {processor.py:839} INFO - DAG(s) dict_keys(['ingestion_to_landing']) retrieved from /opt/airflow/dags/ingestion_dag.py
[2025-09-30T21:31:55.526+0000] {logging_mixin.py:151} INFO - [2025-09-30T21:31:55.525+0000] {dag.py:2941} INFO - Sync 1 DAGs
[2025-09-30T21:31:55.593+0000] {logging_mixin.py:151} INFO - [2025-09-30T21:31:55.592+0000] {dag.py:3722} INFO - Setting next_dagrun for ingestion_to_landing to 2025-09-30T21:29:19.059894+00:00, run_after=2025-10-01T21:29:19.059894+00:00
[2025-09-30T21:31:55.642+0000] {processor.py:179} INFO - Processing /opt/airflow/dags/ingestion_dag.py took 0.382 seconds
[2025-09-30T21:32:26.630+0000] {processor.py:157} INFO - Started process (PID=228) to work on /opt/airflow/dags/ingestion_dag.py
[2025-09-30T21:32:26.642+0000] {processor.py:829} INFO - Processing file /opt/airflow/dags/ingestion_dag.py for tasks to queue
[2025-09-30T21:32:26.657+0000] {logging_mixin.py:151} INFO - [2025-09-30T21:32:26.648+0000] {dagbag.py:536} INFO - Filling up the DagBag from /opt/airflow/dags/ingestion_dag.py
[2025-09-30T21:32:26.822+0000] {processor.py:839} INFO - DAG(s) dict_keys(['ingestion_to_landing']) retrieved from /opt/airflow/dags/ingestion_dag.py
[2025-09-30T21:32:28.406+0000] {logging_mixin.py:151} INFO - [2025-09-30T21:32:28.396+0000] {dag.py:2941} INFO - Sync 1 DAGs
[2025-09-30T21:32:28.758+0000] {logging_mixin.py:151} INFO - [2025-09-30T21:32:28.756+0000] {dag.py:3722} INFO - Setting next_dagrun for ingestion_to_landing to 2025-09-30T21:29:19.059894+00:00, run_after=2025-10-01T21:29:19.059894+00:00
[2025-09-30T21:32:29.220+0000] {processor.py:179} INFO - Processing /opt/airflow/dags/ingestion_dag.py took 2.676 seconds
[2025-09-30T21:32:59.928+0000] {processor.py:157} INFO - Started process (PID=233) to work on /opt/airflow/dags/ingestion_dag.py
[2025-09-30T21:32:59.933+0000] {processor.py:829} INFO - Processing file /opt/airflow/dags/ingestion_dag.py for tasks to queue
[2025-09-30T21:32:59.938+0000] {logging_mixin.py:151} INFO - [2025-09-30T21:32:59.936+0000] {dagbag.py:536} INFO - Filling up the DagBag from /opt/airflow/dags/ingestion_dag.py
[2025-09-30T21:33:00.006+0000] {processor.py:839} INFO - DAG(s) dict_keys(['ingestion_to_landing']) retrieved from /opt/airflow/dags/ingestion_dag.py
[2025-09-30T21:33:00.118+0000] {logging_mixin.py:151} INFO - [2025-09-30T21:33:00.118+0000] {dag.py:2941} INFO - Sync 1 DAGs
[2025-09-30T21:33:00.197+0000] {logging_mixin.py:151} INFO - [2025-09-30T21:33:00.197+0000] {dag.py:3722} INFO - Setting next_dagrun for ingestion_to_landing to 2025-09-30T21:29:19.059894+00:00, run_after=2025-10-01T21:29:19.059894+00:00
[2025-09-30T21:33:00.243+0000] {processor.py:179} INFO - Processing /opt/airflow/dags/ingestion_dag.py took 0.333 seconds
[2025-09-30T21:33:30.747+0000] {processor.py:157} INFO - Started process (PID=238) to work on /opt/airflow/dags/ingestion_dag.py
[2025-09-30T21:33:30.750+0000] {processor.py:829} INFO - Processing file /opt/airflow/dags/ingestion_dag.py for tasks to queue
[2025-09-30T21:33:30.753+0000] {logging_mixin.py:151} INFO - [2025-09-30T21:33:30.752+0000] {dagbag.py:536} INFO - Filling up the DagBag from /opt/airflow/dags/ingestion_dag.py
[2025-09-30T21:33:30.812+0000] {processor.py:839} INFO - DAG(s) dict_keys(['ingestion_to_landing']) retrieved from /opt/airflow/dags/ingestion_dag.py
[2025-09-30T21:33:30.919+0000] {logging_mixin.py:151} INFO - [2025-09-30T21:33:30.919+0000] {dag.py:2941} INFO - Sync 1 DAGs
[2025-09-30T21:33:30.992+0000] {logging_mixin.py:151} INFO - [2025-09-30T21:33:30.991+0000] {dag.py:3722} INFO - Setting next_dagrun for ingestion_to_landing to 2025-09-30T21:29:19.059894+00:00, run_after=2025-10-01T21:29:19.059894+00:00
[2025-09-30T21:33:31.052+0000] {processor.py:179} INFO - Processing /opt/airflow/dags/ingestion_dag.py took 0.319 seconds
[2025-09-30T21:34:02.195+0000] {processor.py:157} INFO - Started process (PID=243) to work on /opt/airflow/dags/ingestion_dag.py
[2025-09-30T21:34:02.261+0000] {processor.py:829} INFO - Processing file /opt/airflow/dags/ingestion_dag.py for tasks to queue
[2025-09-30T21:34:02.313+0000] {logging_mixin.py:151} INFO - [2025-09-30T21:34:02.276+0000] {dagbag.py:536} INFO - Filling up the DagBag from /opt/airflow/dags/ingestion_dag.py
[2025-09-30T21:34:03.063+0000] {processor.py:839} INFO - DAG(s) dict_keys(['ingestion_to_landing']) retrieved from /opt/airflow/dags/ingestion_dag.py
[2025-09-30T21:34:04.382+0000] {logging_mixin.py:151} INFO - [2025-09-30T21:34:04.377+0000] {dag.py:2941} INFO - Sync 1 DAGs
[2025-09-30T21:34:04.661+0000] {logging_mixin.py:151} INFO - [2025-09-30T21:34:04.660+0000] {dag.py:3722} INFO - Setting next_dagrun for ingestion_to_landing to 2025-09-30T21:29:19.059894+00:00, run_after=2025-10-01T21:29:19.059894+00:00
[2025-09-30T21:34:04.858+0000] {processor.py:179} INFO - Processing /opt/airflow/dags/ingestion_dag.py took 2.707 seconds
[2025-09-30T21:34:35.591+0000] {processor.py:157} INFO - Started process (PID=248) to work on /opt/airflow/dags/ingestion_dag.py
[2025-09-30T21:34:35.595+0000] {processor.py:829} INFO - Processing file /opt/airflow/dags/ingestion_dag.py for tasks to queue
[2025-09-30T21:34:35.598+0000] {logging_mixin.py:151} INFO - [2025-09-30T21:34:35.597+0000] {dagbag.py:536} INFO - Filling up the DagBag from /opt/airflow/dags/ingestion_dag.py
[2025-09-30T21:34:35.656+0000] {processor.py:839} INFO - DAG(s) dict_keys(['ingestion_to_landing']) retrieved from /opt/airflow/dags/ingestion_dag.py
[2025-09-30T21:34:35.732+0000] {logging_mixin.py:151} INFO - [2025-09-30T21:34:35.732+0000] {dag.py:2941} INFO - Sync 1 DAGs
[2025-09-30T21:34:35.837+0000] {logging_mixin.py:151} INFO - [2025-09-30T21:34:35.836+0000] {dag.py:3722} INFO - Setting next_dagrun for ingestion_to_landing to 2025-09-30T21:29:19.059894+00:00, run_after=2025-10-01T21:29:19.059894+00:00
[2025-09-30T21:34:35.908+0000] {processor.py:179} INFO - Processing /opt/airflow/dags/ingestion_dag.py took 0.339 seconds
[2025-09-30T21:35:06.276+0000] {processor.py:157} INFO - Started process (PID=255) to work on /opt/airflow/dags/ingestion_dag.py
[2025-09-30T21:35:06.279+0000] {processor.py:829} INFO - Processing file /opt/airflow/dags/ingestion_dag.py for tasks to queue
[2025-09-30T21:35:06.282+0000] {logging_mixin.py:151} INFO - [2025-09-30T21:35:06.282+0000] {dagbag.py:536} INFO - Filling up the DagBag from /opt/airflow/dags/ingestion_dag.py
[2025-09-30T21:35:06.323+0000] {processor.py:839} INFO - DAG(s) dict_keys(['ingestion_to_landing']) retrieved from /opt/airflow/dags/ingestion_dag.py
[2025-09-30T21:35:06.417+0000] {logging_mixin.py:151} INFO - [2025-09-30T21:35:06.416+0000] {dag.py:2941} INFO - Sync 1 DAGs
[2025-09-30T21:35:06.488+0000] {logging_mixin.py:151} INFO - [2025-09-30T21:35:06.487+0000] {dag.py:3722} INFO - Setting next_dagrun for ingestion_to_landing to 2025-09-30T21:29:19.059894+00:00, run_after=2025-10-01T21:29:19.059894+00:00
[2025-09-30T21:35:06.547+0000] {processor.py:179} INFO - Processing /opt/airflow/dags/ingestion_dag.py took 0.287 seconds
[2025-09-30T21:35:36.695+0000] {processor.py:157} INFO - Started process (PID=260) to work on /opt/airflow/dags/ingestion_dag.py
[2025-09-30T21:35:36.698+0000] {processor.py:829} INFO - Processing file /opt/airflow/dags/ingestion_dag.py for tasks to queue
[2025-09-30T21:35:36.701+0000] {logging_mixin.py:151} INFO - [2025-09-30T21:35:36.700+0000] {dagbag.py:536} INFO - Filling up the DagBag from /opt/airflow/dags/ingestion_dag.py
[2025-09-30T21:35:36.736+0000] {processor.py:839} INFO - DAG(s) dict_keys(['ingestion_to_landing']) retrieved from /opt/airflow/dags/ingestion_dag.py
[2025-09-30T21:35:36.806+0000] {logging_mixin.py:151} INFO - [2025-09-30T21:35:36.805+0000] {dag.py:2941} INFO - Sync 1 DAGs
[2025-09-30T21:35:36.875+0000] {logging_mixin.py:151} INFO - [2025-09-30T21:35:36.875+0000] {dag.py:3722} INFO - Setting next_dagrun for ingestion_to_landing to 2025-09-30T21:29:19.059894+00:00, run_after=2025-10-01T21:29:19.059894+00:00
[2025-09-30T21:35:36.932+0000] {processor.py:179} INFO - Processing /opt/airflow/dags/ingestion_dag.py took 0.253 seconds
[2025-09-30T21:36:07.276+0000] {processor.py:157} INFO - Started process (PID=265) to work on /opt/airflow/dags/ingestion_dag.py
[2025-09-30T21:36:07.291+0000] {processor.py:829} INFO - Processing file /opt/airflow/dags/ingestion_dag.py for tasks to queue
[2025-09-30T21:36:07.293+0000] {logging_mixin.py:151} INFO - [2025-09-30T21:36:07.292+0000] {dagbag.py:536} INFO - Filling up the DagBag from /opt/airflow/dags/ingestion_dag.py
[2025-09-30T21:36:07.338+0000] {processor.py:839} INFO - DAG(s) dict_keys(['ingestion_to_landing']) retrieved from /opt/airflow/dags/ingestion_dag.py
[2025-09-30T21:36:07.413+0000] {logging_mixin.py:151} INFO - [2025-09-30T21:36:07.412+0000] {dag.py:2941} INFO - Sync 1 DAGs
[2025-09-30T21:36:07.475+0000] {logging_mixin.py:151} INFO - [2025-09-30T21:36:07.474+0000] {dag.py:3722} INFO - Setting next_dagrun for ingestion_to_landing to 2025-09-30T21:29:19.059894+00:00, run_after=2025-10-01T21:29:19.059894+00:00
[2025-09-30T21:36:07.533+0000] {processor.py:179} INFO - Processing /opt/airflow/dags/ingestion_dag.py took 0.273 seconds
[2025-09-30T21:36:37.703+0000] {processor.py:157} INFO - Started process (PID=270) to work on /opt/airflow/dags/ingestion_dag.py
[2025-09-30T21:36:37.705+0000] {processor.py:829} INFO - Processing file /opt/airflow/dags/ingestion_dag.py for tasks to queue
[2025-09-30T21:36:37.707+0000] {logging_mixin.py:151} INFO - [2025-09-30T21:36:37.706+0000] {dagbag.py:536} INFO - Filling up the DagBag from /opt/airflow/dags/ingestion_dag.py
[2025-09-30T21:36:37.732+0000] {processor.py:839} INFO - DAG(s) dict_keys(['ingestion_to_landing']) retrieved from /opt/airflow/dags/ingestion_dag.py
[2025-09-30T21:36:37.793+0000] {logging_mixin.py:151} INFO - [2025-09-30T21:36:37.793+0000] {dag.py:2941} INFO - Sync 1 DAGs
[2025-09-30T21:36:37.847+0000] {logging_mixin.py:151} INFO - [2025-09-30T21:36:37.846+0000] {dag.py:3722} INFO - Setting next_dagrun for ingestion_to_landing to 2025-09-30T21:29:19.059894+00:00, run_after=2025-10-01T21:29:19.059894+00:00
[2025-09-30T21:36:37.893+0000] {processor.py:179} INFO - Processing /opt/airflow/dags/ingestion_dag.py took 0.198 seconds
[2025-09-30T21:37:08.340+0000] {processor.py:157} INFO - Started process (PID=275) to work on /opt/airflow/dags/ingestion_dag.py
[2025-09-30T21:37:08.354+0000] {processor.py:829} INFO - Processing file /opt/airflow/dags/ingestion_dag.py for tasks to queue
[2025-09-30T21:37:08.357+0000] {logging_mixin.py:151} INFO - [2025-09-30T21:37:08.356+0000] {dagbag.py:536} INFO - Filling up the DagBag from /opt/airflow/dags/ingestion_dag.py
[2025-09-30T21:37:08.398+0000] {processor.py:839} INFO - DAG(s) dict_keys(['ingestion_to_landing']) retrieved from /opt/airflow/dags/ingestion_dag.py
[2025-09-30T21:37:08.507+0000] {logging_mixin.py:151} INFO - [2025-09-30T21:37:08.506+0000] {dag.py:2941} INFO - Sync 1 DAGs
[2025-09-30T21:37:08.643+0000] {logging_mixin.py:151} INFO - [2025-09-30T21:37:08.642+0000] {dag.py:3722} INFO - Setting next_dagrun for ingestion_to_landing to 2025-09-30T21:29:19.059894+00:00, run_after=2025-10-01T21:29:19.059894+00:00
[2025-09-30T21:37:08.727+0000] {processor.py:179} INFO - Processing /opt/airflow/dags/ingestion_dag.py took 0.404 seconds
[2025-09-30T21:37:39.082+0000] {processor.py:157} INFO - Started process (PID=280) to work on /opt/airflow/dags/ingestion_dag.py
[2025-09-30T21:37:39.090+0000] {processor.py:829} INFO - Processing file /opt/airflow/dags/ingestion_dag.py for tasks to queue
[2025-09-30T21:37:39.098+0000] {logging_mixin.py:151} INFO - [2025-09-30T21:37:39.094+0000] {dagbag.py:536} INFO - Filling up the DagBag from /opt/airflow/dags/ingestion_dag.py
[2025-09-30T21:37:39.163+0000] {processor.py:839} INFO - DAG(s) dict_keys(['ingestion_to_landing']) retrieved from /opt/airflow/dags/ingestion_dag.py
[2025-09-30T21:37:39.264+0000] {logging_mixin.py:151} INFO - [2025-09-30T21:37:39.264+0000] {dag.py:2941} INFO - Sync 1 DAGs
[2025-09-30T21:37:39.363+0000] {logging_mixin.py:151} INFO - [2025-09-30T21:37:39.359+0000] {dag.py:3722} INFO - Setting next_dagrun for ingestion_to_landing to 2025-09-30T21:29:19.059894+00:00, run_after=2025-10-01T21:29:19.059894+00:00
[2025-09-30T21:37:39.421+0000] {processor.py:179} INFO - Processing /opt/airflow/dags/ingestion_dag.py took 0.379 seconds
[2025-09-30T21:38:09.885+0000] {processor.py:157} INFO - Started process (PID=285) to work on /opt/airflow/dags/ingestion_dag.py
[2025-09-30T21:38:09.900+0000] {processor.py:829} INFO - Processing file /opt/airflow/dags/ingestion_dag.py for tasks to queue
[2025-09-30T21:38:09.903+0000] {logging_mixin.py:151} INFO - [2025-09-30T21:38:09.902+0000] {dagbag.py:536} INFO - Filling up the DagBag from /opt/airflow/dags/ingestion_dag.py
[2025-09-30T21:38:09.942+0000] {processor.py:839} INFO - DAG(s) dict_keys(['ingestion_to_landing']) retrieved from /opt/airflow/dags/ingestion_dag.py
[2025-09-30T21:38:10.045+0000] {logging_mixin.py:151} INFO - [2025-09-30T21:38:10.044+0000] {dag.py:2941} INFO - Sync 1 DAGs
[2025-09-30T21:38:10.141+0000] {logging_mixin.py:151} INFO - [2025-09-30T21:38:10.141+0000] {dag.py:3722} INFO - Setting next_dagrun for ingestion_to_landing to 2025-09-30T21:29:19.059894+00:00, run_after=2025-10-01T21:29:19.059894+00:00
[2025-09-30T21:38:10.213+0000] {processor.py:179} INFO - Processing /opt/airflow/dags/ingestion_dag.py took 0.340 seconds
[2025-09-30T21:38:40.541+0000] {processor.py:157} INFO - Started process (PID=290) to work on /opt/airflow/dags/ingestion_dag.py
[2025-09-30T21:38:40.545+0000] {processor.py:829} INFO - Processing file /opt/airflow/dags/ingestion_dag.py for tasks to queue
[2025-09-30T21:38:40.549+0000] {logging_mixin.py:151} INFO - [2025-09-30T21:38:40.547+0000] {dagbag.py:536} INFO - Filling up the DagBag from /opt/airflow/dags/ingestion_dag.py
[2025-09-30T21:38:40.594+0000] {processor.py:839} INFO - DAG(s) dict_keys(['ingestion_to_landing']) retrieved from /opt/airflow/dags/ingestion_dag.py
[2025-09-30T21:38:40.663+0000] {logging_mixin.py:151} INFO - [2025-09-30T21:38:40.663+0000] {dag.py:2941} INFO - Sync 1 DAGs
[2025-09-30T21:38:40.724+0000] {logging_mixin.py:151} INFO - [2025-09-30T21:38:40.723+0000] {dag.py:3722} INFO - Setting next_dagrun for ingestion_to_landing to 2025-09-30T21:29:19.059894+00:00, run_after=2025-10-01T21:29:19.059894+00:00
[2025-09-30T21:38:40.785+0000] {processor.py:179} INFO - Processing /opt/airflow/dags/ingestion_dag.py took 0.260 seconds
[2025-09-30T21:39:10.911+0000] {processor.py:157} INFO - Started process (PID=295) to work on /opt/airflow/dags/ingestion_dag.py
[2025-09-30T21:39:10.925+0000] {processor.py:829} INFO - Processing file /opt/airflow/dags/ingestion_dag.py for tasks to queue
[2025-09-30T21:39:10.928+0000] {logging_mixin.py:151} INFO - [2025-09-30T21:39:10.927+0000] {dagbag.py:536} INFO - Filling up the DagBag from /opt/airflow/dags/ingestion_dag.py
[2025-09-30T21:39:10.986+0000] {processor.py:839} INFO - DAG(s) dict_keys(['ingestion_to_landing']) retrieved from /opt/airflow/dags/ingestion_dag.py
[2025-09-30T21:39:11.112+0000] {logging_mixin.py:151} INFO - [2025-09-30T21:39:11.111+0000] {dag.py:2941} INFO - Sync 1 DAGs
[2025-09-30T21:39:11.184+0000] {logging_mixin.py:151} INFO - [2025-09-30T21:39:11.184+0000] {dag.py:3722} INFO - Setting next_dagrun for ingestion_to_landing to 2025-09-30T21:29:19.059894+00:00, run_after=2025-10-01T21:29:19.059894+00:00
[2025-09-30T21:39:11.246+0000] {processor.py:179} INFO - Processing /opt/airflow/dags/ingestion_dag.py took 0.350 seconds
[2025-09-30T21:39:41.664+0000] {processor.py:157} INFO - Started process (PID=300) to work on /opt/airflow/dags/ingestion_dag.py
[2025-09-30T21:39:41.667+0000] {processor.py:829} INFO - Processing file /opt/airflow/dags/ingestion_dag.py for tasks to queue
[2025-09-30T21:39:41.670+0000] {logging_mixin.py:151} INFO - [2025-09-30T21:39:41.669+0000] {dagbag.py:536} INFO - Filling up the DagBag from /opt/airflow/dags/ingestion_dag.py
[2025-09-30T21:39:41.701+0000] {processor.py:839} INFO - DAG(s) dict_keys(['ingestion_to_landing']) retrieved from /opt/airflow/dags/ingestion_dag.py
[2025-09-30T21:39:41.768+0000] {logging_mixin.py:151} INFO - [2025-09-30T21:39:41.768+0000] {dag.py:2941} INFO - Sync 1 DAGs
[2025-09-30T21:39:41.822+0000] {logging_mixin.py:151} INFO - [2025-09-30T21:39:41.822+0000] {dag.py:3722} INFO - Setting next_dagrun for ingestion_to_landing to 2025-09-30T21:29:19.059894+00:00, run_after=2025-10-01T21:29:19.059894+00:00
[2025-09-30T21:39:41.875+0000] {processor.py:179} INFO - Processing /opt/airflow/dags/ingestion_dag.py took 0.220 seconds
[2025-09-30T21:40:12.032+0000] {processor.py:157} INFO - Started process (PID=305) to work on /opt/airflow/dags/ingestion_dag.py
[2025-09-30T21:40:12.049+0000] {processor.py:829} INFO - Processing file /opt/airflow/dags/ingestion_dag.py for tasks to queue
[2025-09-30T21:40:12.053+0000] {logging_mixin.py:151} INFO - [2025-09-30T21:40:12.052+0000] {dagbag.py:536} INFO - Filling up the DagBag from /opt/airflow/dags/ingestion_dag.py
[2025-09-30T21:40:12.097+0000] {processor.py:839} INFO - DAG(s) dict_keys(['ingestion_to_landing']) retrieved from /opt/airflow/dags/ingestion_dag.py
[2025-09-30T21:40:12.174+0000] {logging_mixin.py:151} INFO - [2025-09-30T21:40:12.174+0000] {dag.py:2941} INFO - Sync 1 DAGs
[2025-09-30T21:40:12.233+0000] {logging_mixin.py:151} INFO - [2025-09-30T21:40:12.233+0000] {dag.py:3722} INFO - Setting next_dagrun for ingestion_to_landing to 2025-09-30T21:29:19.059894+00:00, run_after=2025-10-01T21:29:19.059894+00:00
[2025-09-30T21:40:12.277+0000] {processor.py:179} INFO - Processing /opt/airflow/dags/ingestion_dag.py took 0.253 seconds
[2025-09-30T21:40:42.771+0000] {processor.py:157} INFO - Started process (PID=310) to work on /opt/airflow/dags/ingestion_dag.py
[2025-09-30T21:40:42.775+0000] {processor.py:829} INFO - Processing file /opt/airflow/dags/ingestion_dag.py for tasks to queue
[2025-09-30T21:40:42.782+0000] {logging_mixin.py:151} INFO - [2025-09-30T21:40:42.777+0000] {dagbag.py:536} INFO - Filling up the DagBag from /opt/airflow/dags/ingestion_dag.py
[2025-09-30T21:40:42.831+0000] {processor.py:839} INFO - DAG(s) dict_keys(['ingestion_to_landing']) retrieved from /opt/airflow/dags/ingestion_dag.py
[2025-09-30T21:40:42.907+0000] {logging_mixin.py:151} INFO - [2025-09-30T21:40:42.906+0000] {dag.py:2941} INFO - Sync 1 DAGs
[2025-09-30T21:40:42.967+0000] {logging_mixin.py:151} INFO - [2025-09-30T21:40:42.966+0000] {dag.py:3722} INFO - Setting next_dagrun for ingestion_to_landing to 2025-09-30T21:29:19.059894+00:00, run_after=2025-10-01T21:29:19.059894+00:00
[2025-09-30T21:40:43.660+0000] {processor.py:179} INFO - Processing /opt/airflow/dags/ingestion_dag.py took 0.904 seconds
[2025-09-30T21:41:14.110+0000] {processor.py:157} INFO - Started process (PID=315) to work on /opt/airflow/dags/ingestion_dag.py
[2025-09-30T21:41:14.114+0000] {processor.py:829} INFO - Processing file /opt/airflow/dags/ingestion_dag.py for tasks to queue
[2025-09-30T21:41:14.117+0000] {logging_mixin.py:151} INFO - [2025-09-30T21:41:14.116+0000] {dagbag.py:536} INFO - Filling up the DagBag from /opt/airflow/dags/ingestion_dag.py
[2025-09-30T21:41:14.159+0000] {processor.py:839} INFO - DAG(s) dict_keys(['ingestion_to_landing']) retrieved from /opt/airflow/dags/ingestion_dag.py
[2025-09-30T21:41:14.250+0000] {logging_mixin.py:151} INFO - [2025-09-30T21:41:14.249+0000] {dag.py:2941} INFO - Sync 1 DAGs
[2025-09-30T21:41:14.307+0000] {logging_mixin.py:151} INFO - [2025-09-30T21:41:14.306+0000] {dag.py:3722} INFO - Setting next_dagrun for ingestion_to_landing to 2025-09-30T21:29:19.059894+00:00, run_after=2025-10-01T21:29:19.059894+00:00
[2025-09-30T21:41:14.360+0000] {processor.py:179} INFO - Processing /opt/airflow/dags/ingestion_dag.py took 0.271 seconds
[2025-09-30T21:41:44.635+0000] {processor.py:157} INFO - Started process (PID=320) to work on /opt/airflow/dags/ingestion_dag.py
[2025-09-30T21:41:44.638+0000] {processor.py:829} INFO - Processing file /opt/airflow/dags/ingestion_dag.py for tasks to queue
[2025-09-30T21:41:44.642+0000] {logging_mixin.py:151} INFO - [2025-09-30T21:41:44.640+0000] {dagbag.py:536} INFO - Filling up the DagBag from /opt/airflow/dags/ingestion_dag.py
[2025-09-30T21:41:44.680+0000] {processor.py:839} INFO - DAG(s) dict_keys(['ingestion_to_landing']) retrieved from /opt/airflow/dags/ingestion_dag.py
[2025-09-30T21:41:44.752+0000] {logging_mixin.py:151} INFO - [2025-09-30T21:41:44.751+0000] {dag.py:2941} INFO - Sync 1 DAGs
[2025-09-30T21:41:44.815+0000] {logging_mixin.py:151} INFO - [2025-09-30T21:41:44.814+0000] {dag.py:3722} INFO - Setting next_dagrun for ingestion_to_landing to 2025-09-30T21:29:19.059894+00:00, run_after=2025-10-01T21:29:19.059894+00:00
[2025-09-30T21:41:44.872+0000] {processor.py:179} INFO - Processing /opt/airflow/dags/ingestion_dag.py took 0.249 seconds
[2025-09-30T21:42:15.106+0000] {processor.py:157} INFO - Started process (PID=325) to work on /opt/airflow/dags/ingestion_dag.py
[2025-09-30T21:42:15.110+0000] {processor.py:829} INFO - Processing file /opt/airflow/dags/ingestion_dag.py for tasks to queue
[2025-09-30T21:42:15.113+0000] {logging_mixin.py:151} INFO - [2025-09-30T21:42:15.112+0000] {dagbag.py:536} INFO - Filling up the DagBag from /opt/airflow/dags/ingestion_dag.py
[2025-09-30T21:42:15.148+0000] {processor.py:839} INFO - DAG(s) dict_keys(['ingestion_to_landing']) retrieved from /opt/airflow/dags/ingestion_dag.py
[2025-09-30T21:42:15.212+0000] {logging_mixin.py:151} INFO - [2025-09-30T21:42:15.212+0000] {dag.py:2941} INFO - Sync 1 DAGs
[2025-09-30T21:42:15.268+0000] {logging_mixin.py:151} INFO - [2025-09-30T21:42:15.268+0000] {dag.py:3722} INFO - Setting next_dagrun for ingestion_to_landing to 2025-09-30T21:29:19.059894+00:00, run_after=2025-10-01T21:29:19.059894+00:00
[2025-09-30T21:42:15.326+0000] {processor.py:179} INFO - Processing /opt/airflow/dags/ingestion_dag.py took 0.239 seconds
[2025-09-30T21:42:45.612+0000] {processor.py:157} INFO - Started process (PID=330) to work on /opt/airflow/dags/ingestion_dag.py
[2025-09-30T21:42:45.614+0000] {processor.py:829} INFO - Processing file /opt/airflow/dags/ingestion_dag.py for tasks to queue
[2025-09-30T21:42:45.616+0000] {logging_mixin.py:151} INFO - [2025-09-30T21:42:45.615+0000] {dagbag.py:536} INFO - Filling up the DagBag from /opt/airflow/dags/ingestion_dag.py
[2025-09-30T21:42:45.658+0000] {processor.py:839} INFO - DAG(s) dict_keys(['ingestion_to_landing']) retrieved from /opt/airflow/dags/ingestion_dag.py
[2025-09-30T21:42:45.739+0000] {logging_mixin.py:151} INFO - [2025-09-30T21:42:45.739+0000] {dag.py:2941} INFO - Sync 1 DAGs
[2025-09-30T21:42:45.794+0000] {logging_mixin.py:151} INFO - [2025-09-30T21:42:45.794+0000] {dag.py:3722} INFO - Setting next_dagrun for ingestion_to_landing to 2025-09-30T21:29:19.059894+00:00, run_after=2025-10-01T21:29:19.059894+00:00
[2025-09-30T21:42:45.851+0000] {processor.py:179} INFO - Processing /opt/airflow/dags/ingestion_dag.py took 0.260 seconds
[2025-09-30T21:43:16.069+0000] {processor.py:157} INFO - Started process (PID=335) to work on /opt/airflow/dags/ingestion_dag.py
[2025-09-30T21:43:16.077+0000] {processor.py:829} INFO - Processing file /opt/airflow/dags/ingestion_dag.py for tasks to queue
[2025-09-30T21:43:16.080+0000] {logging_mixin.py:151} INFO - [2025-09-30T21:43:16.079+0000] {dagbag.py:536} INFO - Filling up the DagBag from /opt/airflow/dags/ingestion_dag.py
[2025-09-30T21:43:16.118+0000] {processor.py:839} INFO - DAG(s) dict_keys(['ingestion_to_landing']) retrieved from /opt/airflow/dags/ingestion_dag.py
[2025-09-30T21:43:16.186+0000] {logging_mixin.py:151} INFO - [2025-09-30T21:43:16.185+0000] {dag.py:2941} INFO - Sync 1 DAGs
[2025-09-30T21:43:16.264+0000] {logging_mixin.py:151} INFO - [2025-09-30T21:43:16.263+0000] {dag.py:3722} INFO - Setting next_dagrun for ingestion_to_landing to 2025-09-30T21:29:19.059894+00:00, run_after=2025-10-01T21:29:19.059894+00:00
[2025-09-30T21:43:16.325+0000] {processor.py:179} INFO - Processing /opt/airflow/dags/ingestion_dag.py took 0.265 seconds
[2025-09-30T21:43:46.649+0000] {processor.py:157} INFO - Started process (PID=340) to work on /opt/airflow/dags/ingestion_dag.py
[2025-09-30T21:43:46.652+0000] {processor.py:829} INFO - Processing file /opt/airflow/dags/ingestion_dag.py for tasks to queue
[2025-09-30T21:43:46.655+0000] {logging_mixin.py:151} INFO - [2025-09-30T21:43:46.654+0000] {dagbag.py:536} INFO - Filling up the DagBag from /opt/airflow/dags/ingestion_dag.py
[2025-09-30T21:43:46.701+0000] {processor.py:839} INFO - DAG(s) dict_keys(['ingestion_to_landing']) retrieved from /opt/airflow/dags/ingestion_dag.py
[2025-09-30T21:43:46.779+0000] {logging_mixin.py:151} INFO - [2025-09-30T21:43:46.778+0000] {dag.py:2941} INFO - Sync 1 DAGs
[2025-09-30T21:43:46.842+0000] {logging_mixin.py:151} INFO - [2025-09-30T21:43:46.842+0000] {dag.py:3722} INFO - Setting next_dagrun for ingestion_to_landing to 2025-09-30T21:29:19.059894+00:00, run_after=2025-10-01T21:29:19.059894+00:00
[2025-09-30T21:43:46.889+0000] {processor.py:179} INFO - Processing /opt/airflow/dags/ingestion_dag.py took 0.267 seconds
[2025-09-30T21:44:17.066+0000] {processor.py:157} INFO - Started process (PID=345) to work on /opt/airflow/dags/ingestion_dag.py
[2025-09-30T21:44:17.080+0000] {processor.py:829} INFO - Processing file /opt/airflow/dags/ingestion_dag.py for tasks to queue
[2025-09-30T21:44:17.083+0000] {logging_mixin.py:151} INFO - [2025-09-30T21:44:17.082+0000] {dagbag.py:536} INFO - Filling up the DagBag from /opt/airflow/dags/ingestion_dag.py
[2025-09-30T21:44:17.126+0000] {processor.py:839} INFO - DAG(s) dict_keys(['ingestion_to_landing']) retrieved from /opt/airflow/dags/ingestion_dag.py
[2025-09-30T21:44:17.194+0000] {logging_mixin.py:151} INFO - [2025-09-30T21:44:17.193+0000] {dag.py:2941} INFO - Sync 1 DAGs
[2025-09-30T21:44:17.248+0000] {logging_mixin.py:151} INFO - [2025-09-30T21:44:17.247+0000] {dag.py:3722} INFO - Setting next_dagrun for ingestion_to_landing to 2025-09-30T21:29:19.059894+00:00, run_after=2025-10-01T21:29:19.059894+00:00
[2025-09-30T21:44:17.305+0000] {processor.py:179} INFO - Processing /opt/airflow/dags/ingestion_dag.py took 0.248 seconds
[2025-09-30T21:44:47.636+0000] {processor.py:157} INFO - Started process (PID=350) to work on /opt/airflow/dags/ingestion_dag.py
[2025-09-30T21:44:47.639+0000] {processor.py:829} INFO - Processing file /opt/airflow/dags/ingestion_dag.py for tasks to queue
[2025-09-30T21:44:47.641+0000] {logging_mixin.py:151} INFO - [2025-09-30T21:44:47.640+0000] {dagbag.py:536} INFO - Filling up the DagBag from /opt/airflow/dags/ingestion_dag.py
[2025-09-30T21:44:47.669+0000] {processor.py:839} INFO - DAG(s) dict_keys(['ingestion_to_landing']) retrieved from /opt/airflow/dags/ingestion_dag.py
[2025-09-30T21:44:47.737+0000] {logging_mixin.py:151} INFO - [2025-09-30T21:44:47.737+0000] {dag.py:2941} INFO - Sync 1 DAGs
[2025-09-30T21:44:47.790+0000] {logging_mixin.py:151} INFO - [2025-09-30T21:44:47.789+0000] {dag.py:3722} INFO - Setting next_dagrun for ingestion_to_landing to 2025-09-30T21:29:19.059894+00:00, run_after=2025-10-01T21:29:19.059894+00:00
[2025-09-30T21:44:47.842+0000] {processor.py:179} INFO - Processing /opt/airflow/dags/ingestion_dag.py took 0.215 seconds
[2025-09-30T21:45:18.047+0000] {processor.py:157} INFO - Started process (PID=355) to work on /opt/airflow/dags/ingestion_dag.py
[2025-09-30T21:45:18.062+0000] {processor.py:829} INFO - Processing file /opt/airflow/dags/ingestion_dag.py for tasks to queue
[2025-09-30T21:45:18.065+0000] {logging_mixin.py:151} INFO - [2025-09-30T21:45:18.064+0000] {dagbag.py:536} INFO - Filling up the DagBag from /opt/airflow/dags/ingestion_dag.py
[2025-09-30T21:45:18.091+0000] {processor.py:839} INFO - DAG(s) dict_keys(['ingestion_to_landing']) retrieved from /opt/airflow/dags/ingestion_dag.py
[2025-09-30T21:45:18.150+0000] {logging_mixin.py:151} INFO - [2025-09-30T21:45:18.149+0000] {dag.py:2941} INFO - Sync 1 DAGs
[2025-09-30T21:45:18.200+0000] {logging_mixin.py:151} INFO - [2025-09-30T21:45:18.200+0000] {dag.py:3722} INFO - Setting next_dagrun for ingestion_to_landing to 2025-09-30T21:29:19.059894+00:00, run_after=2025-10-01T21:29:19.059894+00:00
[2025-09-30T21:45:18.258+0000] {processor.py:179} INFO - Processing /opt/airflow/dags/ingestion_dag.py took 0.228 seconds
[2025-09-30T21:45:48.651+0000] {processor.py:157} INFO - Started process (PID=360) to work on /opt/airflow/dags/ingestion_dag.py
[2025-09-30T21:45:48.653+0000] {processor.py:829} INFO - Processing file /opt/airflow/dags/ingestion_dag.py for tasks to queue
[2025-09-30T21:45:48.655+0000] {logging_mixin.py:151} INFO - [2025-09-30T21:45:48.654+0000] {dagbag.py:536} INFO - Filling up the DagBag from /opt/airflow/dags/ingestion_dag.py
[2025-09-30T21:45:48.679+0000] {processor.py:839} INFO - DAG(s) dict_keys(['ingestion_to_landing']) retrieved from /opt/airflow/dags/ingestion_dag.py
[2025-09-30T21:45:48.741+0000] {logging_mixin.py:151} INFO - [2025-09-30T21:45:48.740+0000] {dag.py:2941} INFO - Sync 1 DAGs
[2025-09-30T21:45:48.793+0000] {logging_mixin.py:151} INFO - [2025-09-30T21:45:48.792+0000] {dag.py:3722} INFO - Setting next_dagrun for ingestion_to_landing to 2025-09-30T21:29:19.059894+00:00, run_after=2025-10-01T21:29:19.059894+00:00
[2025-09-30T21:45:48.842+0000] {processor.py:179} INFO - Processing /opt/airflow/dags/ingestion_dag.py took 0.200 seconds
[2025-09-30T21:46:19.024+0000] {processor.py:157} INFO - Started process (PID=365) to work on /opt/airflow/dags/ingestion_dag.py
[2025-09-30T21:46:19.038+0000] {processor.py:829} INFO - Processing file /opt/airflow/dags/ingestion_dag.py for tasks to queue
[2025-09-30T21:46:19.040+0000] {logging_mixin.py:151} INFO - [2025-09-30T21:46:19.040+0000] {dagbag.py:536} INFO - Filling up the DagBag from /opt/airflow/dags/ingestion_dag.py
[2025-09-30T21:46:19.081+0000] {processor.py:839} INFO - DAG(s) dict_keys(['ingestion_to_landing']) retrieved from /opt/airflow/dags/ingestion_dag.py
[2025-09-30T21:46:19.154+0000] {logging_mixin.py:151} INFO - [2025-09-30T21:46:19.152+0000] {dag.py:2941} INFO - Sync 1 DAGs
[2025-09-30T21:46:19.217+0000] {logging_mixin.py:151} INFO - [2025-09-30T21:46:19.217+0000] {dag.py:3722} INFO - Setting next_dagrun for ingestion_to_landing to 2025-09-30T21:29:19.059894+00:00, run_after=2025-10-01T21:29:19.059894+00:00
[2025-09-30T21:46:19.258+0000] {processor.py:179} INFO - Processing /opt/airflow/dags/ingestion_dag.py took 0.251 seconds
[2025-09-30T21:46:49.583+0000] {processor.py:157} INFO - Started process (PID=370) to work on /opt/airflow/dags/ingestion_dag.py
[2025-09-30T21:46:49.587+0000] {processor.py:829} INFO - Processing file /opt/airflow/dags/ingestion_dag.py for tasks to queue
[2025-09-30T21:46:49.590+0000] {logging_mixin.py:151} INFO - [2025-09-30T21:46:49.589+0000] {dagbag.py:536} INFO - Filling up the DagBag from /opt/airflow/dags/ingestion_dag.py
[2025-09-30T21:46:49.635+0000] {processor.py:839} INFO - DAG(s) dict_keys(['ingestion_to_landing']) retrieved from /opt/airflow/dags/ingestion_dag.py
[2025-09-30T21:46:49.701+0000] {logging_mixin.py:151} INFO - [2025-09-30T21:46:49.700+0000] {dag.py:2941} INFO - Sync 1 DAGs
[2025-09-30T21:46:49.801+0000] {logging_mixin.py:151} INFO - [2025-09-30T21:46:49.801+0000] {dag.py:3722} INFO - Setting next_dagrun for ingestion_to_landing to 2025-09-30T21:29:19.059894+00:00, run_after=2025-10-01T21:29:19.059894+00:00
[2025-09-30T21:46:49.859+0000] {processor.py:179} INFO - Processing /opt/airflow/dags/ingestion_dag.py took 0.294 seconds
[2025-09-30T21:47:19.968+0000] {processor.py:157} INFO - Started process (PID=375) to work on /opt/airflow/dags/ingestion_dag.py
[2025-09-30T21:47:19.981+0000] {processor.py:829} INFO - Processing file /opt/airflow/dags/ingestion_dag.py for tasks to queue
[2025-09-30T21:47:19.983+0000] {logging_mixin.py:151} INFO - [2025-09-30T21:47:19.982+0000] {dagbag.py:536} INFO - Filling up the DagBag from /opt/airflow/dags/ingestion_dag.py
[2025-09-30T21:47:20.012+0000] {processor.py:839} INFO - DAG(s) dict_keys(['ingestion_to_landing']) retrieved from /opt/airflow/dags/ingestion_dag.py
[2025-09-30T21:47:20.077+0000] {logging_mixin.py:151} INFO - [2025-09-30T21:47:20.076+0000] {dag.py:2941} INFO - Sync 1 DAGs
[2025-09-30T21:47:20.131+0000] {logging_mixin.py:151} INFO - [2025-09-30T21:47:20.130+0000] {dag.py:3722} INFO - Setting next_dagrun for ingestion_to_landing to 2025-09-30T21:29:19.059894+00:00, run_after=2025-10-01T21:29:19.059894+00:00
[2025-09-30T21:47:20.176+0000] {processor.py:179} INFO - Processing /opt/airflow/dags/ingestion_dag.py took 0.228 seconds
[2025-09-30T21:47:50.345+0000] {processor.py:157} INFO - Started process (PID=380) to work on /opt/airflow/dags/ingestion_dag.py
[2025-09-30T21:47:50.347+0000] {processor.py:829} INFO - Processing file /opt/airflow/dags/ingestion_dag.py for tasks to queue
[2025-09-30T21:47:50.351+0000] {logging_mixin.py:151} INFO - [2025-09-30T21:47:50.349+0000] {dagbag.py:536} INFO - Filling up the DagBag from /opt/airflow/dags/ingestion_dag.py
[2025-09-30T21:47:50.376+0000] {processor.py:839} INFO - DAG(s) dict_keys(['ingestion_to_landing']) retrieved from /opt/airflow/dags/ingestion_dag.py
[2025-09-30T21:47:50.435+0000] {logging_mixin.py:151} INFO - [2025-09-30T21:47:50.434+0000] {dag.py:2941} INFO - Sync 1 DAGs
[2025-09-30T21:47:50.494+0000] {logging_mixin.py:151} INFO - [2025-09-30T21:47:50.493+0000] {dag.py:3722} INFO - Setting next_dagrun for ingestion_to_landing to 2025-09-30T21:29:19.059894+00:00, run_after=2025-10-01T21:29:19.059894+00:00
[2025-09-30T21:47:50.536+0000] {processor.py:179} INFO - Processing /opt/airflow/dags/ingestion_dag.py took 0.199 seconds
[2025-09-30T21:48:20.924+0000] {processor.py:157} INFO - Started process (PID=385) to work on /opt/airflow/dags/ingestion_dag.py
[2025-09-30T21:48:20.933+0000] {processor.py:829} INFO - Processing file /opt/airflow/dags/ingestion_dag.py for tasks to queue
[2025-09-30T21:48:20.935+0000] {logging_mixin.py:151} INFO - [2025-09-30T21:48:20.934+0000] {dagbag.py:536} INFO - Filling up the DagBag from /opt/airflow/dags/ingestion_dag.py
[2025-09-30T21:48:20.966+0000] {processor.py:839} INFO - DAG(s) dict_keys(['ingestion_to_landing']) retrieved from /opt/airflow/dags/ingestion_dag.py
[2025-09-30T21:48:21.034+0000] {logging_mixin.py:151} INFO - [2025-09-30T21:48:21.033+0000] {dag.py:2941} INFO - Sync 1 DAGs
[2025-09-30T21:48:21.087+0000] {logging_mixin.py:151} INFO - [2025-09-30T21:48:21.087+0000] {dag.py:3722} INFO - Setting next_dagrun for ingestion_to_landing to 2025-09-30T21:29:19.059894+00:00, run_after=2025-10-01T21:29:19.059894+00:00
[2025-09-30T21:48:21.140+0000] {processor.py:179} INFO - Processing /opt/airflow/dags/ingestion_dag.py took 0.229 seconds
[2025-09-30T22:32:19.249+0000] {processor.py:157} INFO - Started process (PID=391) to work on /opt/airflow/dags/ingestion_dag.py
[2025-09-30T22:32:19.346+0000] {processor.py:829} INFO - Processing file /opt/airflow/dags/ingestion_dag.py for tasks to queue
[2025-09-30T22:32:19.355+0000] {logging_mixin.py:151} INFO - [2025-09-30T22:32:19.353+0000] {dagbag.py:536} INFO - Filling up the DagBag from /opt/airflow/dags/ingestion_dag.py
[2025-09-30T22:32:19.551+0000] {processor.py:839} INFO - DAG(s) dict_keys(['ingestion_to_landing']) retrieved from /opt/airflow/dags/ingestion_dag.py
[2025-09-30T22:32:23.207+0000] {logging_mixin.py:151} INFO - [2025-09-30T22:32:23.129+0000] {dag.py:2941} INFO - Sync 1 DAGs
[2025-09-30T22:32:24.485+0000] {logging_mixin.py:151} INFO - [2025-09-30T22:32:24.430+0000] {dag.py:3722} INFO - Setting next_dagrun for ingestion_to_landing to 2025-09-30T21:29:19.059894+00:00, run_after=2025-10-01T21:29:19.059894+00:00
[2025-09-30T22:32:25.151+0000] {processor.py:179} INFO - Processing /opt/airflow/dags/ingestion_dag.py took 5.916 seconds
[2025-09-30T22:32:57.573+0000] {processor.py:157} INFO - Started process (PID=396) to work on /opt/airflow/dags/ingestion_dag.py
[2025-09-30T22:32:58.099+0000] {processor.py:829} INFO - Processing file /opt/airflow/dags/ingestion_dag.py for tasks to queue
[2025-09-30T22:32:58.116+0000] {logging_mixin.py:151} INFO - [2025-09-30T22:32:58.114+0000] {dagbag.py:536} INFO - Filling up the DagBag from /opt/airflow/dags/ingestion_dag.py
[2025-09-30T22:32:58.252+0000] {processor.py:839} INFO - DAG(s) dict_keys(['ingestion_to_landing']) retrieved from /opt/airflow/dags/ingestion_dag.py
[2025-09-30T22:33:00.898+0000] {logging_mixin.py:151} INFO - [2025-09-30T22:33:00.896+0000] {dag.py:2941} INFO - Sync 1 DAGs
[2025-09-30T22:33:01.352+0000] {logging_mixin.py:151} INFO - [2025-09-30T22:33:01.351+0000] {dag.py:3722} INFO - Setting next_dagrun for ingestion_to_landing to 2025-09-30T21:29:19.059894+00:00, run_after=2025-10-01T21:29:19.059894+00:00
[2025-09-30T22:33:02.275+0000] {processor.py:179} INFO - Processing /opt/airflow/dags/ingestion_dag.py took 4.975 seconds
[2025-09-30T22:33:33.002+0000] {processor.py:157} INFO - Started process (PID=401) to work on /opt/airflow/dags/ingestion_dag.py
[2025-09-30T22:33:33.035+0000] {processor.py:829} INFO - Processing file /opt/airflow/dags/ingestion_dag.py for tasks to queue
[2025-09-30T22:33:33.044+0000] {logging_mixin.py:151} INFO - [2025-09-30T22:33:33.042+0000] {dagbag.py:536} INFO - Filling up the DagBag from /opt/airflow/dags/ingestion_dag.py
[2025-09-30T22:33:33.136+0000] {processor.py:839} INFO - DAG(s) dict_keys(['ingestion_to_landing']) retrieved from /opt/airflow/dags/ingestion_dag.py
[2025-09-30T22:33:33.509+0000] {logging_mixin.py:151} INFO - [2025-09-30T22:33:33.508+0000] {dag.py:2941} INFO - Sync 1 DAGs
[2025-09-30T22:33:33.814+0000] {logging_mixin.py:151} INFO - [2025-09-30T22:33:33.813+0000] {dag.py:3722} INFO - Setting next_dagrun for ingestion_to_landing to 2025-09-30T21:29:19.059894+00:00, run_after=2025-10-01T21:29:19.059894+00:00
[2025-09-30T22:33:34.020+0000] {processor.py:179} INFO - Processing /opt/airflow/dags/ingestion_dag.py took 1.042 seconds
